build time -- 2021-04-23 06:22:38
20210423 064355.576 INFO             PET0 !!!!!!!!!!!!!!!!!!!!!!!!!!!!!!!!!!!!!!!!!!!!!!!!!!!!!!
20210423 064355.576 INFO             PET0 !!! THE ESMF_LOG IS SET TO OUTPUT ALL LOG MESSAGES !!!
20210423 064355.576 INFO             PET0 !!!     THIS MAY CAUSE SLOWDOWN IN PERFORMANCE     !!!
20210423 064355.576 INFO             PET0 !!! FOR PRODUCTION RUNS, USE:                      !!!
20210423 064355.576 INFO             PET0 !!!                   ESMF_LOGKIND_Multi_On_Error  !!!
20210423 064355.576 INFO             PET0 !!!!!!!!!!!!!!!!!!!!!!!!!!!!!!!!!!!!!!!!!!!!!!!!!!!!!!
20210423 064355.576 INFO             PET0 Running with ESMF Version   : ESMF_8_2_0_beta_snapshot_05-2-g3f3d15a
20210423 064355.577 INFO             PET0 ESMF library build date/time: "Apr 23 2021" "06:21:34"
20210423 064355.577 INFO             PET0 ESMF library build location : /p/work1/mpotts/gfortran_9.2.0_mpiuni_g_develop
20210423 064355.577 INFO             PET0 ESMF_COMM                   : mpiuni
20210423 064355.577 INFO             PET0 ESMF_MOAB                   : enabled
20210423 064355.577 INFO             PET0 ESMF_LAPACK                 : enabled
20210423 064355.577 INFO             PET0 ESMF_NETCDF                 : disabled
20210423 064355.577 INFO             PET0 ESMF_PNETCDF                : disabled
20210423 064355.577 INFO             PET0 ESMF_PIO                    : disabled
20210423 064355.577 INFO             PET0 ESMF_YAMLCPP                : enabled
20210423 064355.577 INFO             PET0 ESMF Tracing Enabled
20210423 064355.577 INFO             PET0 ESMF Profiling Enabled
20210423 064355.577 INFO             PET0 ESMF Trace/Profile clock: REALTIME
20210423 064355.579 INFO             PET0  NUMBER_OF_PROCESSORS           1
20210423 064355.579 INFO             PET0  PASS  Example ESMF_TraceUserEx, ESMF_TraceUserEx.F90, line 125
20210423 064355.579 INFO             PET0 Finalizing ESMF
20210423 064355.579 INFO             PET0 **************** Region Timings *******************
20210423 064355.579 INFO             PET0 Region              Count  Total (s)   Self (s)    Mean (s)    Min (s)     Max (s)
20210423 064355.579 INFO             PET0   outer_region      1      0.0004      0.0000      0.0004      0.0004      0.0004
20210423 064355.579 INFO             PET0     inner_region_1  10     0.0002      0.0002      0.0000      0.0000      0.0000
20210423 064355.579 INFO             PET0     inner_region_2  10     0.0001      0.0001      0.0000      0.0000      0.0000
