build time -- 2021-04-27 00:41:14
20210427 011352.926 INFO             PET0 !!!!!!!!!!!!!!!!!!!!!!!!!!!!!!!!!!!!!!!!!!!!!!!!!!!!!!
20210427 011352.926 INFO             PET0 !!! THE ESMF_LOG IS SET TO OUTPUT ALL LOG MESSAGES !!!
20210427 011352.926 INFO             PET0 !!!     THIS MAY CAUSE SLOWDOWN IN PERFORMANCE     !!!
20210427 011352.926 INFO             PET0 !!! FOR PRODUCTION RUNS, USE:                      !!!
20210427 011352.926 INFO             PET0 !!!                   ESMF_LOGKIND_Multi_On_Error  !!!
20210427 011352.926 INFO             PET0 !!!!!!!!!!!!!!!!!!!!!!!!!!!!!!!!!!!!!!!!!!!!!!!!!!!!!!
20210427 011352.926 INFO             PET0 Running with ESMF Version   : 8.2.0 beta snapshot
20210427 011352.926 INFO             PET0 ESMF library build date/time: "Apr 27 2021" "00:39:26"
20210427 011352.926 INFO             PET0 ESMF library build location : /lustre/f2/dev/ncep/Mark.Potts/intel_2019.5_mpi_O_develop
20210427 011352.926 INFO             PET0 ESMF_COMM                   : mpi
20210427 011352.927 INFO             PET0 ESMF_MOAB                   : enabled
20210427 011352.927 INFO             PET0 ESMF_LAPACK                 : enabled
20210427 011352.927 INFO             PET0 ESMF_NETCDF                 : enabled
20210427 011352.927 INFO             PET0 ESMF_PNETCDF                : disabled
20210427 011352.927 INFO             PET0 ESMF_PIO                    : enabled
20210427 011352.927 INFO             PET0 ESMF_YAMLCPP                : enabled
20210427 011352.927 INFO             PET0  NUMBER_OF_PROCESSORS           4
20210427 011352.927 INFO             PET0  PASS  Example ESMF_VMUserMpiCommMultiEx, ESMF_VMUserMpiCommMultiEx.F90, line 126
20210427 011352.927 INFO             PET0 Finalizing ESMF
20210427 011352.922 INFO             PET0 !!!!!!!!!!!!!!!!!!!!!!!!!!!!!!!!!!!!!!!!!!!!!!!!!!!!!!
20210427 011352.922 INFO             PET0 !!! THE ESMF_LOG IS SET TO OUTPUT ALL LOG MESSAGES !!!
20210427 011352.922 INFO             PET0 !!!     THIS MAY CAUSE SLOWDOWN IN PERFORMANCE     !!!
20210427 011352.922 INFO             PET0 !!! FOR PRODUCTION RUNS, USE:                      !!!
20210427 011352.922 INFO             PET0 !!!                   ESMF_LOGKIND_Multi_On_Error  !!!
20210427 011352.922 INFO             PET0 !!!!!!!!!!!!!!!!!!!!!!!!!!!!!!!!!!!!!!!!!!!!!!!!!!!!!!
20210427 011352.922 INFO             PET0 Running with ESMF Version   : 8.2.0 beta snapshot
20210427 011352.922 INFO             PET0 ESMF library build date/time: "Apr 27 2021" "00:39:26"
20210427 011352.922 INFO             PET0 ESMF library build location : /lustre/f2/dev/ncep/Mark.Potts/intel_2019.5_mpi_O_develop
20210427 011352.922 INFO             PET0 ESMF_COMM                   : mpi
20210427 011352.923 INFO             PET0 ESMF_MOAB                   : enabled
20210427 011352.923 INFO             PET0 ESMF_LAPACK                 : enabled
20210427 011352.923 INFO             PET0 ESMF_NETCDF                 : enabled
20210427 011352.923 INFO             PET0 ESMF_PNETCDF                : disabled
20210427 011352.923 INFO             PET0 ESMF_PIO                    : enabled
20210427 011352.923 INFO             PET0 ESMF_YAMLCPP                : enabled
20210427 011352.929 INFO             PET0  NUMBER_OF_PROCESSORS           4
20210427 011352.929 INFO             PET0  PASS  Example ESMF_VMUserMpiCommMultiEx, ESMF_VMUserMpiCommMultiEx.F90, line 154
20210427 011352.929 INFO             PET0 Finalizing ESMF
20210427 011352.916 INFO             PET1 !!!!!!!!!!!!!!!!!!!!!!!!!!!!!!!!!!!!!!!!!!!!!!!!!!!!!!
20210427 011352.916 INFO             PET1 !!! THE ESMF_LOG IS SET TO OUTPUT ALL LOG MESSAGES !!!
20210427 011352.916 INFO             PET1 !!!     THIS MAY CAUSE SLOWDOWN IN PERFORMANCE     !!!
20210427 011352.916 INFO             PET1 !!! FOR PRODUCTION RUNS, USE:                      !!!
20210427 011352.916 INFO             PET1 !!!                   ESMF_LOGKIND_Multi_On_Error  !!!
20210427 011352.916 INFO             PET1 !!!!!!!!!!!!!!!!!!!!!!!!!!!!!!!!!!!!!!!!!!!!!!!!!!!!!!
20210427 011352.916 INFO             PET1 Running with ESMF Version   : 8.2.0 beta snapshot
20210427 011352.916 INFO             PET1 ESMF library build date/time: "Apr 27 2021" "00:39:26"
20210427 011352.916 INFO             PET1 ESMF library build location : /lustre/f2/dev/ncep/Mark.Potts/intel_2019.5_mpi_O_develop
20210427 011352.917 INFO             PET1 ESMF_COMM                   : mpi
20210427 011352.917 INFO             PET1 ESMF_MOAB                   : enabled
20210427 011352.917 INFO             PET1 ESMF_LAPACK                 : enabled
20210427 011352.917 INFO             PET1 ESMF_NETCDF                 : enabled
20210427 011352.917 INFO             PET1 ESMF_PNETCDF                : disabled
20210427 011352.917 INFO             PET1 ESMF_PIO                    : enabled
20210427 011352.917 INFO             PET1 ESMF_YAMLCPP                : enabled
20210427 011352.927 INFO             PET1  NUMBER_OF_PROCESSORS           4
20210427 011352.927 INFO             PET1  PASS  Example ESMF_VMUserMpiCommMultiEx, ESMF_VMUserMpiCommMultiEx.F90, line 126
20210427 011352.927 INFO             PET1 Finalizing ESMF
20210427 011352.927 INFO             PET1 !!!!!!!!!!!!!!!!!!!!!!!!!!!!!!!!!!!!!!!!!!!!!!!!!!!!!!
20210427 011352.927 INFO             PET1 !!! THE ESMF_LOG IS SET TO OUTPUT ALL LOG MESSAGES !!!
20210427 011352.927 INFO             PET1 !!!     THIS MAY CAUSE SLOWDOWN IN PERFORMANCE     !!!
20210427 011352.927 INFO             PET1 !!! FOR PRODUCTION RUNS, USE:                      !!!
20210427 011352.927 INFO             PET1 !!!                   ESMF_LOGKIND_Multi_On_Error  !!!
20210427 011352.927 INFO             PET1 !!!!!!!!!!!!!!!!!!!!!!!!!!!!!!!!!!!!!!!!!!!!!!!!!!!!!!
20210427 011352.927 INFO             PET1 Running with ESMF Version   : 8.2.0 beta snapshot
20210427 011352.927 INFO             PET1 ESMF library build date/time: "Apr 27 2021" "00:39:26"
20210427 011352.927 INFO             PET1 ESMF library build location : /lustre/f2/dev/ncep/Mark.Potts/intel_2019.5_mpi_O_develop
20210427 011352.927 INFO             PET1 ESMF_COMM                   : mpi
20210427 011352.928 INFO             PET1 ESMF_MOAB                   : enabled
20210427 011352.928 INFO             PET1 ESMF_LAPACK                 : enabled
20210427 011352.928 INFO             PET1 ESMF_NETCDF                 : enabled
20210427 011352.928 INFO             PET1 ESMF_PNETCDF                : disabled
20210427 011352.928 INFO             PET1 ESMF_PIO                    : enabled
20210427 011352.928 INFO             PET1 ESMF_YAMLCPP                : enabled
20210427 011352.929 INFO             PET1  NUMBER_OF_PROCESSORS           4
20210427 011352.929 INFO             PET1  PASS  Example ESMF_VMUserMpiCommMultiEx, ESMF_VMUserMpiCommMultiEx.F90, line 154
20210427 011352.929 INFO             PET1 Finalizing ESMF
