build time -- 2021-04-23 16:40:03
 localPET=           3  localDE=           0 : array(           1 ,           1 )=   9.2845132368500389E-317
 localPET=           3  localDE=           0 : array(           1 ,           2 )=   0.0000000000000000     
 localPET=           3  localDE=           0 : array(           2 ,           1 )=   2.3190659993068674E-310
 localPET=           3  localDE=           0 : array(           2 ,           2 )=   9.6151873280223360E-310
 localPET=           1  localDE=           0 : array(           1 ,           1 )=   1.8907686735035835E-316
 localPET=           1  localDE=           0 : array(           1 ,           2 )=   2.1219957914593380E-314
 localPET=           1  localDE=           0 : array(           2 ,           1 )=   2.3717876723437681E-310
 localPET=           1  localDE=           0 : array(           2 ,           2 )=   2.1219957914593380E-314
 localPET=           1  localDE=           1 : array(           1 ,           1 )=   1.8934318849609262E-316
 localPET=           1  localDE=           1 : array(           2 ,           1 )=   2.3717876723429776E-310
 localPET=           0  localDE=           0 : array(           1 ,           1 )=   0.0000000000000000     
 localPET=           2  localDE=           0 : array(           1 ,           1 )=   0.0000000000000000     
 localPET=           0  localDE=           0 : array(           1 ,           2 )=   4.2439915829186759E-314
 localPET=           0  localDE=           0 : array(           2 ,           1 )=   4.2439915829186759E-314
 localPET=           0  localDE=           0 : array(           2 ,           2 )=   2.1219957924474693E-314
 localPET=           0  localDE=           0 : array(           3 ,           1 )=   4.2439915834127416E-314
 localPET=           0  localDE=           0 : array(           3 ,           2 )=   2.1219957919534036E-314
 localPET=           0  localDE=           1 : array(           1 ,           1 )=   1.7213081095052027E-316
 localPET=           0  localDE=           1 : array(           2 ,           1 )=   1.7421640037999701E-316
 localPET=           0  localDE=           1 : array(           3 ,           1 )=   1.5810100666919889E-322
 localPET=           2  localDE=           0 : array(           1 ,           2 )=   8.4879831663314175E-314
 localPET=           2  localDE=           0 : array(           2 ,           1 )=   4.2439915844008729E-314
 localPET=           2  localDE=           0 : array(           2 ,           2 )=   1.0609978956308559E-313
 localPET=           2  localDE=           0 : array(           3 ,           1 )=   8.4879831653432862E-314
 localPET=           2  localDE=           0 : array(           3 ,           2 )=   1.0609978957296690E-313
 localPet:            3 DE            3  [           1           2 ]
 localPet:            1 DE            1  [           1           2 ]
 localPet:            1 DE            5  [           1           2 ]
 localPet:            0 DE            0  [           1           3 ]
 localPet:            0 DE            4  [           1           3 ]
 localPet:            2 DE            2  [           1           3 ]
  PASS  Example ESMF_ArrayEx, ESMF_ArrayEx.F90, line 1899
 PASS: ESMF_ArrayEx.F90
  PASS  Example ESMF_ArrayEx, ESMF_ArrayEx.F90, line 1899
 PASS: ESMF_ArrayEx.F90
  PASS  Example ESMF_ArrayEx, ESMF_ArrayEx.F90, line 1899
 PASS: ESMF_ArrayEx.F90
  PASS  Example ESMF_ArrayEx, ESMF_ArrayEx.F90, line 1899
 PASS: ESMF_ArrayEx.F90
