build time -- 2021-04-25 06:53:06
20210425 070848.295 INFO             PET0 !!!!!!!!!!!!!!!!!!!!!!!!!!!!!!!!!!!!!!!!!!!!!!!!!!!!!!
20210425 070848.295 INFO             PET0 !!! THE ESMF_LOG IS SET TO OUTPUT ALL LOG MESSAGES !!!
20210425 070848.295 INFO             PET0 !!!     THIS MAY CAUSE SLOWDOWN IN PERFORMANCE     !!!
20210425 070848.295 INFO             PET0 !!! FOR PRODUCTION RUNS, USE:                      !!!
20210425 070848.295 INFO             PET0 !!!                   ESMF_LOGKIND_Multi_On_Error  !!!
20210425 070848.295 INFO             PET0 !!!!!!!!!!!!!!!!!!!!!!!!!!!!!!!!!!!!!!!!!!!!!!!!!!!!!!
20210425 070848.295 INFO             PET0 Running with ESMF Version   : ESMF_8_2_0_beta_snapshot_05-4-g394ef51
20210425 070848.295 INFO             PET0 ESMF library build date/time: "Apr 25 2021" "06:52:12"
20210425 070848.295 INFO             PET0 ESMF library build location : /p/work1/mpotts/gfortran_7.3.0_mpt_O_develop
20210425 070848.295 INFO             PET0 ESMF_COMM                   : mpt
20210425 070848.296 INFO             PET0 ESMF_MOAB                   : enabled
20210425 070848.296 INFO             PET0 ESMF_LAPACK                 : enabled
20210425 070848.296 INFO             PET0 ESMF_NETCDF                 : enabled
20210425 070848.296 INFO             PET0 ESMF_PNETCDF                : disabled
20210425 070848.296 INFO             PET0 ESMF_PIO                    : enabled
20210425 070848.296 INFO             PET0 ESMF_YAMLCPP                : enabled
20210425 070848.298 INFO             PET0  NUMBER_OF_PROCESSORS           1
20210425 070848.298 INFO             PET0  PASS  Example ESMF_XGridSparseMatEx, ESMF_XGridSparseMatEx.F90, line 642
20210425 070848.298 INFO             PET0 Finalizing ESMF
20210425 070848.295 INFO             PET0 !!!!!!!!!!!!!!!!!!!!!!!!!!!!!!!!!!!!!!!!!!!!!!!!!!!!!!
20210425 070848.295 INFO             PET0 !!! THE ESMF_LOG IS SET TO OUTPUT ALL LOG MESSAGES !!!
20210425 070848.295 INFO             PET0 !!!     THIS MAY CAUSE SLOWDOWN IN PERFORMANCE     !!!
20210425 070848.295 INFO             PET0 !!! FOR PRODUCTION RUNS, USE:                      !!!
20210425 070848.295 INFO             PET0 !!!                   ESMF_LOGKIND_Multi_On_Error  !!!
20210425 070848.295 INFO             PET0 !!!!!!!!!!!!!!!!!!!!!!!!!!!!!!!!!!!!!!!!!!!!!!!!!!!!!!
20210425 070848.295 INFO             PET0 Running with ESMF Version   : ESMF_8_2_0_beta_snapshot_05-4-g394ef51
20210425 070848.295 INFO             PET0 ESMF library build date/time: "Apr 25 2021" "06:52:12"
20210425 070848.295 INFO             PET0 ESMF library build location : /p/work1/mpotts/gfortran_7.3.0_mpt_O_develop
20210425 070848.295 INFO             PET0 ESMF_COMM                   : mpt
20210425 070848.296 INFO             PET0 ESMF_MOAB                   : enabled
20210425 070848.296 INFO             PET0 ESMF_LAPACK                 : enabled
20210425 070848.296 INFO             PET0 ESMF_NETCDF                 : enabled
20210425 070848.296 INFO             PET0 ESMF_PNETCDF                : disabled
20210425 070848.296 INFO             PET0 ESMF_PIO                    : enabled
20210425 070848.296 INFO             PET0 ESMF_YAMLCPP                : enabled
20210425 070848.298 INFO             PET0  NUMBER_OF_PROCESSORS           1
20210425 070848.298 INFO             PET0  PASS  Example ESMF_XGridSparseMatEx, ESMF_XGridSparseMatEx.F90, line 642
20210425 070848.298 INFO             PET0 Finalizing ESMF
