build time -- 2021-04-25 00:42:32
20210425 011706.744 INFO             PET0 !!!!!!!!!!!!!!!!!!!!!!!!!!!!!!!!!!!!!!!!!!!!!!!!!!!!!!
20210425 011706.744 INFO             PET0 !!! THE ESMF_LOG IS SET TO OUTPUT ALL LOG MESSAGES !!!
20210425 011706.744 INFO             PET0 !!!     THIS MAY CAUSE SLOWDOWN IN PERFORMANCE     !!!
20210425 011706.744 INFO             PET0 !!! FOR PRODUCTION RUNS, USE:                      !!!
20210425 011706.744 INFO             PET0 !!!                   ESMF_LOGKIND_Multi_On_Error  !!!
20210425 011706.744 INFO             PET0 !!!!!!!!!!!!!!!!!!!!!!!!!!!!!!!!!!!!!!!!!!!!!!!!!!!!!!
20210425 011706.744 INFO             PET0 Running with ESMF Version   : 8.2.0 beta snapshot
20210425 011706.744 INFO             PET0 ESMF library build date/time: "Apr 25 2021" "00:40:40"
20210425 011706.744 INFO             PET0 ESMF library build location : /lustre/f2/dev/ncep/Mark.Potts/intel_2019.5_mpi_g_develop
20210425 011706.744 INFO             PET0 ESMF_COMM                   : mpi
20210425 011706.745 INFO             PET0 ESMF_MOAB                   : enabled
20210425 011706.745 INFO             PET0 ESMF_LAPACK                 : enabled
20210425 011706.745 INFO             PET0 ESMF_NETCDF                 : enabled
20210425 011706.745 INFO             PET0 ESMF_PNETCDF                : disabled
20210425 011706.745 INFO             PET0 ESMF_PIO                    : enabled
20210425 011706.745 INFO             PET0 ESMF_YAMLCPP                : enabled
20210425 011706.746 INFO             PET0  NUMBER_OF_PROCESSORS           4
20210425 011706.746 INFO             PET0  PASS  Example ESMF_ArrayLarrayEx, ESMF_ArrayLarrayEx.F90, line 325
20210425 011706.746 INFO             PET0 Finalizing ESMF
20210425 011706.743 INFO             PET1 !!!!!!!!!!!!!!!!!!!!!!!!!!!!!!!!!!!!!!!!!!!!!!!!!!!!!!
20210425 011706.743 INFO             PET1 !!! THE ESMF_LOG IS SET TO OUTPUT ALL LOG MESSAGES !!!
20210425 011706.743 INFO             PET1 !!!     THIS MAY CAUSE SLOWDOWN IN PERFORMANCE     !!!
20210425 011706.743 INFO             PET1 !!! FOR PRODUCTION RUNS, USE:                      !!!
20210425 011706.743 INFO             PET1 !!!                   ESMF_LOGKIND_Multi_On_Error  !!!
20210425 011706.743 INFO             PET1 !!!!!!!!!!!!!!!!!!!!!!!!!!!!!!!!!!!!!!!!!!!!!!!!!!!!!!
20210425 011706.743 INFO             PET1 Running with ESMF Version   : 8.2.0 beta snapshot
20210425 011706.743 INFO             PET1 ESMF library build date/time: "Apr 25 2021" "00:40:40"
20210425 011706.743 INFO             PET1 ESMF library build location : /lustre/f2/dev/ncep/Mark.Potts/intel_2019.5_mpi_g_develop
20210425 011706.743 INFO             PET1 ESMF_COMM                   : mpi
20210425 011706.744 INFO             PET1 ESMF_MOAB                   : enabled
20210425 011706.744 INFO             PET1 ESMF_LAPACK                 : enabled
20210425 011706.744 INFO             PET1 ESMF_NETCDF                 : enabled
20210425 011706.744 INFO             PET1 ESMF_PNETCDF                : disabled
20210425 011706.744 INFO             PET1 ESMF_PIO                    : enabled
20210425 011706.744 INFO             PET1 ESMF_YAMLCPP                : enabled
20210425 011706.746 INFO             PET1  NUMBER_OF_PROCESSORS           4
20210425 011706.746 INFO             PET1  PASS  Example ESMF_ArrayLarrayEx, ESMF_ArrayLarrayEx.F90, line 325
20210425 011706.746 INFO             PET1 Finalizing ESMF
20210425 011706.740 INFO             PET2 !!!!!!!!!!!!!!!!!!!!!!!!!!!!!!!!!!!!!!!!!!!!!!!!!!!!!!
20210425 011706.740 INFO             PET2 !!! THE ESMF_LOG IS SET TO OUTPUT ALL LOG MESSAGES !!!
20210425 011706.740 INFO             PET2 !!!     THIS MAY CAUSE SLOWDOWN IN PERFORMANCE     !!!
20210425 011706.740 INFO             PET2 !!! FOR PRODUCTION RUNS, USE:                      !!!
20210425 011706.740 INFO             PET2 !!!                   ESMF_LOGKIND_Multi_On_Error  !!!
20210425 011706.740 INFO             PET2 !!!!!!!!!!!!!!!!!!!!!!!!!!!!!!!!!!!!!!!!!!!!!!!!!!!!!!
20210425 011706.740 INFO             PET2 Running with ESMF Version   : 8.2.0 beta snapshot
20210425 011706.740 INFO             PET2 ESMF library build date/time: "Apr 25 2021" "00:40:40"
20210425 011706.740 INFO             PET2 ESMF library build location : /lustre/f2/dev/ncep/Mark.Potts/intel_2019.5_mpi_g_develop
20210425 011706.740 INFO             PET2 ESMF_COMM                   : mpi
20210425 011706.741 INFO             PET2 ESMF_MOAB                   : enabled
20210425 011706.741 INFO             PET2 ESMF_LAPACK                 : enabled
20210425 011706.741 INFO             PET2 ESMF_NETCDF                 : enabled
20210425 011706.741 INFO             PET2 ESMF_PNETCDF                : disabled
20210425 011706.741 INFO             PET2 ESMF_PIO                    : enabled
20210425 011706.741 INFO             PET2 ESMF_YAMLCPP                : enabled
20210425 011706.746 INFO             PET2  NUMBER_OF_PROCESSORS           4
20210425 011706.746 INFO             PET2  PASS  Example ESMF_ArrayLarrayEx, ESMF_ArrayLarrayEx.F90, line 325
20210425 011706.746 INFO             PET2 Finalizing ESMF
20210425 011706.734 INFO             PET3 !!!!!!!!!!!!!!!!!!!!!!!!!!!!!!!!!!!!!!!!!!!!!!!!!!!!!!
20210425 011706.734 INFO             PET3 !!! THE ESMF_LOG IS SET TO OUTPUT ALL LOG MESSAGES !!!
20210425 011706.734 INFO             PET3 !!!     THIS MAY CAUSE SLOWDOWN IN PERFORMANCE     !!!
20210425 011706.734 INFO             PET3 !!! FOR PRODUCTION RUNS, USE:                      !!!
20210425 011706.734 INFO             PET3 !!!                   ESMF_LOGKIND_Multi_On_Error  !!!
20210425 011706.734 INFO             PET3 !!!!!!!!!!!!!!!!!!!!!!!!!!!!!!!!!!!!!!!!!!!!!!!!!!!!!!
20210425 011706.734 INFO             PET3 Running with ESMF Version   : 8.2.0 beta snapshot
20210425 011706.734 INFO             PET3 ESMF library build date/time: "Apr 25 2021" "00:40:40"
20210425 011706.734 INFO             PET3 ESMF library build location : /lustre/f2/dev/ncep/Mark.Potts/intel_2019.5_mpi_g_develop
20210425 011706.734 INFO             PET3 ESMF_COMM                   : mpi
20210425 011706.735 INFO             PET3 ESMF_MOAB                   : enabled
20210425 011706.735 INFO             PET3 ESMF_LAPACK                 : enabled
20210425 011706.735 INFO             PET3 ESMF_NETCDF                 : enabled
20210425 011706.735 INFO             PET3 ESMF_PNETCDF                : disabled
20210425 011706.735 INFO             PET3 ESMF_PIO                    : enabled
20210425 011706.735 INFO             PET3 ESMF_YAMLCPP                : enabled
20210425 011706.746 INFO             PET3  NUMBER_OF_PROCESSORS           4
20210425 011706.746 INFO             PET3  PASS  Example ESMF_ArrayLarrayEx, ESMF_ArrayLarrayEx.F90, line 325
20210425 011706.746 INFO             PET3 Finalizing ESMF
