build time -- 2021-04-23 09:06:45
20210423 094542.359 INFO             PET0 !!!!!!!!!!!!!!!!!!!!!!!!!!!!!!!!!!!!!!!!!!!!!!!!!!!!!!
20210423 094542.359 INFO             PET0 !!! THE ESMF_LOG IS SET TO OUTPUT ALL LOG MESSAGES !!!
20210423 094542.359 INFO             PET0 !!!     THIS MAY CAUSE SLOWDOWN IN PERFORMANCE     !!!
20210423 094542.359 INFO             PET0 !!! FOR PRODUCTION RUNS, USE:                      !!!
20210423 094542.359 INFO             PET0 !!!                   ESMF_LOGKIND_Multi_On_Error  !!!
20210423 094542.359 INFO             PET0 !!!!!!!!!!!!!!!!!!!!!!!!!!!!!!!!!!!!!!!!!!!!!!!!!!!!!!
20210423 094542.359 INFO             PET0 Running with ESMF Version   : 8.2.0 beta snapshot
20210423 094542.359 INFO             PET0 ESMF library build date/time: "Apr 23 2021" "09:04:34"
20210423 094542.359 INFO             PET0 ESMF library build location : /lustre/f2/dev/ncep/Mark.Potts/intel_2019.5_mpi_g_develop
20210423 094542.359 INFO             PET0 ESMF_COMM                   : mpi
20210423 094542.360 INFO             PET0 ESMF_MOAB                   : enabled
20210423 094542.360 INFO             PET0 ESMF_LAPACK                 : enabled
20210423 094542.360 INFO             PET0 ESMF_NETCDF                 : enabled
20210423 094542.360 INFO             PET0 ESMF_PNETCDF                : disabled
20210423 094542.360 INFO             PET0 ESMF_PIO                    : enabled
20210423 094542.360 INFO             PET0 ESMF_YAMLCPP                : enabled
20210423 094542.370 INFO             PET0 ESMF_FieldRedistStoreNF(): Just entered routine.
20210423 094542.371 INFO             PET0 ESMF_FieldRedistStoreNF(): Leaving routine.
20210423 094542.374 INFO             PET0 ESMF_FieldRedistStoreNF(): Just entered routine.
20210423 094542.375 INFO             PET0 ESMF_FieldRedistStoreNF(): Leaving routine.
20210423 094542.375 INFO             PET0 ESMF_FieldRedistStoreNF(): Just entered routine.
20210423 094542.375 INFO             PET0 ESMF_FieldRedistStoreNF(): Leaving routine.
20210423 094542.375 INFO             PET0  NUMBER_OF_PROCESSORS           4
20210423 094542.375 INFO             PET0  PASS  Example ESMF_FieldRedistEx, ESMF_FieldRedistEx.F90, line 521
20210423 094542.375 INFO             PET0 Finalizing ESMF
20210423 094542.367 INFO             PET1 !!!!!!!!!!!!!!!!!!!!!!!!!!!!!!!!!!!!!!!!!!!!!!!!!!!!!!
20210423 094542.367 INFO             PET1 !!! THE ESMF_LOG IS SET TO OUTPUT ALL LOG MESSAGES !!!
20210423 094542.367 INFO             PET1 !!!     THIS MAY CAUSE SLOWDOWN IN PERFORMANCE     !!!
20210423 094542.367 INFO             PET1 !!! FOR PRODUCTION RUNS, USE:                      !!!
20210423 094542.367 INFO             PET1 !!!                   ESMF_LOGKIND_Multi_On_Error  !!!
20210423 094542.367 INFO             PET1 !!!!!!!!!!!!!!!!!!!!!!!!!!!!!!!!!!!!!!!!!!!!!!!!!!!!!!
20210423 094542.367 INFO             PET1 Running with ESMF Version   : 8.2.0 beta snapshot
20210423 094542.367 INFO             PET1 ESMF library build date/time: "Apr 23 2021" "09:04:34"
20210423 094542.367 INFO             PET1 ESMF library build location : /lustre/f2/dev/ncep/Mark.Potts/intel_2019.5_mpi_g_develop
20210423 094542.367 INFO             PET1 ESMF_COMM                   : mpi
20210423 094542.368 INFO             PET1 ESMF_MOAB                   : enabled
20210423 094542.368 INFO             PET1 ESMF_LAPACK                 : enabled
20210423 094542.368 INFO             PET1 ESMF_NETCDF                 : enabled
20210423 094542.368 INFO             PET1 ESMF_PNETCDF                : disabled
20210423 094542.368 INFO             PET1 ESMF_PIO                    : enabled
20210423 094542.368 INFO             PET1 ESMF_YAMLCPP                : enabled
20210423 094542.370 INFO             PET1 ESMF_FieldRedistStoreNF(): Just entered routine.
20210423 094542.371 INFO             PET1 ESMF_FieldRedistStoreNF(): Leaving routine.
20210423 094542.374 INFO             PET1 ESMF_FieldRedistStoreNF(): Just entered routine.
20210423 094542.375 INFO             PET1 ESMF_FieldRedistStoreNF(): Leaving routine.
20210423 094542.375 INFO             PET1 ESMF_FieldRedistStoreNF(): Just entered routine.
20210423 094542.375 INFO             PET1 ESMF_FieldRedistStoreNF(): Leaving routine.
20210423 094542.375 INFO             PET1  NUMBER_OF_PROCESSORS           4
20210423 094542.375 INFO             PET1  PASS  Example ESMF_FieldRedistEx, ESMF_FieldRedistEx.F90, line 521
20210423 094542.375 INFO             PET1 Finalizing ESMF
20210423 094542.361 INFO             PET2 !!!!!!!!!!!!!!!!!!!!!!!!!!!!!!!!!!!!!!!!!!!!!!!!!!!!!!
20210423 094542.361 INFO             PET2 !!! THE ESMF_LOG IS SET TO OUTPUT ALL LOG MESSAGES !!!
20210423 094542.361 INFO             PET2 !!!     THIS MAY CAUSE SLOWDOWN IN PERFORMANCE     !!!
20210423 094542.361 INFO             PET2 !!! FOR PRODUCTION RUNS, USE:                      !!!
20210423 094542.361 INFO             PET2 !!!                   ESMF_LOGKIND_Multi_On_Error  !!!
20210423 094542.361 INFO             PET2 !!!!!!!!!!!!!!!!!!!!!!!!!!!!!!!!!!!!!!!!!!!!!!!!!!!!!!
20210423 094542.361 INFO             PET2 Running with ESMF Version   : 8.2.0 beta snapshot
20210423 094542.361 INFO             PET2 ESMF library build date/time: "Apr 23 2021" "09:04:34"
20210423 094542.361 INFO             PET2 ESMF library build location : /lustre/f2/dev/ncep/Mark.Potts/intel_2019.5_mpi_g_develop
20210423 094542.361 INFO             PET2 ESMF_COMM                   : mpi
20210423 094542.362 INFO             PET2 ESMF_MOAB                   : enabled
20210423 094542.362 INFO             PET2 ESMF_LAPACK                 : enabled
20210423 094542.362 INFO             PET2 ESMF_NETCDF                 : enabled
20210423 094542.362 INFO             PET2 ESMF_PNETCDF                : disabled
20210423 094542.362 INFO             PET2 ESMF_PIO                    : enabled
20210423 094542.362 INFO             PET2 ESMF_YAMLCPP                : enabled
20210423 094542.370 INFO             PET2 ESMF_FieldRedistStoreNF(): Just entered routine.
20210423 094542.371 INFO             PET2 ESMF_FieldRedistStoreNF(): Leaving routine.
20210423 094542.374 INFO             PET2 ESMF_FieldRedistStoreNF(): Just entered routine.
20210423 094542.375 INFO             PET2 ESMF_FieldRedistStoreNF(): Leaving routine.
20210423 094542.375 INFO             PET2 ESMF_FieldRedistStoreNF(): Just entered routine.
20210423 094542.375 INFO             PET2 ESMF_FieldRedistStoreNF(): Leaving routine.
20210423 094542.375 INFO             PET2  NUMBER_OF_PROCESSORS           4
20210423 094542.375 INFO             PET2  PASS  Example ESMF_FieldRedistEx, ESMF_FieldRedistEx.F90, line 521
20210423 094542.375 INFO             PET2 Finalizing ESMF
20210423 094542.354 INFO             PET3 !!!!!!!!!!!!!!!!!!!!!!!!!!!!!!!!!!!!!!!!!!!!!!!!!!!!!!
20210423 094542.354 INFO             PET3 !!! THE ESMF_LOG IS SET TO OUTPUT ALL LOG MESSAGES !!!
20210423 094542.354 INFO             PET3 !!!     THIS MAY CAUSE SLOWDOWN IN PERFORMANCE     !!!
20210423 094542.354 INFO             PET3 !!! FOR PRODUCTION RUNS, USE:                      !!!
20210423 094542.354 INFO             PET3 !!!                   ESMF_LOGKIND_Multi_On_Error  !!!
20210423 094542.354 INFO             PET3 !!!!!!!!!!!!!!!!!!!!!!!!!!!!!!!!!!!!!!!!!!!!!!!!!!!!!!
20210423 094542.354 INFO             PET3 Running with ESMF Version   : 8.2.0 beta snapshot
20210423 094542.354 INFO             PET3 ESMF library build date/time: "Apr 23 2021" "09:04:34"
20210423 094542.354 INFO             PET3 ESMF library build location : /lustre/f2/dev/ncep/Mark.Potts/intel_2019.5_mpi_g_develop
20210423 094542.354 INFO             PET3 ESMF_COMM                   : mpi
20210423 094542.355 INFO             PET3 ESMF_MOAB                   : enabled
20210423 094542.355 INFO             PET3 ESMF_LAPACK                 : enabled
20210423 094542.355 INFO             PET3 ESMF_NETCDF                 : enabled
20210423 094542.355 INFO             PET3 ESMF_PNETCDF                : disabled
20210423 094542.355 INFO             PET3 ESMF_PIO                    : enabled
20210423 094542.355 INFO             PET3 ESMF_YAMLCPP                : enabled
20210423 094542.370 INFO             PET3 ESMF_FieldRedistStoreNF(): Just entered routine.
20210423 094542.371 INFO             PET3 ESMF_FieldRedistStoreNF(): Leaving routine.
20210423 094542.374 INFO             PET3 ESMF_FieldRedistStoreNF(): Just entered routine.
20210423 094542.375 INFO             PET3 ESMF_FieldRedistStoreNF(): Leaving routine.
20210423 094542.375 INFO             PET3 ESMF_FieldRedistStoreNF(): Just entered routine.
20210423 094542.375 INFO             PET3 ESMF_FieldRedistStoreNF(): Leaving routine.
20210423 094542.375 INFO             PET3  NUMBER_OF_PROCESSORS           4
20210423 094542.375 INFO             PET3  PASS  Example ESMF_FieldRedistEx, ESMF_FieldRedistEx.F90, line 521
20210423 094542.375 INFO             PET3 Finalizing ESMF
