 
Installing ESMF:
 
mkdir -p /scratch/mpotts/intel_20.0.1_mpiuni_O_develop/DEFAULTINSTALLDIR/include
cp -f /scratch/mpotts/intel_20.0.1_mpiuni_O_develop/src/include/ESMC.h /scratch/mpotts/intel_20.0.1_mpiuni_O_develop/DEFAULTINSTALLDIR/include
cp -f /scratch/mpotts/intel_20.0.1_mpiuni_O_develop/src/include/ESMC_*.h /scratch/mpotts/intel_20.0.1_mpiuni_O_develop/DEFAULTINSTALLDIR/include
cp -f /scratch/mpotts/intel_20.0.1_mpiuni_O_develop/build_config/Linux.intel.default/ESMC_Conf.h /scratch/mpotts/intel_20.0.1_mpiuni_O_develop/DEFAULTINSTALLDIR/include
mkdir -p /scratch/mpotts/intel_20.0.1_mpiuni_O_develop/DEFAULTINSTALLDIR/mod/modO/Linux.intel.64.mpiuni.default
cp -f /scratch/mpotts/intel_20.0.1_mpiuni_O_develop/mod/modO/Linux.intel.64.mpiuni.default/*.mod /scratch/mpotts/intel_20.0.1_mpiuni_O_develop/DEFAULTINSTALLDIR/mod/modO/Linux.intel.64.mpiuni.default
mkdir -p /scratch/mpotts/intel_20.0.1_mpiuni_O_develop/DEFAULTINSTALLDIR/lib/libO/Linux.intel.64.mpiuni.default
cp -f /scratch/mpotts/intel_20.0.1_mpiuni_O_develop/lib/libO/Linux.intel.64.mpiuni.default/libesmf*.* /scratch/mpotts/intel_20.0.1_mpiuni_O_develop/DEFAULTINSTALLDIR/lib/libO/Linux.intel.64.mpiuni.default
make ESMF_PRELOADDIR=/scratch/mpotts/intel_20.0.1_mpiuni_O_develop/DEFAULTINSTALLDIR/lib/libO/Linux.intel.64.mpiuni.default build_preload_script
make[1]: Entering directory `/scratch/mpotts/intel_20.0.1_mpiuni_O_develop'
chmod 755 /scratch/mpotts/intel_20.0.1_mpiuni_O_develop/DEFAULTINSTALLDIR/lib/libO/Linux.intel.64.mpiuni.default/preload.sh
make[1]: Leaving directory `/scratch/mpotts/intel_20.0.1_mpiuni_O_develop'
ranlib /scratch/mpotts/intel_20.0.1_mpiuni_O_develop/DEFAULTINSTALLDIR/lib/libO/Linux.intel.64.mpiuni.default/libesmf*.a
make install_apps
make[1]: Entering directory `/scratch/mpotts/intel_20.0.1_mpiuni_O_develop'
mkdir -p /scratch/mpotts/intel_20.0.1_mpiuni_O_develop/DEFAULTINSTALLDIR/bin/binO/Linux.intel.64.mpiuni.default
make build_apps ESMF_APPSDIR=/scratch/mpotts/intel_20.0.1_mpiuni_O_develop/DEFAULTINSTALLDIR/bin/binO/Linux.intel.64.mpiuni.default ESMF_LDIR=/scratch/mpotts/intel_20.0.1_mpiuni_O_develop/DEFAULTINSTALLDIR/lib/libO/Linux.intel.64.mpiuni.default ESMF_LIBDIR=/scratch/mpotts/intel_20.0.1_mpiuni_O_develop/DEFAULTINSTALLDIR/lib/libO/Linux.intel.64.mpiuni.default ESMF_MODDIR=/scratch/mpotts/intel_20.0.1_mpiuni_O_develop/DEFAULTINSTALLDIR/mod/modO/Linux.intel.64.mpiuni.default
make[2]: Entering directory `/scratch/mpotts/intel_20.0.1_mpiuni_O_develop'
cd /scratch/mpotts/intel_20.0.1_mpiuni_O_develop/src/apps; make ACTION=tree_build_apps tree
make[3]: Entering directory `/scratch/mpotts/intel_20.0.1_mpiuni_O_develop/src/apps'
tree_build_apps in: /scratch/mpotts/intel_20.0.1_mpiuni_O_develop/src/apps/ESMF_PrintInfo
make[4]: Entering directory `/scratch/mpotts/intel_20.0.1_mpiuni_O_develop/src/apps/ESMF_PrintInfo'
make chkdir_locobj
make[5]: Entering directory `/scratch/mpotts/intel_20.0.1_mpiuni_O_develop/src/apps/ESMF_PrintInfo'
Making directory /scratch/mpotts/intel_20.0.1_mpiuni_O_develop/obj/objO/Linux.intel.64.mpiuni.default/src/apps/ESMF_PrintInfo for apps output
make[5]: Leaving directory `/scratch/mpotts/intel_20.0.1_mpiuni_O_develop/src/apps/ESMF_PrintInfo'
ifort -c -O -fPIC -assume realloc_lhs -m64 -mcmodel=small -pthread -threads  -qopenmp -I/scratch/mpotts/intel_20.0.1_mpiuni_O_develop/src/apps/ESMF_PrintInfo -I/scratch/mpotts/intel_20.0.1_mpiuni_O_develop/build_config/Linux.intel.default -I/scratch/mpotts/intel_20.0.1_mpiuni_O_develop/src/Infrastructure -I/scratch/mpotts/intel_20.0.1_mpiuni_O_develop/src/Superstructure -I/scratch/mpotts/intel_20.0.1_mpiuni_O_develop/DEFAULTINSTALLDIR/mod/modO/Linux.intel.64.mpiuni.default -I/scratch/mpotts/intel_20.0.1_mpiuni_O_develop/src/include -I/usr/local/netcdf-c-4.6.1-f-4.4.4-intel-cluster-18.0.3/include -I/usr/local/netcdf-c-4.6.1-f-4.4.4-intel-cluster-18.0.3/include  -DESMF_NO_INTEGER_1_BYTE -DESMF_NO_INTEGER_2_BYTE -DESMF_VERSION_STRING_GIT='"ESMF_8_2_0_beta_snapshot_05-6-gb8c1a7077f"' -DESMF_MOAB=1 -DESMF_LAPACK=1 -DESMF_LAPACK_INTERNAL=1 -DESMF_NO_ACC_SOFTWARE_STACK=1 -DESMF_NETCDF=1 -DESMF_YAMLCPP=1 -DESMF_YAML=1 -DESMF_NO_OPENACC -DESMF_TESTEXHAUSTIVE -DESMF_BOPT_O -DESMF_TESTCOMPTUNNEL -DESMF_TESTWITHTHREADS -DSx86_64_small=1 -DESMF_OS_Linux=1 -DESMF_COMM=mpiuni -DESMF_DIR=/scratch/mpotts/intel_20.0.1_mpiuni_O_develop -DESMF_MPIUNI ESMF_PrintInfo.F90 -o /scratch/mpotts/intel_20.0.1_mpiuni_O_develop/obj/objO/Linux.intel.64.mpiuni.default/src/apps/ESMF_PrintInfo/ESMF_PrintInfo.o
make chkdir_apps
make[5]: Entering directory `/scratch/mpotts/intel_20.0.1_mpiuni_O_develop/src/apps/ESMF_PrintInfo'
make[5]: Leaving directory `/scratch/mpotts/intel_20.0.1_mpiuni_O_develop/src/apps/ESMF_PrintInfo'
ifort    -m64 -mcmodel=small -pthread -threads -Wl,--no-as-needed  -qopenmp -L/scratch/mpotts/intel_20.0.1_mpiuni_O_develop/DEFAULTINSTALLDIR/lib/libO/Linux.intel.64.mpiuni.default -L/usr/local/netcdf-c-4.6.1-f-4.4.4-intel-cluster-18.0.3/lib -L/usr/local/netcdf-c-4.6.1-f-4.4.4-intel-cluster-18.0.3/lib -L/usr/local/hdf5-1.8.20-intel-cluster-18.03/lib -L/usr/local/netcdf-c-4.6.1-f-4.4.4-intel-cluster-18.0.3/lib  -Wl,-rpath,/scratch/mpotts/intel_20.0.1_mpiuni_O_develop/DEFAULTINSTALLDIR/lib/libO/Linux.intel.64.mpiuni.default -Wl,-rpath,/usr/local/netcdf-c-4.6.1-f-4.4.4-intel-cluster-18.0.3/lib -Wl,-rpath,/usr/local/netcdf-c-4.6.1-f-4.4.4-intel-cluster-18.0.3/lib -Wl,-rpath,/usr/local/hdf5-1.8.20-intel-cluster-18.03/lib -Wl,-rpath,/usr/local/netcdf-c-4.6.1-f-4.4.4-intel-cluster-18.0.3/lib -o /scratch/mpotts/intel_20.0.1_mpiuni_O_develop/DEFAULTINSTALLDIR/bin/binO/Linux.intel.64.mpiuni.default/ESMF_PrintInfo /scratch/mpotts/intel_20.0.1_mpiuni_O_develop/obj/objO/Linux.intel.64.mpiuni.default/src/apps/ESMF_PrintInfo/ESMF_PrintInfo.o -lesmf  -cxxlib -lrt -ldl -lnetcdf -lnetcdff -lnetcdf -lnetcdf
make[4]: Leaving directory `/scratch/mpotts/intel_20.0.1_mpiuni_O_develop/src/apps/ESMF_PrintInfo'
tree_build_apps in: /scratch/mpotts/intel_20.0.1_mpiuni_O_develop/src/apps/ESMF_PrintInfoC
make[4]: Entering directory `/scratch/mpotts/intel_20.0.1_mpiuni_O_develop/src/apps/ESMF_PrintInfoC'
make chkdir_locobj
make[5]: Entering directory `/scratch/mpotts/intel_20.0.1_mpiuni_O_develop/src/apps/ESMF_PrintInfoC'
Making directory /scratch/mpotts/intel_20.0.1_mpiuni_O_develop/obj/objO/Linux.intel.64.mpiuni.default/src/apps/ESMF_PrintInfoC for apps output
make[5]: Leaving directory `/scratch/mpotts/intel_20.0.1_mpiuni_O_develop/src/apps/ESMF_PrintInfoC'
icpc -c -std=c++11 -O -DNDEBUG -fPIC -m64 -mcmodel=small -pthread  -qopenmp -I/scratch/mpotts/intel_20.0.1_mpiuni_O_develop/src/apps/ESMF_PrintInfoC -I/scratch/mpotts/intel_20.0.1_mpiuni_O_develop/src/apps/ESMF_PrintInfoC/../include -I/scratch/mpotts/intel_20.0.1_mpiuni_O_develop/build_config/Linux.intel.default -I/scratch/mpotts/intel_20.0.1_mpiuni_O_develop/src/Infrastructure -I/scratch/mpotts/intel_20.0.1_mpiuni_O_develop/src/Superstructure -I/scratch/mpotts/intel_20.0.1_mpiuni_O_develop/src/Infrastructure/stubs/pthread  -I/scratch/mpotts/intel_20.0.1_mpiuni_O_develop/src/include  -I/usr/local/netcdf-c-4.6.1-f-4.4.4-intel-cluster-18.0.3/include -I/scratch/mpotts/intel_20.0.1_mpiuni_O_develop/src/Infrastructure/stubs/mpiuni -I/scratch/mpotts/intel_20.0.1_mpiuni_O_develop/src/prologue/yaml-cpp/include -DESMF_NO_INTEGER_1_BYTE -DESMF_NO_INTEGER_2_BYTE -DESMF_VERSION_STRING_GIT='"ESMF_8_2_0_beta_snapshot_05-6-gb8c1a7077f"' -DESMF_MOAB=1 -DESMF_LAPACK=1 -DESMF_LAPACK_INTERNAL=1 -DESMF_NO_ACC_SOFTWARE_STACK=1 -DESMF_NETCDF=1 -DESMF_YAMLCPP=1 -DESMF_YAML=1 -DESMF_NO_OPENACC -DESMF_TESTEXHAUSTIVE -DESMF_BOPT_O -DESMF_TESTCOMPTUNNEL -DESMF_TESTWITHTHREADS -DSx86_64_small=1 -DESMF_OS_Linux=1 -DESMF_COMM=mpiuni -DESMF_DIR=/scratch/mpotts/intel_20.0.1_mpiuni_O_develop -D__SDIR__='"src/apps/ESMF_PrintInfoC"' -DESMF_CXXSTD=11 -DESMF_MPIUNI ESMF_PrintInfoC.c -o /scratch/mpotts/intel_20.0.1_mpiuni_O_develop/obj/objO/Linux.intel.64.mpiuni.default/src/apps/ESMF_PrintInfoC/ESMF_PrintInfoC.o
make chkdir_apps
make[5]: Entering directory `/scratch/mpotts/intel_20.0.1_mpiuni_O_develop/src/apps/ESMF_PrintInfoC'
make[5]: Leaving directory `/scratch/mpotts/intel_20.0.1_mpiuni_O_develop/src/apps/ESMF_PrintInfoC'
icpc    -m64 -mcmodel=small -pthread -Wl,--no-as-needed  -qopenmp -L/scratch/mpotts/intel_20.0.1_mpiuni_O_develop/DEFAULTINSTALLDIR/lib/libO/Linux.intel.64.mpiuni.default -L/usr/local/netcdf-c-4.6.1-f-4.4.4-intel-cluster-18.0.3/lib -L/usr/local/netcdf-c-4.6.1-f-4.4.4-intel-cluster-18.0.3/lib -L/usr/local/hdf5-1.8.20-intel-cluster-18.03/lib -L/usr/local/netcdf-c-4.6.1-f-4.4.4-intel-cluster-18.0.3/lib -L/usr/local/intel-cluster-20.0.1/compilers_and_libraries_2020.0.166/linux/compiler/lib/intel64_lin/ -Wl,-rpath,/scratch/mpotts/intel_20.0.1_mpiuni_O_develop/DEFAULTINSTALLDIR/lib/libO/Linux.intel.64.mpiuni.default -Wl,-rpath,/usr/local/netcdf-c-4.6.1-f-4.4.4-intel-cluster-18.0.3/lib -Wl,-rpath,/usr/local/netcdf-c-4.6.1-f-4.4.4-intel-cluster-18.0.3/lib -Wl,-rpath,/usr/local/hdf5-1.8.20-intel-cluster-18.03/lib -Wl,-rpath,/usr/local/netcdf-c-4.6.1-f-4.4.4-intel-cluster-18.0.3/lib -Wl,-rpath,/usr/local/intel-cluster-20.0.1/compilers_and_libraries_2020.0.166/linux/compiler/lib/intel64_lin/ -o /scratch/mpotts/intel_20.0.1_mpiuni_O_develop/DEFAULTINSTALLDIR/bin/binO/Linux.intel.64.mpiuni.default/ESMF_PrintInfoC /scratch/mpotts/intel_20.0.1_mpiuni_O_develop/obj/objO/Linux.intel.64.mpiuni.default/src/apps/ESMF_PrintInfoC/ESMF_PrintInfoC.o -lesmf  -lifport -lifcoremt -limf -lsvml -lm -lipgo -liomp5 -lintlc -lpthread -lsvml -lgcc -lgcc_s -lirc_s -ldl -lrt -ldl -lnetcdf -lnetcdff -lnetcdf -lnetcdf
make[4]: Leaving directory `/scratch/mpotts/intel_20.0.1_mpiuni_O_develop/src/apps/ESMF_PrintInfoC'
tree_build_apps in: /scratch/mpotts/intel_20.0.1_mpiuni_O_develop/src/apps/ESMF_RegridWeightGen
make[4]: Entering directory `/scratch/mpotts/intel_20.0.1_mpiuni_O_develop/src/apps/ESMF_RegridWeightGen'
make chkdir_locobj
make[5]: Entering directory `/scratch/mpotts/intel_20.0.1_mpiuni_O_develop/src/apps/ESMF_RegridWeightGen'
Making directory /scratch/mpotts/intel_20.0.1_mpiuni_O_develop/obj/objO/Linux.intel.64.mpiuni.default/src/apps/ESMF_RegridWeightGen for apps output
make[5]: Leaving directory `/scratch/mpotts/intel_20.0.1_mpiuni_O_develop/src/apps/ESMF_RegridWeightGen'
ifort -c -O -fPIC -assume realloc_lhs -m64 -mcmodel=small -pthread -threads  -qopenmp -I/scratch/mpotts/intel_20.0.1_mpiuni_O_develop/src/apps/ESMF_RegridWeightGen -I/scratch/mpotts/intel_20.0.1_mpiuni_O_develop/build_config/Linux.intel.default -I/scratch/mpotts/intel_20.0.1_mpiuni_O_develop/src/Infrastructure -I/scratch/mpotts/intel_20.0.1_mpiuni_O_develop/src/Superstructure -I/scratch/mpotts/intel_20.0.1_mpiuni_O_develop/DEFAULTINSTALLDIR/mod/modO/Linux.intel.64.mpiuni.default -I/scratch/mpotts/intel_20.0.1_mpiuni_O_develop/src/include -I/usr/local/netcdf-c-4.6.1-f-4.4.4-intel-cluster-18.0.3/include -I/usr/local/netcdf-c-4.6.1-f-4.4.4-intel-cluster-18.0.3/include  -DESMF_NO_INTEGER_1_BYTE -DESMF_NO_INTEGER_2_BYTE -DESMF_VERSION_STRING_GIT='"ESMF_8_2_0_beta_snapshot_05-6-gb8c1a7077f"' -DESMF_MOAB=1 -DESMF_LAPACK=1 -DESMF_LAPACK_INTERNAL=1 -DESMF_NO_ACC_SOFTWARE_STACK=1 -DESMF_NETCDF=1 -DESMF_YAMLCPP=1 -DESMF_YAML=1 -DESMF_NO_OPENACC -DESMF_TESTEXHAUSTIVE -DESMF_BOPT_O -DESMF_TESTCOMPTUNNEL -DESMF_TESTWITHTHREADS -DSx86_64_small=1 -DESMF_OS_Linux=1 -DESMF_COMM=mpiuni -DESMF_DIR=/scratch/mpotts/intel_20.0.1_mpiuni_O_develop -DESMF_MPIUNI ESMF_RegridWeightGen.F90 -o /scratch/mpotts/intel_20.0.1_mpiuni_O_develop/obj/objO/Linux.intel.64.mpiuni.default/src/apps/ESMF_RegridWeightGen/ESMF_RegridWeightGen.o
make chkdir_apps
make[5]: Entering directory `/scratch/mpotts/intel_20.0.1_mpiuni_O_develop/src/apps/ESMF_RegridWeightGen'
make[5]: Leaving directory `/scratch/mpotts/intel_20.0.1_mpiuni_O_develop/src/apps/ESMF_RegridWeightGen'
ifort    -m64 -mcmodel=small -pthread -threads -Wl,--no-as-needed  -qopenmp -L/scratch/mpotts/intel_20.0.1_mpiuni_O_develop/DEFAULTINSTALLDIR/lib/libO/Linux.intel.64.mpiuni.default -L/usr/local/netcdf-c-4.6.1-f-4.4.4-intel-cluster-18.0.3/lib -L/usr/local/netcdf-c-4.6.1-f-4.4.4-intel-cluster-18.0.3/lib -L/usr/local/hdf5-1.8.20-intel-cluster-18.03/lib -L/usr/local/netcdf-c-4.6.1-f-4.4.4-intel-cluster-18.0.3/lib  -Wl,-rpath,/scratch/mpotts/intel_20.0.1_mpiuni_O_develop/DEFAULTINSTALLDIR/lib/libO/Linux.intel.64.mpiuni.default -Wl,-rpath,/usr/local/netcdf-c-4.6.1-f-4.4.4-intel-cluster-18.0.3/lib -Wl,-rpath,/usr/local/netcdf-c-4.6.1-f-4.4.4-intel-cluster-18.0.3/lib -Wl,-rpath,/usr/local/hdf5-1.8.20-intel-cluster-18.03/lib -Wl,-rpath,/usr/local/netcdf-c-4.6.1-f-4.4.4-intel-cluster-18.0.3/lib -o /scratch/mpotts/intel_20.0.1_mpiuni_O_develop/DEFAULTINSTALLDIR/bin/binO/Linux.intel.64.mpiuni.default/ESMF_RegridWeightGen /scratch/mpotts/intel_20.0.1_mpiuni_O_develop/obj/objO/Linux.intel.64.mpiuni.default/src/apps/ESMF_RegridWeightGen/ESMF_RegridWeightGen.o -lesmf  -cxxlib -lrt -ldl -lnetcdf -lnetcdff -lnetcdf -lnetcdf
make[4]: Leaving directory `/scratch/mpotts/intel_20.0.1_mpiuni_O_develop/src/apps/ESMF_RegridWeightGen'
tree_build_apps in: /scratch/mpotts/intel_20.0.1_mpiuni_O_develop/src/apps/ESMF_WebServController
make[4]: Entering directory `/scratch/mpotts/intel_20.0.1_mpiuni_O_develop/src/apps/ESMF_WebServController'
make chkdir_locobj
make[5]: Entering directory `/scratch/mpotts/intel_20.0.1_mpiuni_O_develop/src/apps/ESMF_WebServController'
Making directory /scratch/mpotts/intel_20.0.1_mpiuni_O_develop/obj/objO/Linux.intel.64.mpiuni.default/src/apps/ESMF_WebServController for apps output
make[5]: Leaving directory `/scratch/mpotts/intel_20.0.1_mpiuni_O_develop/src/apps/ESMF_WebServController'
icpc -c -std=c++11 -O -DNDEBUG -fPIC -m64 -mcmodel=small -pthread  -qopenmp -I/scratch/mpotts/intel_20.0.1_mpiuni_O_develop/src/apps/ESMF_WebServController -I/scratch/mpotts/intel_20.0.1_mpiuni_O_develop/src/apps/ESMF_WebServController/../include -I/scratch/mpotts/intel_20.0.1_mpiuni_O_develop/build_config/Linux.intel.default -I/scratch/mpotts/intel_20.0.1_mpiuni_O_develop/src/Infrastructure -I/scratch/mpotts/intel_20.0.1_mpiuni_O_develop/src/Superstructure -I/scratch/mpotts/intel_20.0.1_mpiuni_O_develop/src/Infrastructure/stubs/pthread  -I/scratch/mpotts/intel_20.0.1_mpiuni_O_develop/src/include  -I/usr/local/netcdf-c-4.6.1-f-4.4.4-intel-cluster-18.0.3/include -I/scratch/mpotts/intel_20.0.1_mpiuni_O_develop/src/Infrastructure/stubs/mpiuni -I/scratch/mpotts/intel_20.0.1_mpiuni_O_develop/src/prologue/yaml-cpp/include -DESMF_NO_INTEGER_1_BYTE -DESMF_NO_INTEGER_2_BYTE -DESMF_VERSION_STRING_GIT='"ESMF_8_2_0_beta_snapshot_05-6-gb8c1a7077f"' -DESMF_MOAB=1 -DESMF_LAPACK=1 -DESMF_LAPACK_INTERNAL=1 -DESMF_NO_ACC_SOFTWARE_STACK=1 -DESMF_NETCDF=1 -DESMF_YAMLCPP=1 -DESMF_YAML=1 -DESMF_NO_OPENACC -DESMF_TESTEXHAUSTIVE -DESMF_BOPT_O -DESMF_TESTCOMPTUNNEL -DESMF_TESTWITHTHREADS -DSx86_64_small=1 -DESMF_OS_Linux=1 -DESMF_COMM=mpiuni -DESMF_DIR=/scratch/mpotts/intel_20.0.1_mpiuni_O_develop -D__SDIR__='"src/apps/ESMF_WebServController"' -DESMF_CXXSTD=11 -DESMF_MPIUNI ESMF_WebServController.C -o /scratch/mpotts/intel_20.0.1_mpiuni_O_develop/obj/objO/Linux.intel.64.mpiuni.default/src/apps/ESMF_WebServController/ESMF_WebServController.o
make chkdir_apps
make[5]: Entering directory `/scratch/mpotts/intel_20.0.1_mpiuni_O_develop/src/apps/ESMF_WebServController'
make[5]: Leaving directory `/scratch/mpotts/intel_20.0.1_mpiuni_O_develop/src/apps/ESMF_WebServController'
icpc    -m64 -mcmodel=small -pthread -Wl,--no-as-needed  -qopenmp -L/scratch/mpotts/intel_20.0.1_mpiuni_O_develop/DEFAULTINSTALLDIR/lib/libO/Linux.intel.64.mpiuni.default -L/usr/local/netcdf-c-4.6.1-f-4.4.4-intel-cluster-18.0.3/lib -L/usr/local/netcdf-c-4.6.1-f-4.4.4-intel-cluster-18.0.3/lib -L/usr/local/hdf5-1.8.20-intel-cluster-18.03/lib -L/usr/local/netcdf-c-4.6.1-f-4.4.4-intel-cluster-18.0.3/lib -L/usr/local/intel-cluster-20.0.1/compilers_and_libraries_2020.0.166/linux/compiler/lib/intel64_lin/ -Wl,-rpath,/scratch/mpotts/intel_20.0.1_mpiuni_O_develop/DEFAULTINSTALLDIR/lib/libO/Linux.intel.64.mpiuni.default -Wl,-rpath,/usr/local/netcdf-c-4.6.1-f-4.4.4-intel-cluster-18.0.3/lib -Wl,-rpath,/usr/local/netcdf-c-4.6.1-f-4.4.4-intel-cluster-18.0.3/lib -Wl,-rpath,/usr/local/hdf5-1.8.20-intel-cluster-18.03/lib -Wl,-rpath,/usr/local/netcdf-c-4.6.1-f-4.4.4-intel-cluster-18.0.3/lib -Wl,-rpath,/usr/local/intel-cluster-20.0.1/compilers_and_libraries_2020.0.166/linux/compiler/lib/intel64_lin/ -o /scratch/mpotts/intel_20.0.1_mpiuni_O_develop/DEFAULTINSTALLDIR/bin/binO/Linux.intel.64.mpiuni.default/ESMF_WebServController /scratch/mpotts/intel_20.0.1_mpiuni_O_develop/obj/objO/Linux.intel.64.mpiuni.default/src/apps/ESMF_WebServController/ESMF_WebServController.o -lesmf  -lifport -lifcoremt -limf -lsvml -lm -lipgo -liomp5 -lintlc -lpthread -lsvml -lgcc -lgcc_s -lirc_s -ldl -lrt -ldl -lnetcdf -lnetcdff -lnetcdf -lnetcdf
make[4]: Leaving directory `/scratch/mpotts/intel_20.0.1_mpiuni_O_develop/src/apps/ESMF_WebServController'
tree_build_apps in: /scratch/mpotts/intel_20.0.1_mpiuni_O_develop/src/apps/ESMF_Scrip2Unstruct
make[4]: Entering directory `/scratch/mpotts/intel_20.0.1_mpiuni_O_develop/src/apps/ESMF_Scrip2Unstruct'
make chkdir_locobj
make[5]: Entering directory `/scratch/mpotts/intel_20.0.1_mpiuni_O_develop/src/apps/ESMF_Scrip2Unstruct'
Making directory /scratch/mpotts/intel_20.0.1_mpiuni_O_develop/obj/objO/Linux.intel.64.mpiuni.default/src/apps/ESMF_Scrip2Unstruct for apps output
make[5]: Leaving directory `/scratch/mpotts/intel_20.0.1_mpiuni_O_develop/src/apps/ESMF_Scrip2Unstruct'
icpc -c -std=c++11 -O -DNDEBUG -fPIC -m64 -mcmodel=small -pthread  -qopenmp -I/scratch/mpotts/intel_20.0.1_mpiuni_O_develop/src/apps/ESMF_Scrip2Unstruct -I/scratch/mpotts/intel_20.0.1_mpiuni_O_develop/src/apps/ESMF_Scrip2Unstruct/../include -I/scratch/mpotts/intel_20.0.1_mpiuni_O_develop/build_config/Linux.intel.default -I/scratch/mpotts/intel_20.0.1_mpiuni_O_develop/src/Infrastructure -I/scratch/mpotts/intel_20.0.1_mpiuni_O_develop/src/Superstructure -I/scratch/mpotts/intel_20.0.1_mpiuni_O_develop/src/Infrastructure/stubs/pthread  -I/scratch/mpotts/intel_20.0.1_mpiuni_O_develop/src/include  -I/usr/local/netcdf-c-4.6.1-f-4.4.4-intel-cluster-18.0.3/include -I/scratch/mpotts/intel_20.0.1_mpiuni_O_develop/src/Infrastructure/stubs/mpiuni -I/scratch/mpotts/intel_20.0.1_mpiuni_O_develop/src/prologue/yaml-cpp/include -DESMF_NO_INTEGER_1_BYTE -DESMF_NO_INTEGER_2_BYTE -DESMF_VERSION_STRING_GIT='"ESMF_8_2_0_beta_snapshot_05-6-gb8c1a7077f"' -DESMF_MOAB=1 -DESMF_LAPACK=1 -DESMF_LAPACK_INTERNAL=1 -DESMF_NO_ACC_SOFTWARE_STACK=1 -DESMF_NETCDF=1 -DESMF_YAMLCPP=1 -DESMF_YAML=1 -DESMF_NO_OPENACC -DESMF_TESTEXHAUSTIVE -DESMF_BOPT_O -DESMF_TESTCOMPTUNNEL -DESMF_TESTWITHTHREADS -DSx86_64_small=1 -DESMF_OS_Linux=1 -DESMF_COMM=mpiuni -DESMF_DIR=/scratch/mpotts/intel_20.0.1_mpiuni_O_develop -D__SDIR__='"src/apps/ESMF_Scrip2Unstruct"' -DESMF_CXXSTD=11 -DESMF_MPIUNI ESMF_Scrip2Unstruct.C -o /scratch/mpotts/intel_20.0.1_mpiuni_O_develop/obj/objO/Linux.intel.64.mpiuni.default/src/apps/ESMF_Scrip2Unstruct/ESMF_Scrip2Unstruct.o
make chkdir_apps
make[5]: Entering directory `/scratch/mpotts/intel_20.0.1_mpiuni_O_develop/src/apps/ESMF_Scrip2Unstruct'
make[5]: Leaving directory `/scratch/mpotts/intel_20.0.1_mpiuni_O_develop/src/apps/ESMF_Scrip2Unstruct'
icpc    -m64 -mcmodel=small -pthread -Wl,--no-as-needed  -qopenmp -L/scratch/mpotts/intel_20.0.1_mpiuni_O_develop/DEFAULTINSTALLDIR/lib/libO/Linux.intel.64.mpiuni.default -L/usr/local/netcdf-c-4.6.1-f-4.4.4-intel-cluster-18.0.3/lib -L/usr/local/netcdf-c-4.6.1-f-4.4.4-intel-cluster-18.0.3/lib -L/usr/local/hdf5-1.8.20-intel-cluster-18.03/lib -L/usr/local/netcdf-c-4.6.1-f-4.4.4-intel-cluster-18.0.3/lib -L/usr/local/intel-cluster-20.0.1/compilers_and_libraries_2020.0.166/linux/compiler/lib/intel64_lin/ -Wl,-rpath,/scratch/mpotts/intel_20.0.1_mpiuni_O_develop/DEFAULTINSTALLDIR/lib/libO/Linux.intel.64.mpiuni.default -Wl,-rpath,/usr/local/netcdf-c-4.6.1-f-4.4.4-intel-cluster-18.0.3/lib -Wl,-rpath,/usr/local/netcdf-c-4.6.1-f-4.4.4-intel-cluster-18.0.3/lib -Wl,-rpath,/usr/local/hdf5-1.8.20-intel-cluster-18.03/lib -Wl,-rpath,/usr/local/netcdf-c-4.6.1-f-4.4.4-intel-cluster-18.0.3/lib -Wl,-rpath,/usr/local/intel-cluster-20.0.1/compilers_and_libraries_2020.0.166/linux/compiler/lib/intel64_lin/ -o /scratch/mpotts/intel_20.0.1_mpiuni_O_develop/DEFAULTINSTALLDIR/bin/binO/Linux.intel.64.mpiuni.default/ESMF_Scrip2Unstruct /scratch/mpotts/intel_20.0.1_mpiuni_O_develop/obj/objO/Linux.intel.64.mpiuni.default/src/apps/ESMF_Scrip2Unstruct/ESMF_Scrip2Unstruct.o -lesmf  -lifport -lifcoremt -limf -lsvml -lm -lipgo -liomp5 -lintlc -lpthread -lsvml -lgcc -lgcc_s -lirc_s -ldl -lrt -ldl -lnetcdf -lnetcdff -lnetcdf -lnetcdf
make[4]: Leaving directory `/scratch/mpotts/intel_20.0.1_mpiuni_O_develop/src/apps/ESMF_Scrip2Unstruct'
tree_build_apps in: /scratch/mpotts/intel_20.0.1_mpiuni_O_develop/src/apps/ESMF_Regrid
make[4]: Entering directory `/scratch/mpotts/intel_20.0.1_mpiuni_O_develop/src/apps/ESMF_Regrid'
make chkdir_locobj
make[5]: Entering directory `/scratch/mpotts/intel_20.0.1_mpiuni_O_develop/src/apps/ESMF_Regrid'
Making directory /scratch/mpotts/intel_20.0.1_mpiuni_O_develop/obj/objO/Linux.intel.64.mpiuni.default/src/apps/ESMF_Regrid for apps output
make[5]: Leaving directory `/scratch/mpotts/intel_20.0.1_mpiuni_O_develop/src/apps/ESMF_Regrid'
ifort -c -O -fPIC -assume realloc_lhs -m64 -mcmodel=small -pthread -threads  -qopenmp -I/scratch/mpotts/intel_20.0.1_mpiuni_O_develop/src/apps/ESMF_Regrid -I/scratch/mpotts/intel_20.0.1_mpiuni_O_develop/build_config/Linux.intel.default -I/scratch/mpotts/intel_20.0.1_mpiuni_O_develop/src/Infrastructure -I/scratch/mpotts/intel_20.0.1_mpiuni_O_develop/src/Superstructure -I/scratch/mpotts/intel_20.0.1_mpiuni_O_develop/DEFAULTINSTALLDIR/mod/modO/Linux.intel.64.mpiuni.default -I/scratch/mpotts/intel_20.0.1_mpiuni_O_develop/src/include -I/usr/local/netcdf-c-4.6.1-f-4.4.4-intel-cluster-18.0.3/include -I/usr/local/netcdf-c-4.6.1-f-4.4.4-intel-cluster-18.0.3/include  -DESMF_NO_INTEGER_1_BYTE -DESMF_NO_INTEGER_2_BYTE -DESMF_VERSION_STRING_GIT='"ESMF_8_2_0_beta_snapshot_05-6-gb8c1a7077f"' -DESMF_MOAB=1 -DESMF_LAPACK=1 -DESMF_LAPACK_INTERNAL=1 -DESMF_NO_ACC_SOFTWARE_STACK=1 -DESMF_NETCDF=1 -DESMF_YAMLCPP=1 -DESMF_YAML=1 -DESMF_NO_OPENACC -DESMF_TESTEXHAUSTIVE -DESMF_BOPT_O -DESMF_TESTCOMPTUNNEL -DESMF_TESTWITHTHREADS -DSx86_64_small=1 -DESMF_OS_Linux=1 -DESMF_COMM=mpiuni -DESMF_DIR=/scratch/mpotts/intel_20.0.1_mpiuni_O_develop -DESMF_MPIUNI ESMF_Regrid.F90 -o /scratch/mpotts/intel_20.0.1_mpiuni_O_develop/obj/objO/Linux.intel.64.mpiuni.default/src/apps/ESMF_Regrid/ESMF_Regrid.o
make chkdir_apps
make[5]: Entering directory `/scratch/mpotts/intel_20.0.1_mpiuni_O_develop/src/apps/ESMF_Regrid'
make[5]: Leaving directory `/scratch/mpotts/intel_20.0.1_mpiuni_O_develop/src/apps/ESMF_Regrid'
ifort    -m64 -mcmodel=small -pthread -threads -Wl,--no-as-needed  -qopenmp -L/scratch/mpotts/intel_20.0.1_mpiuni_O_develop/DEFAULTINSTALLDIR/lib/libO/Linux.intel.64.mpiuni.default -L/usr/local/netcdf-c-4.6.1-f-4.4.4-intel-cluster-18.0.3/lib -L/usr/local/netcdf-c-4.6.1-f-4.4.4-intel-cluster-18.0.3/lib -L/usr/local/hdf5-1.8.20-intel-cluster-18.03/lib -L/usr/local/netcdf-c-4.6.1-f-4.4.4-intel-cluster-18.0.3/lib  -Wl,-rpath,/scratch/mpotts/intel_20.0.1_mpiuni_O_develop/DEFAULTINSTALLDIR/lib/libO/Linux.intel.64.mpiuni.default -Wl,-rpath,/usr/local/netcdf-c-4.6.1-f-4.4.4-intel-cluster-18.0.3/lib -Wl,-rpath,/usr/local/netcdf-c-4.6.1-f-4.4.4-intel-cluster-18.0.3/lib -Wl,-rpath,/usr/local/hdf5-1.8.20-intel-cluster-18.03/lib -Wl,-rpath,/usr/local/netcdf-c-4.6.1-f-4.4.4-intel-cluster-18.0.3/lib -o /scratch/mpotts/intel_20.0.1_mpiuni_O_develop/DEFAULTINSTALLDIR/bin/binO/Linux.intel.64.mpiuni.default/ESMF_Regrid /scratch/mpotts/intel_20.0.1_mpiuni_O_develop/obj/objO/Linux.intel.64.mpiuni.default/src/apps/ESMF_Regrid/ESMF_Regrid.o -lesmf  -cxxlib -lrt -ldl -lnetcdf -lnetcdff -lnetcdf -lnetcdf
make[4]: Leaving directory `/scratch/mpotts/intel_20.0.1_mpiuni_O_develop/src/apps/ESMF_Regrid'
make[3]: Leaving directory `/scratch/mpotts/intel_20.0.1_mpiuni_O_develop/src/apps'
ESMF apps built successfully.
make[2]: Leaving directory `/scratch/mpotts/intel_20.0.1_mpiuni_O_develop'
make[1]: Leaving directory `/scratch/mpotts/intel_20.0.1_mpiuni_O_develop'
mkdir -p /scratch/mpotts/intel_20.0.1_mpiuni_O_develop/DEFAULTINSTALLDIR/doc
make install_info_mk
make[1]: Entering directory `/scratch/mpotts/intel_20.0.1_mpiuni_O_develop'
make info_mk ESMF_APPSDIR=/scratch/mpotts/intel_20.0.1_mpiuni_O_develop/DEFAULTINSTALLDIR/bin/binO/Linux.intel.64.mpiuni.default ESMF_LDIR=/scratch/mpotts/intel_20.0.1_mpiuni_O_develop/DEFAULTINSTALLDIR/lib/libO/Linux.intel.64.mpiuni.default ESMF_LIBDIR=/scratch/mpotts/intel_20.0.1_mpiuni_O_develop/DEFAULTINSTALLDIR/lib/libO/Linux.intel.64.mpiuni.default ESMF_MODDIR=/scratch/mpotts/intel_20.0.1_mpiuni_O_develop/DEFAULTINSTALLDIR/mod/modO/Linux.intel.64.mpiuni.default ESMF_INCDIR=/scratch/mpotts/intel_20.0.1_mpiuni_O_develop/DEFAULTINSTALLDIR/include
make[2]: Entering directory `/scratch/mpotts/intel_20.0.1_mpiuni_O_develop'
make[2]: Leaving directory `/scratch/mpotts/intel_20.0.1_mpiuni_O_develop'
make[1]: Leaving directory `/scratch/mpotts/intel_20.0.1_mpiuni_O_develop'
 
ESMF installation complete.
 
