build time -- 2021-04-24 14:31:56
20210424 145445.573 INFO             PET0 !!!!!!!!!!!!!!!!!!!!!!!!!!!!!!!!!!!!!!!!!!!!!!!!!!!!!!
20210424 145445.573 INFO             PET0 !!! THE ESMF_LOG IS SET TO OUTPUT ALL LOG MESSAGES !!!
20210424 145445.573 INFO             PET0 !!!     THIS MAY CAUSE SLOWDOWN IN PERFORMANCE     !!!
20210424 145445.573 INFO             PET0 !!! FOR PRODUCTION RUNS, USE:                      !!!
20210424 145445.573 INFO             PET0 !!!                   ESMF_LOGKIND_Multi_On_Error  !!!
20210424 145445.573 INFO             PET0 !!!!!!!!!!!!!!!!!!!!!!!!!!!!!!!!!!!!!!!!!!!!!!!!!!!!!!
20210424 145445.573 INFO             PET0 Running with ESMF Version   : ESMF_8_2_0_beta_snapshot_05-4-g394ef51454
20210424 145445.573 INFO             PET0 ESMF library build date/time: "Apr 24 2021" "14:30:38"
20210424 145445.573 INFO             PET0 ESMF library build location : /scratch1/NCEPDEV/stmp2/Mark.Potts/gfortran_9.2.0_mpiuni_g_develop
20210424 145445.573 INFO             PET0 ESMF_COMM                   : mpiuni
20210424 145445.574 INFO             PET0 ESMF_MOAB                   : enabled
20210424 145445.574 INFO             PET0 ESMF_LAPACK                 : enabled
20210424 145445.574 INFO             PET0 ESMF_NETCDF                 : enabled
20210424 145445.574 INFO             PET0 ESMF_PNETCDF                : disabled
20210424 145445.574 INFO             PET0 ESMF_PIO                    : disabled
20210424 145445.574 INFO             PET0 ESMF_YAMLCPP                : enabled
20210424 145445.575 INFO             PET0  NUMBER_OF_PROCESSORS           1
20210424 145445.575 INFO             PET0  PASS  Example ESMF_TimeIntervalEx, ESMF_TimeIntervalEx.F90, line 176
20210424 145445.575 INFO             PET0 Finalizing ESMF
