build time -- 2021-04-28 06:14:41
20210428 063645.633 INFO             PET0 !!!!!!!!!!!!!!!!!!!!!!!!!!!!!!!!!!!!!!!!!!!!!!!!!!!!!!
20210428 063645.633 INFO             PET0 !!! THE ESMF_LOG IS SET TO OUTPUT ALL LOG MESSAGES !!!
20210428 063645.633 INFO             PET0 !!!     THIS MAY CAUSE SLOWDOWN IN PERFORMANCE     !!!
20210428 063645.633 INFO             PET0 !!! FOR PRODUCTION RUNS, USE:                      !!!
20210428 063645.633 INFO             PET0 !!!                   ESMF_LOGKIND_Multi_On_Error  !!!
20210428 063645.633 INFO             PET0 !!!!!!!!!!!!!!!!!!!!!!!!!!!!!!!!!!!!!!!!!!!!!!!!!!!!!!
20210428 063645.633 INFO             PET0 Running with ESMF Version   : ESMF_8_2_0_beta_snapshot_05-6-gb8c1a7077f
20210428 063645.633 INFO             PET0 ESMF library build date/time: "Apr 28 2021" "06:13:39"
20210428 063645.633 INFO             PET0 ESMF library build location : /scratch1/NCEPDEV/stmp2/Mark.Potts/gfortran_9.2.0_mpiuni_g_develop
20210428 063645.633 INFO             PET0 ESMF_COMM                   : mpiuni
20210428 063645.634 INFO             PET0 ESMF_MOAB                   : enabled
20210428 063645.634 INFO             PET0 ESMF_LAPACK                 : enabled
20210428 063645.634 INFO             PET0 ESMF_NETCDF                 : enabled
20210428 063645.634 INFO             PET0 ESMF_PNETCDF                : disabled
20210428 063645.634 INFO             PET0 ESMF_PIO                    : disabled
20210428 063645.634 INFO             PET0 ESMF_YAMLCPP                : enabled
20210428 063645.636 INFO             PET0  NUMBER_OF_PROCESSORS           1
20210428 063645.636 INFO             PET0  PASS  Example ESMF_AppMainEx, ESMF_AppMainEx.F90, line 486
20210428 063645.636 INFO             PET0 Finalizing ESMF
