build time -- 2021-04-26 06:21:45
20210426 065346.546 INFO             PET0 !!!!!!!!!!!!!!!!!!!!!!!!!!!!!!!!!!!!!!!!!!!!!!!!!!!!!!
20210426 065346.546 INFO             PET0 !!! THE ESMF_LOG IS SET TO OUTPUT ALL LOG MESSAGES !!!
20210426 065346.546 INFO             PET0 !!!     THIS MAY CAUSE SLOWDOWN IN PERFORMANCE     !!!
20210426 065346.546 INFO             PET0 !!! FOR PRODUCTION RUNS, USE:                      !!!
20210426 065346.546 INFO             PET0 !!!                   ESMF_LOGKIND_Multi_On_Error  !!!
20210426 065346.546 INFO             PET0 !!!!!!!!!!!!!!!!!!!!!!!!!!!!!!!!!!!!!!!!!!!!!!!!!!!!!!
20210426 065346.546 INFO             PET0 Running with ESMF Version   : ESMF_8_2_0_beta_snapshot_05-4-g394ef51454
20210426 065346.546 INFO             PET0 ESMF library build date/time: "Apr 26 2021" "06:19:38"
20210426 065346.546 INFO             PET0 ESMF library build location : /scratch1/NCEPDEV/stmp2/Mark.Potts/intel_18.0.4_intelmpi_g_develop
20210426 065346.546 INFO             PET0 ESMF_COMM                   : intelmpi
20210426 065346.547 INFO             PET0 ESMF_MOAB                   : enabled
20210426 065346.547 INFO             PET0 ESMF_LAPACK                 : enabled
20210426 065346.547 INFO             PET0 ESMF_NETCDF                 : enabled
20210426 065346.547 INFO             PET0 ESMF_PNETCDF                : disabled
20210426 065346.547 INFO             PET0 ESMF_PIO                    : enabled
20210426 065346.547 INFO             PET0 ESMF_YAMLCPP                : enabled
20210426 065346.548 INFO             PET0  NUMBER_OF_PROCESSORS           1
20210426 065346.548 INFO             PET0  PASS  Example ESMF_TimeEx, ESMF_TimeEx.F90, line 141
20210426 065346.548 INFO             PET0 Finalizing ESMF
