build time -- 2021-04-26 06:27:47
20210426 065609.748 INFO             PET0 !!!!!!!!!!!!!!!!!!!!!!!!!!!!!!!!!!!!!!!!!!!!!!!!!!!!!!
20210426 065609.748 INFO             PET0 !!! THE ESMF_LOG IS SET TO OUTPUT ALL LOG MESSAGES !!!
20210426 065609.748 INFO             PET0 !!!     THIS MAY CAUSE SLOWDOWN IN PERFORMANCE     !!!
20210426 065609.748 INFO             PET0 !!! FOR PRODUCTION RUNS, USE:                      !!!
20210426 065609.748 INFO             PET0 !!!                   ESMF_LOGKIND_Multi_On_Error  !!!
20210426 065609.748 INFO             PET0 !!!!!!!!!!!!!!!!!!!!!!!!!!!!!!!!!!!!!!!!!!!!!!!!!!!!!!
20210426 065609.748 INFO             PET0 Running with ESMF Version   : ESMF_8_1_1
20210426 065609.748 INFO             PET0 ESMF library build date/time: "Apr 26 2021" "06:25:23"
20210426 065609.748 INFO             PET0 ESMF library build location : /scratch1/NCEPDEV/stmp2/Mark.Potts/intel_18.0.4_mpiuni_g_patch_8.1.1
20210426 065609.748 INFO             PET0 ESMF_COMM                   : mpiuni
20210426 065609.749 INFO             PET0 ESMF_MOAB                   : enabled
20210426 065609.749 INFO             PET0 ESMF_LAPACK                 : enabled
20210426 065609.749 INFO             PET0 ESMF_NETCDF                 : enabled
20210426 065609.750 INFO             PET0 ESMF_PNETCDF                : disabled
20210426 065609.750 INFO             PET0 ESMF_PIO                    : disabled
20210426 065609.750 INFO             PET0 ESMF_YAMLCPP                : enabled
20210426 065609.751 INFO             PET0  NUMBER_OF_PROCESSORS           1
20210426 065609.751 INFO             PET0  PASS  Example ESMF_VMAllFullReduceEx, ESMF_VMAllFullReduceEx.F90, line 113
20210426 065609.751 INFO             PET0 Finalizing ESMF
