build time -- 2021-04-23 17:39:43
20210423 183102.271 INFO             PET0 !!!!!!!!!!!!!!!!!!!!!!!!!!!!!!!!!!!!!!!!!!!!!!!!!!!!!!
20210423 183102.271 INFO             PET0 !!! THE ESMF_LOG IS SET TO OUTPUT ALL LOG MESSAGES !!!
20210423 183102.271 INFO             PET0 !!!     THIS MAY CAUSE SLOWDOWN IN PERFORMANCE     !!!
20210423 183102.271 INFO             PET0 !!! FOR PRODUCTION RUNS, USE:                      !!!
20210423 183102.271 INFO             PET0 !!!                   ESMF_LOGKIND_Multi_On_Error  !!!
20210423 183102.271 INFO             PET0 !!!!!!!!!!!!!!!!!!!!!!!!!!!!!!!!!!!!!!!!!!!!!!!!!!!!!!
20210423 183102.271 INFO             PET0 Running with ESMF Version   : ESMF_8_1_1
20210423 183102.271 INFO             PET0 ESMF library build date/time: "Apr 23 2021" "17:32:49"
20210423 183102.271 INFO             PET0 ESMF library build location : /scratch1/NCEPDEV/stmp2/Mark.Potts/intel_18.0.4_mpiuni_g_patch_8.1.1
20210423 183102.271 INFO             PET0 ESMF_COMM                   : mpiuni
20210423 183102.272 INFO             PET0 ESMF_MOAB                   : enabled
20210423 183102.272 INFO             PET0 ESMF_LAPACK                 : enabled
20210423 183102.272 INFO             PET0 ESMF_NETCDF                 : enabled
20210423 183102.272 INFO             PET0 ESMF_PNETCDF                : disabled
20210423 183102.272 INFO             PET0 ESMF_PIO                    : disabled
20210423 183102.272 INFO             PET0 ESMF_YAMLCPP                : enabled
20210423 183102.272 INFO             PET0 Log Write 2
20210423 183102.272 ERROR            PET0 Invalid object  - Convergence failure
20210423 183102.273 ERROR            PET0 ESMCI_Fraction.C:1444 ESMCI::Fraction::validate() must have non-zero denominator.
20210423 183102.273 ERROR            PET0 ESMCI_Time.C:838 ESMCI::Time::syncToRealTime() Wrong argument specified  - ; calkindflag is JULIANDAY, MODJULIANDAY or NOCALENDAR.
20210423 183102.273 ERROR            PET0 ESMF_Time.F90:1485 ESMF_TimeSyncToRealTime() Wrong argument specified  - Internal subroutine call returned Error
20210423 183102.273 ERROR            PET0 Wrong argument specified  - getting wall clock time
20210423 183102.274 INFO             PET0  NUMBER_OF_PROCESSORS           1
20210423 183102.275 INFO             PET0  PASS  Example ESMF_LogErrEx, ESMF_LogErrEx.F90, line 186
20210423 183102.275 INFO             PET0 Finalizing ESMF
