build time -- 2021-04-26 06:14:23
20210426 063602.915 INFO             PET0 !!!!!!!!!!!!!!!!!!!!!!!!!!!!!!!!!!!!!!!!!!!!!!!!!!!!!!
20210426 063602.916 INFO             PET0 !!! THE ESMF_LOG IS SET TO OUTPUT ALL LOG MESSAGES !!!
20210426 063602.916 INFO             PET0 !!!     THIS MAY CAUSE SLOWDOWN IN PERFORMANCE     !!!
20210426 063602.916 INFO             PET0 !!! FOR PRODUCTION RUNS, USE:                      !!!
20210426 063602.916 INFO             PET0 !!!                   ESMF_LOGKIND_Multi_On_Error  !!!
20210426 063602.916 INFO             PET0 !!!!!!!!!!!!!!!!!!!!!!!!!!!!!!!!!!!!!!!!!!!!!!!!!!!!!!
20210426 063602.916 INFO             PET0 Running with ESMF Version   : ESMF_8_1_1
20210426 063602.916 INFO             PET0 ESMF library build date/time: "Apr 26 2021" "06:12:52"
20210426 063602.916 INFO             PET0 ESMF library build location : /scratch1/NCEPDEV/stmp2/Mark.Potts/intel_18.0.4_mpiuni_O_patch_8.1.1
20210426 063602.916 INFO             PET0 ESMF_COMM                   : mpiuni
20210426 063602.916 INFO             PET0 ESMF_MOAB                   : enabled
20210426 063602.916 INFO             PET0 ESMF_LAPACK                 : enabled
20210426 063602.916 INFO             PET0 ESMF_NETCDF                 : enabled
20210426 063602.916 INFO             PET0 ESMF_PNETCDF                : disabled
20210426 063602.916 INFO             PET0 ESMF_PIO                    : disabled
20210426 063602.916 INFO             PET0 ESMF_YAMLCPP                : enabled
20210426 063602.919 INFO             PET0 ESMF_FieldRedistStoreNF(): Just entered routine.
20210426 063603.004 INFO             PET0 ESMF_FieldRedistStoreNF(): Leaving routine.
20210426 063603.016 INFO             PET0  NUMBER_OF_PROCESSORS           1
20210426 063603.017 INFO             PET0  PASS  Example ESMF_RHandleFromFileEx, ESMF_RHandleFromFileEx.F90, line 192
20210426 063603.017 INFO             PET0 Finalizing ESMF
