build time -- 2021-04-27 17:57:07
 localPET=           0  localDE=           0 : array(           1 ,           1 )=   0.0000000000000000     
 localPET=           0  localDE=           0 : array(           1 ,           2 )=   4.2439915829186759E-314
 localPET=           0  localDE=           0 : array(           2 ,           1 )=   4.2439915829186759E-314
 localPET=           0  localDE=           0 : array(           2 ,           2 )=   2.1219957924474693E-314
 localPET=           0  localDE=           0 : array(           3 ,           1 )=   4.2439915834127416E-314
 localPET=           0  localDE=           0 : array(           3 ,           2 )=   2.1219957919534036E-314
 localPET=           1  localDE=           0 : array(           1 ,           1 )=   1.4921786445797995E-316
 localPET=           1  localDE=           0 : array(           1 ,           2 )=   0.0000000000000000     
 localPET=           1  localDE=           0 : array(           2 ,           1 )=   4.2439915824246103E-314
 localPET=           1  localDE=           0 : array(           2 ,           2 )=   0.0000000000000000     
 localPET=           1  localDE=           1 : array(           1 ,           1 )=   1.5168408206101278E-316
 localPET=           1  localDE=           1 : array(           2 ,           1 )=   1.1452805777846906E-310
 localPET=           2  localDE=           0 : array(           1 ,           1 )=   0.0000000000000000     
 localPET=           2  localDE=           0 : array(           1 ,           2 )=   4.2439915829186759E-314
 localPET=           2  localDE=           0 : array(           2 ,           1 )=   4.2439915829186759E-314
 localPET=           2  localDE=           0 : array(           2 ,           2 )=   2.1219957924474693E-314
 localPET=           2  localDE=           0 : array(           3 ,           1 )=   4.2439915834127416E-314
 localPET=           2  localDE=           0 : array(           3 ,           2 )=   2.1219957919534036E-314
 localPet:            2 DE            2  [           1           3 ]
 localPET=           3  localDE=           0 : array(           1 ,           1 )=   7.7711071606097994E-317
 localPET=           3  localDE=           0 : array(           1 ,           2 )=   6.0134700169990685E-154
 localPET=           3  localDE=           0 : array(           2 ,           1 )=   1.1540963218924937E-310
 localPET=           3  localDE=           0 : array(           2 ,           2 )=   6.1091634754708511E+223
 localPet:            3 DE            3  [           1           2 ]
 localPET=           0  localDE=           1 : array(           1 ,           1 )=   1.4082143619579214E-316
 localPET=           0  localDE=           1 : array(           2 ,           1 )=   1.1069029641740053E-310
 localPET=           0  localDE=           1 : array(           3 ,           1 )=   1.1069019173275571E-310
 localPet:            0 DE            0  [           1           3 ]
 localPet:            0 DE            4  [           1           3 ]
 localPet:            1 DE            1  [           1           2 ]
 localPet:            1 DE            5  [           1           2 ]
  PASS  Example ESMF_ArrayEx, ESMF_ArrayEx.F90, line 1899
 PASS: ESMF_ArrayEx.F90
  PASS  Example ESMF_ArrayEx, ESMF_ArrayEx.F90, line 1899
 PASS: ESMF_ArrayEx.F90
  PASS  Example ESMF_ArrayEx, ESMF_ArrayEx.F90, line 1899
 PASS: ESMF_ArrayEx.F90
  PASS  Example ESMF_ArrayEx, ESMF_ArrayEx.F90, line 1899
 PASS: ESMF_ArrayEx.F90
