build time -- 2021-04-27 02:35:52
20210427 025853.722 INFO             PET0 !!!!!!!!!!!!!!!!!!!!!!!!!!!!!!!!!!!!!!!!!!!!!!!!!!!!!!
20210427 025853.722 INFO             PET0 !!! THE ESMF_LOG IS SET TO OUTPUT ALL LOG MESSAGES !!!
20210427 025853.722 INFO             PET0 !!!     THIS MAY CAUSE SLOWDOWN IN PERFORMANCE     !!!
20210427 025853.722 INFO             PET0 !!! FOR PRODUCTION RUNS, USE:                      !!!
20210427 025853.722 INFO             PET0 !!!                   ESMF_LOGKIND_Multi_On_Error  !!!
20210427 025853.722 INFO             PET0 !!!!!!!!!!!!!!!!!!!!!!!!!!!!!!!!!!!!!!!!!!!!!!!!!!!!!!
20210427 025853.722 INFO             PET0 Running with ESMF Version   : ESMF_8_2_0_beta_snapshot_05-6-gb8c1a70
20210427 025853.722 INFO             PET0 ESMF library build date/time: "Apr 27 2021" "02:34:31"
20210427 025853.722 INFO             PET0 ESMF library build location : /work/noaa/da/mpotts/sandbox/gfortran_8.3.0_openmpi_g_develop
20210427 025853.722 INFO             PET0 ESMF_COMM                   : openmpi
20210427 025853.722 INFO             PET0 ESMF_MOAB                   : enabled
20210427 025853.722 INFO             PET0 ESMF_LAPACK                 : enabled
20210427 025853.722 INFO             PET0 ESMF_NETCDF                 : enabled
20210427 025853.722 INFO             PET0 ESMF_PNETCDF                : disabled
20210427 025853.722 INFO             PET0 ESMF_PIO                    : enabled
20210427 025853.722 INFO             PET0 ESMF_YAMLCPP                : enabled
20210427 025853.725 INFO             PET0  NUMBER_OF_PROCESSORS           4
20210427 025853.726 INFO             PET0  PASS  Example ESMF_FieldRepDimEx, ESMF_FieldRepDimEx.F90, line 228
20210427 025853.726 INFO             PET0 Finalizing ESMF
20210427 025853.722 INFO             PET1 !!!!!!!!!!!!!!!!!!!!!!!!!!!!!!!!!!!!!!!!!!!!!!!!!!!!!!
20210427 025853.722 INFO             PET1 !!! THE ESMF_LOG IS SET TO OUTPUT ALL LOG MESSAGES !!!
20210427 025853.722 INFO             PET1 !!!     THIS MAY CAUSE SLOWDOWN IN PERFORMANCE     !!!
20210427 025853.722 INFO             PET1 !!! FOR PRODUCTION RUNS, USE:                      !!!
20210427 025853.722 INFO             PET1 !!!                   ESMF_LOGKIND_Multi_On_Error  !!!
20210427 025853.722 INFO             PET1 !!!!!!!!!!!!!!!!!!!!!!!!!!!!!!!!!!!!!!!!!!!!!!!!!!!!!!
20210427 025853.722 INFO             PET1 Running with ESMF Version   : ESMF_8_2_0_beta_snapshot_05-6-gb8c1a70
20210427 025853.722 INFO             PET1 ESMF library build date/time: "Apr 27 2021" "02:34:31"
20210427 025853.722 INFO             PET1 ESMF library build location : /work/noaa/da/mpotts/sandbox/gfortran_8.3.0_openmpi_g_develop
20210427 025853.722 INFO             PET1 ESMF_COMM                   : openmpi
20210427 025853.722 INFO             PET1 ESMF_MOAB                   : enabled
20210427 025853.722 INFO             PET1 ESMF_LAPACK                 : enabled
20210427 025853.722 INFO             PET1 ESMF_NETCDF                 : enabled
20210427 025853.722 INFO             PET1 ESMF_PNETCDF                : disabled
20210427 025853.722 INFO             PET1 ESMF_PIO                    : enabled
20210427 025853.722 INFO             PET1 ESMF_YAMLCPP                : enabled
20210427 025853.725 INFO             PET1  NUMBER_OF_PROCESSORS           4
20210427 025853.725 INFO             PET1  PASS  Example ESMF_FieldRepDimEx, ESMF_FieldRepDimEx.F90, line 228
20210427 025853.725 INFO             PET1 Finalizing ESMF
20210427 025853.722 INFO             PET2 !!!!!!!!!!!!!!!!!!!!!!!!!!!!!!!!!!!!!!!!!!!!!!!!!!!!!!
20210427 025853.722 INFO             PET2 !!! THE ESMF_LOG IS SET TO OUTPUT ALL LOG MESSAGES !!!
20210427 025853.722 INFO             PET2 !!!     THIS MAY CAUSE SLOWDOWN IN PERFORMANCE     !!!
20210427 025853.722 INFO             PET2 !!! FOR PRODUCTION RUNS, USE:                      !!!
20210427 025853.722 INFO             PET2 !!!                   ESMF_LOGKIND_Multi_On_Error  !!!
20210427 025853.722 INFO             PET2 !!!!!!!!!!!!!!!!!!!!!!!!!!!!!!!!!!!!!!!!!!!!!!!!!!!!!!
20210427 025853.722 INFO             PET2 Running with ESMF Version   : ESMF_8_2_0_beta_snapshot_05-6-gb8c1a70
20210427 025853.722 INFO             PET2 ESMF library build date/time: "Apr 27 2021" "02:34:31"
20210427 025853.722 INFO             PET2 ESMF library build location : /work/noaa/da/mpotts/sandbox/gfortran_8.3.0_openmpi_g_develop
20210427 025853.722 INFO             PET2 ESMF_COMM                   : openmpi
20210427 025853.723 INFO             PET2 ESMF_MOAB                   : enabled
20210427 025853.723 INFO             PET2 ESMF_LAPACK                 : enabled
20210427 025853.723 INFO             PET2 ESMF_NETCDF                 : enabled
20210427 025853.723 INFO             PET2 ESMF_PNETCDF                : disabled
20210427 025853.723 INFO             PET2 ESMF_PIO                    : enabled
20210427 025853.723 INFO             PET2 ESMF_YAMLCPP                : enabled
20210427 025853.725 INFO             PET2  NUMBER_OF_PROCESSORS           4
20210427 025853.725 INFO             PET2  PASS  Example ESMF_FieldRepDimEx, ESMF_FieldRepDimEx.F90, line 228
20210427 025853.725 INFO             PET2 Finalizing ESMF
20210427 025853.721 INFO             PET3 !!!!!!!!!!!!!!!!!!!!!!!!!!!!!!!!!!!!!!!!!!!!!!!!!!!!!!
20210427 025853.722 INFO             PET3 !!! THE ESMF_LOG IS SET TO OUTPUT ALL LOG MESSAGES !!!
20210427 025853.722 INFO             PET3 !!!     THIS MAY CAUSE SLOWDOWN IN PERFORMANCE     !!!
20210427 025853.722 INFO             PET3 !!! FOR PRODUCTION RUNS, USE:                      !!!
20210427 025853.722 INFO             PET3 !!!                   ESMF_LOGKIND_Multi_On_Error  !!!
20210427 025853.722 INFO             PET3 !!!!!!!!!!!!!!!!!!!!!!!!!!!!!!!!!!!!!!!!!!!!!!!!!!!!!!
20210427 025853.722 INFO             PET3 Running with ESMF Version   : ESMF_8_2_0_beta_snapshot_05-6-gb8c1a70
20210427 025853.722 INFO             PET3 ESMF library build date/time: "Apr 27 2021" "02:34:31"
20210427 025853.722 INFO             PET3 ESMF library build location : /work/noaa/da/mpotts/sandbox/gfortran_8.3.0_openmpi_g_develop
20210427 025853.722 INFO             PET3 ESMF_COMM                   : openmpi
20210427 025853.722 INFO             PET3 ESMF_MOAB                   : enabled
20210427 025853.722 INFO             PET3 ESMF_LAPACK                 : enabled
20210427 025853.722 INFO             PET3 ESMF_NETCDF                 : enabled
20210427 025853.722 INFO             PET3 ESMF_PNETCDF                : disabled
20210427 025853.722 INFO             PET3 ESMF_PIO                    : enabled
20210427 025853.722 INFO             PET3 ESMF_YAMLCPP                : enabled
20210427 025853.725 INFO             PET3  NUMBER_OF_PROCESSORS           4
20210427 025853.725 INFO             PET3  PASS  Example ESMF_FieldRepDimEx, ESMF_FieldRepDimEx.F90, line 228
20210427 025853.725 INFO             PET3 Finalizing ESMF
