build time -- 2021-04-25 02:56:58
20210425 034112.444 INFO             PET0 !!!!!!!!!!!!!!!!!!!!!!!!!!!!!!!!!!!!!!!!!!!!!!!!!!!!!!
20210425 034112.444 INFO             PET0 !!! THE ESMF_LOG IS SET TO OUTPUT ALL LOG MESSAGES !!!
20210425 034112.444 INFO             PET0 !!!     THIS MAY CAUSE SLOWDOWN IN PERFORMANCE     !!!
20210425 034112.444 INFO             PET0 !!! FOR PRODUCTION RUNS, USE:                      !!!
20210425 034112.444 INFO             PET0 !!!                   ESMF_LOGKIND_Multi_On_Error  !!!
20210425 034112.444 INFO             PET0 !!!!!!!!!!!!!!!!!!!!!!!!!!!!!!!!!!!!!!!!!!!!!!!!!!!!!!
20210425 034112.444 INFO             PET0 Running with ESMF Version   : ESMF_8_2_0_beta_snapshot_05-4-g394ef51
20210425 034112.444 INFO             PET0 ESMF library build date/time: "Apr 25 2021" "02:55:28"
20210425 034112.444 INFO             PET0 ESMF library build location : /work/noaa/da/mpotts/sandbox/gfortran_8.3.0_openmpi_g_develop
20210425 034112.444 INFO             PET0 ESMF_COMM                   : openmpi
20210425 034112.444 INFO             PET0 ESMF_MOAB                   : enabled
20210425 034112.444 INFO             PET0 ESMF_LAPACK                 : enabled
20210425 034112.444 INFO             PET0 ESMF_NETCDF                 : enabled
20210425 034112.444 INFO             PET0 ESMF_PNETCDF                : disabled
20210425 034112.444 INFO             PET0 ESMF_PIO                    : enabled
20210425 034112.444 INFO             PET0 ESMF_YAMLCPP                : enabled
20210425 034112.445 INFO             PET0  NUMBER_OF_PROCESSORS           1
20210425 034112.445 INFO             PET0  PASS  Example CalendarEx, ESMF_CalendarEx.F90, line 217
20210425 034112.445 INFO             PET0 Finalizing ESMF
