build time -- 2021-04-23 00:34:10
 localPET=           0  localDE=           0 : array(           1 ,           1 )=   0.0000000000000000     
 localPET=           0  localDE=           0 : array(           1 ,           2 )=   0.0000000000000000     
 localPET=           0  localDE=           0 : array(           2 ,           1 )=   4.2439915824246103E-314
 localPET=           0  localDE=           0 : array(           2 ,           2 )=   0.0000000000000000     
 localPET=           0  localDE=           0 : array(           3 ,           1 )=   0.0000000000000000     
 localPET=           0  localDE=           0 : array(           3 ,           2 )=   2.3480368606360490E-310
 localPET=           0  localDE=           1 : array(           1 ,           1 )=   1.7352115120316920E-316
 localPET=           0  localDE=           1 : array(           2 ,           1 )=   2.1219957914593380E-314
 localPET=           0  localDE=           1 : array(           3 ,           1 )=   8.4879831653432862E-314
 localPET=           1  localDE=           0 : array(           1 ,           1 )=   1.4143336614210527E-316
 localPET=           1  localDE=           0 : array(           1 ,           2 )=   2.3391527800637353E-310
 localPET=           1  localDE=           0 : array(           2 ,           1 )=   2.1219957914593380E-314
 localPET=           1  localDE=           0 : array(           2 ,           2 )=   2.3391527800637353E-310
 localPET=           1  localDE=           1 : array(           1 ,           1 )=   1.4362488324605037E-316
 localPET=           1  localDE=           1 : array(           2 ,           1 )=   2.3391527800637353E-310
 localPET=           2  localDE=           0 : array(           1 ,           1 )=   0.0000000000000000     
 localPET=           2  localDE=           0 : array(           1 ,           2 )=   8.4879831663314175E-314
 localPET=           2  localDE=           0 : array(           2 ,           1 )=   4.2439915844008729E-314
 localPET=           2  localDE=           0 : array(           2 ,           2 )=   1.0609978956308559E-313
 localPET=           2  localDE=           0 : array(           3 ,           1 )=   8.4879831653432862E-314
 localPET=           2  localDE=           0 : array(           3 ,           2 )=   1.0609978957296690E-313
 localPET=           3  localDE=           0 : array(           1 ,           1 )=   2.0063942637210354E-316
 localPET=           3  localDE=           0 : array(           1 ,           2 )=   0.0000000000000000     
 localPET=           3  localDE=           0 : array(           2 ,           1 )=   2.3279225125275888E-310
 localPET=           3  localDE=           0 : array(           2 ,           2 )=   0.0000000000000000     
 localPet:            3 DE            3  [           1           2 ]
 localPet:            0 DE            0  [           1           3 ]
 localPet:            0 DE            4  [           1           3 ]
 localPet:            1 DE            1  [           1           2 ]
 localPet:            1 DE            5  [           1           2 ]
 localPet:            2 DE            2  [           1           3 ]
  PASS  Example ESMF_ArrayEx, ESMF_ArrayEx.F90, line 1899
 PASS: ESMF_ArrayEx.F90
  PASS  Example ESMF_ArrayEx, ESMF_ArrayEx.F90, line 1899
 PASS: ESMF_ArrayEx.F90
  PASS  Example ESMF_ArrayEx, ESMF_ArrayEx.F90, line 1899
 PASS: ESMF_ArrayEx.F90
  PASS  Example ESMF_ArrayEx, ESMF_ArrayEx.F90, line 1899
 PASS: ESMF_ArrayEx.F90
