build time -- 2021-04-23 00:34:10
20210423 011548.357 INFO             PET0 !!!!!!!!!!!!!!!!!!!!!!!!!!!!!!!!!!!!!!!!!!!!!!!!!!!!!!
20210423 011548.357 INFO             PET0 !!! THE ESMF_LOG IS SET TO OUTPUT ALL LOG MESSAGES !!!
20210423 011548.357 INFO             PET0 !!!     THIS MAY CAUSE SLOWDOWN IN PERFORMANCE     !!!
20210423 011548.357 INFO             PET0 !!! FOR PRODUCTION RUNS, USE:                      !!!
20210423 011548.357 INFO             PET0 !!!                   ESMF_LOGKIND_Multi_On_Error  !!!
20210423 011548.357 INFO             PET0 !!!!!!!!!!!!!!!!!!!!!!!!!!!!!!!!!!!!!!!!!!!!!!!!!!!!!!
20210423 011548.357 INFO             PET0 Running with ESMF Version   : ESMF_8_1_1
20210423 011548.357 INFO             PET0 ESMF library build date/time: "Apr 23 2021" "00:33:12"
20210423 011548.357 INFO             PET0 ESMF library build location : /scratch1/NCEPDEV/stmp2/Mark.Potts/gfortran_9.2.0b_intelmpi_O_patch_8.1.1
20210423 011548.357 INFO             PET0 ESMF_COMM                   : intelmpi
20210423 011548.359 INFO             PET0 ESMF_MOAB                   : enabled
20210423 011548.359 INFO             PET0 ESMF_LAPACK                 : enabled
20210423 011548.359 INFO             PET0 ESMF_NETCDF                 : disabled
20210423 011548.359 INFO             PET0 ESMF_PNETCDF                : disabled
20210423 011548.359 INFO             PET0 ESMF_PIO                    : enabled
20210423 011548.359 INFO             PET0 ESMF_YAMLCPP                : enabled
20210423 011548.364 INFO             PET0 ESMF_FieldRedistStoreNF(): Just entered routine.
20210423 011548.417 INFO             PET0 ESMF_FieldRedistStoreNF(): Leaving routine.
20210423 011548.418 INFO             PET0  NUMBER_OF_PROCESSORS           4
20210423 011548.418 INFO             PET0  PASS  Example ESMF_RHandleFromRHandleEx, ESMF_RHandleFromRHandleEx.F90, line 660
20210423 011548.418 INFO             PET0 Finalizing ESMF
20210423 011548.357 INFO             PET1 !!!!!!!!!!!!!!!!!!!!!!!!!!!!!!!!!!!!!!!!!!!!!!!!!!!!!!
20210423 011548.357 INFO             PET1 !!! THE ESMF_LOG IS SET TO OUTPUT ALL LOG MESSAGES !!!
20210423 011548.357 INFO             PET1 !!!     THIS MAY CAUSE SLOWDOWN IN PERFORMANCE     !!!
20210423 011548.357 INFO             PET1 !!! FOR PRODUCTION RUNS, USE:                      !!!
20210423 011548.357 INFO             PET1 !!!                   ESMF_LOGKIND_Multi_On_Error  !!!
20210423 011548.357 INFO             PET1 !!!!!!!!!!!!!!!!!!!!!!!!!!!!!!!!!!!!!!!!!!!!!!!!!!!!!!
20210423 011548.357 INFO             PET1 Running with ESMF Version   : ESMF_8_1_1
20210423 011548.357 INFO             PET1 ESMF library build date/time: "Apr 23 2021" "00:33:12"
20210423 011548.357 INFO             PET1 ESMF library build location : /scratch1/NCEPDEV/stmp2/Mark.Potts/gfortran_9.2.0b_intelmpi_O_patch_8.1.1
20210423 011548.357 INFO             PET1 ESMF_COMM                   : intelmpi
20210423 011548.359 INFO             PET1 ESMF_MOAB                   : enabled
20210423 011548.359 INFO             PET1 ESMF_LAPACK                 : enabled
20210423 011548.359 INFO             PET1 ESMF_NETCDF                 : disabled
20210423 011548.359 INFO             PET1 ESMF_PNETCDF                : disabled
20210423 011548.359 INFO             PET1 ESMF_PIO                    : enabled
20210423 011548.359 INFO             PET1 ESMF_YAMLCPP                : enabled
20210423 011548.364 INFO             PET1 ESMF_FieldRedistStoreNF(): Just entered routine.
20210423 011548.417 INFO             PET1 ESMF_FieldRedistStoreNF(): Leaving routine.
20210423 011548.418 INFO             PET1  NUMBER_OF_PROCESSORS           4
20210423 011548.418 INFO             PET1  PASS  Example ESMF_RHandleFromRHandleEx, ESMF_RHandleFromRHandleEx.F90, line 660
20210423 011548.418 INFO             PET1 Finalizing ESMF
20210423 011548.356 INFO             PET2 !!!!!!!!!!!!!!!!!!!!!!!!!!!!!!!!!!!!!!!!!!!!!!!!!!!!!!
20210423 011548.357 INFO             PET2 !!! THE ESMF_LOG IS SET TO OUTPUT ALL LOG MESSAGES !!!
20210423 011548.357 INFO             PET2 !!!     THIS MAY CAUSE SLOWDOWN IN PERFORMANCE     !!!
20210423 011548.357 INFO             PET2 !!! FOR PRODUCTION RUNS, USE:                      !!!
20210423 011548.357 INFO             PET2 !!!                   ESMF_LOGKIND_Multi_On_Error  !!!
20210423 011548.357 INFO             PET2 !!!!!!!!!!!!!!!!!!!!!!!!!!!!!!!!!!!!!!!!!!!!!!!!!!!!!!
20210423 011548.357 INFO             PET2 Running with ESMF Version   : ESMF_8_1_1
20210423 011548.357 INFO             PET2 ESMF library build date/time: "Apr 23 2021" "00:33:12"
20210423 011548.357 INFO             PET2 ESMF library build location : /scratch1/NCEPDEV/stmp2/Mark.Potts/gfortran_9.2.0b_intelmpi_O_patch_8.1.1
20210423 011548.357 INFO             PET2 ESMF_COMM                   : intelmpi
20210423 011548.359 INFO             PET2 ESMF_MOAB                   : enabled
20210423 011548.359 INFO             PET2 ESMF_LAPACK                 : enabled
20210423 011548.359 INFO             PET2 ESMF_NETCDF                 : disabled
20210423 011548.359 INFO             PET2 ESMF_PNETCDF                : disabled
20210423 011548.359 INFO             PET2 ESMF_PIO                    : enabled
20210423 011548.359 INFO             PET2 ESMF_YAMLCPP                : enabled
20210423 011548.364 INFO             PET2 ESMF_FieldRedistStoreNF(): Just entered routine.
20210423 011548.417 INFO             PET2 ESMF_FieldRedistStoreNF(): Leaving routine.
20210423 011548.420 INFO             PET2  NUMBER_OF_PROCESSORS           4
20210423 011548.420 INFO             PET2  PASS  Example ESMF_RHandleFromRHandleEx, ESMF_RHandleFromRHandleEx.F90, line 660
20210423 011548.420 INFO             PET2 Finalizing ESMF
20210423 011548.356 INFO             PET3 !!!!!!!!!!!!!!!!!!!!!!!!!!!!!!!!!!!!!!!!!!!!!!!!!!!!!!
20210423 011548.356 INFO             PET3 !!! THE ESMF_LOG IS SET TO OUTPUT ALL LOG MESSAGES !!!
20210423 011548.356 INFO             PET3 !!!     THIS MAY CAUSE SLOWDOWN IN PERFORMANCE     !!!
20210423 011548.356 INFO             PET3 !!! FOR PRODUCTION RUNS, USE:                      !!!
20210423 011548.356 INFO             PET3 !!!                   ESMF_LOGKIND_Multi_On_Error  !!!
20210423 011548.356 INFO             PET3 !!!!!!!!!!!!!!!!!!!!!!!!!!!!!!!!!!!!!!!!!!!!!!!!!!!!!!
20210423 011548.356 INFO             PET3 Running with ESMF Version   : ESMF_8_1_1
20210423 011548.356 INFO             PET3 ESMF library build date/time: "Apr 23 2021" "00:33:12"
20210423 011548.356 INFO             PET3 ESMF library build location : /scratch1/NCEPDEV/stmp2/Mark.Potts/gfortran_9.2.0b_intelmpi_O_patch_8.1.1
20210423 011548.356 INFO             PET3 ESMF_COMM                   : intelmpi
20210423 011548.359 INFO             PET3 ESMF_MOAB                   : enabled
20210423 011548.359 INFO             PET3 ESMF_LAPACK                 : enabled
20210423 011548.359 INFO             PET3 ESMF_NETCDF                 : disabled
20210423 011548.359 INFO             PET3 ESMF_PNETCDF                : disabled
20210423 011548.359 INFO             PET3 ESMF_PIO                    : enabled
20210423 011548.359 INFO             PET3 ESMF_YAMLCPP                : enabled
20210423 011548.364 INFO             PET3 ESMF_FieldRedistStoreNF(): Just entered routine.
20210423 011548.417 INFO             PET3 ESMF_FieldRedistStoreNF(): Leaving routine.
20210423 011548.422 INFO             PET3  NUMBER_OF_PROCESSORS           4
20210423 011548.422 INFO             PET3  PASS  Example ESMF_RHandleFromRHandleEx, ESMF_RHandleFromRHandleEx.F90, line 660
20210423 011548.422 INFO             PET3 Finalizing ESMF
