build time -- 2021-04-23 12:23:56
20210423 124350.877 INFO             PET0 !!!!!!!!!!!!!!!!!!!!!!!!!!!!!!!!!!!!!!!!!!!!!!!!!!!!!!
20210423 124350.877 INFO             PET0 !!! THE ESMF_LOG IS SET TO OUTPUT ALL LOG MESSAGES !!!
20210423 124350.877 INFO             PET0 !!!     THIS MAY CAUSE SLOWDOWN IN PERFORMANCE     !!!
20210423 124350.877 INFO             PET0 !!! FOR PRODUCTION RUNS, USE:                      !!!
20210423 124350.877 INFO             PET0 !!!                   ESMF_LOGKIND_Multi_On_Error  !!!
20210423 124350.877 INFO             PET0 !!!!!!!!!!!!!!!!!!!!!!!!!!!!!!!!!!!!!!!!!!!!!!!!!!!!!!
20210423 124350.877 INFO             PET0 Running with ESMF Version   : 8.2.0 beta snapshot
20210423 124350.877 INFO             PET0 ESMF library build date/time: "Apr 23 2021" "12:22:44"
20210423 124350.877 INFO             PET0 ESMF library build location : /lfs/h1/emc/ptmp/Mark.Potts/intel_2019.3_mpi_O_develop
20210423 124350.877 INFO             PET0 ESMF_COMM                   : mpi
20210423 124350.878 INFO             PET0 ESMF_MOAB                   : enabled
20210423 124350.878 INFO             PET0 ESMF_LAPACK                 : enabled
20210423 124350.878 INFO             PET0 ESMF_NETCDF                 : enabled
20210423 124350.878 INFO             PET0 ESMF_PNETCDF                : disabled
20210423 124350.878 INFO             PET0 ESMF_PIO                    : enabled
20210423 124350.878 INFO             PET0 ESMF_YAMLCPP                : enabled
20210423 124350.880 INFO             PET0 ESMF_FieldRedistStoreNF(): Just entered routine.
20210423 124350.910 INFO             PET0 ESMF_FieldRedistStoreNF(): Leaving routine.
20210423 124350.918 INFO             PET0  NUMBER_OF_PROCESSORS           4
20210423 124350.918 INFO             PET0  PASS  Example ESMF_RHandleFromFileEx, ESMF_RHandleFromFileEx.F90, line 192
20210423 124350.918 INFO             PET0 Finalizing ESMF
20210423 124350.877 INFO             PET1 !!!!!!!!!!!!!!!!!!!!!!!!!!!!!!!!!!!!!!!!!!!!!!!!!!!!!!
20210423 124350.877 INFO             PET1 !!! THE ESMF_LOG IS SET TO OUTPUT ALL LOG MESSAGES !!!
20210423 124350.877 INFO             PET1 !!!     THIS MAY CAUSE SLOWDOWN IN PERFORMANCE     !!!
20210423 124350.877 INFO             PET1 !!! FOR PRODUCTION RUNS, USE:                      !!!
20210423 124350.877 INFO             PET1 !!!                   ESMF_LOGKIND_Multi_On_Error  !!!
20210423 124350.877 INFO             PET1 !!!!!!!!!!!!!!!!!!!!!!!!!!!!!!!!!!!!!!!!!!!!!!!!!!!!!!
20210423 124350.877 INFO             PET1 Running with ESMF Version   : 8.2.0 beta snapshot
20210423 124350.877 INFO             PET1 ESMF library build date/time: "Apr 23 2021" "12:22:44"
20210423 124350.877 INFO             PET1 ESMF library build location : /lfs/h1/emc/ptmp/Mark.Potts/intel_2019.3_mpi_O_develop
20210423 124350.877 INFO             PET1 ESMF_COMM                   : mpi
20210423 124350.878 INFO             PET1 ESMF_MOAB                   : enabled
20210423 124350.878 INFO             PET1 ESMF_LAPACK                 : enabled
20210423 124350.878 INFO             PET1 ESMF_NETCDF                 : enabled
20210423 124350.878 INFO             PET1 ESMF_PNETCDF                : disabled
20210423 124350.878 INFO             PET1 ESMF_PIO                    : enabled
20210423 124350.878 INFO             PET1 ESMF_YAMLCPP                : enabled
20210423 124350.880 INFO             PET1 ESMF_FieldRedistStoreNF(): Just entered routine.
20210423 124350.910 INFO             PET1 ESMF_FieldRedistStoreNF(): Leaving routine.
20210423 124350.918 INFO             PET1  NUMBER_OF_PROCESSORS           4
20210423 124350.918 INFO             PET1  PASS  Example ESMF_RHandleFromFileEx, ESMF_RHandleFromFileEx.F90, line 192
20210423 124350.918 INFO             PET1 Finalizing ESMF
20210423 124350.877 INFO             PET2 !!!!!!!!!!!!!!!!!!!!!!!!!!!!!!!!!!!!!!!!!!!!!!!!!!!!!!
20210423 124350.877 INFO             PET2 !!! THE ESMF_LOG IS SET TO OUTPUT ALL LOG MESSAGES !!!
20210423 124350.877 INFO             PET2 !!!     THIS MAY CAUSE SLOWDOWN IN PERFORMANCE     !!!
20210423 124350.877 INFO             PET2 !!! FOR PRODUCTION RUNS, USE:                      !!!
20210423 124350.877 INFO             PET2 !!!                   ESMF_LOGKIND_Multi_On_Error  !!!
20210423 124350.877 INFO             PET2 !!!!!!!!!!!!!!!!!!!!!!!!!!!!!!!!!!!!!!!!!!!!!!!!!!!!!!
20210423 124350.877 INFO             PET2 Running with ESMF Version   : 8.2.0 beta snapshot
20210423 124350.877 INFO             PET2 ESMF library build date/time: "Apr 23 2021" "12:22:44"
20210423 124350.877 INFO             PET2 ESMF library build location : /lfs/h1/emc/ptmp/Mark.Potts/intel_2019.3_mpi_O_develop
20210423 124350.877 INFO             PET2 ESMF_COMM                   : mpi
20210423 124350.878 INFO             PET2 ESMF_MOAB                   : enabled
20210423 124350.878 INFO             PET2 ESMF_LAPACK                 : enabled
20210423 124350.878 INFO             PET2 ESMF_NETCDF                 : enabled
20210423 124350.878 INFO             PET2 ESMF_PNETCDF                : disabled
20210423 124350.878 INFO             PET2 ESMF_PIO                    : enabled
20210423 124350.878 INFO             PET2 ESMF_YAMLCPP                : enabled
20210423 124350.880 INFO             PET2 ESMF_FieldRedistStoreNF(): Just entered routine.
20210423 124350.910 INFO             PET2 ESMF_FieldRedistStoreNF(): Leaving routine.
20210423 124350.918 INFO             PET2  NUMBER_OF_PROCESSORS           4
20210423 124350.918 INFO             PET2  PASS  Example ESMF_RHandleFromFileEx, ESMF_RHandleFromFileEx.F90, line 192
20210423 124350.918 INFO             PET2 Finalizing ESMF
20210423 124350.877 INFO             PET3 !!!!!!!!!!!!!!!!!!!!!!!!!!!!!!!!!!!!!!!!!!!!!!!!!!!!!!
20210423 124350.877 INFO             PET3 !!! THE ESMF_LOG IS SET TO OUTPUT ALL LOG MESSAGES !!!
20210423 124350.877 INFO             PET3 !!!     THIS MAY CAUSE SLOWDOWN IN PERFORMANCE     !!!
20210423 124350.877 INFO             PET3 !!! FOR PRODUCTION RUNS, USE:                      !!!
20210423 124350.877 INFO             PET3 !!!                   ESMF_LOGKIND_Multi_On_Error  !!!
20210423 124350.877 INFO             PET3 !!!!!!!!!!!!!!!!!!!!!!!!!!!!!!!!!!!!!!!!!!!!!!!!!!!!!!
20210423 124350.877 INFO             PET3 Running with ESMF Version   : 8.2.0 beta snapshot
20210423 124350.877 INFO             PET3 ESMF library build date/time: "Apr 23 2021" "12:22:44"
20210423 124350.877 INFO             PET3 ESMF library build location : /lfs/h1/emc/ptmp/Mark.Potts/intel_2019.3_mpi_O_develop
20210423 124350.877 INFO             PET3 ESMF_COMM                   : mpi
20210423 124350.878 INFO             PET3 ESMF_MOAB                   : enabled
20210423 124350.878 INFO             PET3 ESMF_LAPACK                 : enabled
20210423 124350.878 INFO             PET3 ESMF_NETCDF                 : enabled
20210423 124350.878 INFO             PET3 ESMF_PNETCDF                : disabled
20210423 124350.878 INFO             PET3 ESMF_PIO                    : enabled
20210423 124350.878 INFO             PET3 ESMF_YAMLCPP                : enabled
20210423 124350.880 INFO             PET3 ESMF_FieldRedistStoreNF(): Just entered routine.
20210423 124350.910 INFO             PET3 ESMF_FieldRedistStoreNF(): Leaving routine.
20210423 124350.918 INFO             PET3  NUMBER_OF_PROCESSORS           4
20210423 124350.918 INFO             PET3  PASS  Example ESMF_RHandleFromFileEx, ESMF_RHandleFromFileEx.F90, line 192
20210423 124350.918 INFO             PET3 Finalizing ESMF
