build time -- 2021-04-24 08:36:19
20210424 085343.238 INFO             PET0 !!!!!!!!!!!!!!!!!!!!!!!!!!!!!!!!!!!!!!!!!!!!!!!!!!!!!!
20210424 085343.239 INFO             PET0 !!! THE ESMF_LOG IS SET TO OUTPUT ALL LOG MESSAGES !!!
20210424 085343.239 INFO             PET0 !!!     THIS MAY CAUSE SLOWDOWN IN PERFORMANCE     !!!
20210424 085343.239 INFO             PET0 !!! FOR PRODUCTION RUNS, USE:                      !!!
20210424 085343.239 INFO             PET0 !!!                   ESMF_LOGKIND_Multi_On_Error  !!!
20210424 085343.239 INFO             PET0 !!!!!!!!!!!!!!!!!!!!!!!!!!!!!!!!!!!!!!!!!!!!!!!!!!!!!!
20210424 085343.239 INFO             PET0 Running with ESMF Version   : ESMF_8_2_0_beta_snapshot_05-4-g394ef51454
20210424 085343.239 INFO             PET0 ESMF library build date/time: "Apr 24 2021" "08:35:12"
20210424 085343.239 INFO             PET0 ESMF library build location : /Volumes/esmf/mpotts/gfortran_9.3.0_mpiuni_O_develop
20210424 085343.239 INFO             PET0 ESMF_COMM                   : mpiuni
20210424 085343.239 INFO             PET0 ESMF_MOAB                   : enabled
20210424 085343.239 INFO             PET0 ESMF_LAPACK                 : enabled
20210424 085343.239 INFO             PET0 ESMF_NETCDF                 : enabled
20210424 085343.239 INFO             PET0 ESMF_PNETCDF                : disabled
20210424 085343.239 INFO             PET0 ESMF_PIO                    : disabled
20210424 085343.239 INFO             PET0 ESMF_YAMLCPP                : enabled
20210424 085343.239 INFO             PET0  NUMBER_OF_PROCESSORS           1
20210424 085343.239 INFO             PET0  PASS  Example ESMF_VMDefaultBasicsEx, ESMF_VMDefaultBasicsEx.F90, line 107
20210424 085343.239 INFO             PET0 Finalizing ESMF
