build time -- 2021-04-28 10:56:36.496283
20210428 111957.726 INFO             PET0 !!!!!!!!!!!!!!!!!!!!!!!!!!!!!!!!!!!!!!!!!!!!!!!!!!!!!!
20210428 111957.726 INFO             PET0 !!! THE ESMF_LOG IS SET TO OUTPUT ALL LOG MESSAGES !!!
20210428 111957.726 INFO             PET0 !!!     THIS MAY CAUSE SLOWDOWN IN PERFORMANCE     !!!
20210428 111957.726 INFO             PET0 !!! FOR PRODUCTION RUNS, USE:                      !!!
20210428 111957.726 INFO             PET0 !!!                   ESMF_LOGKIND_Multi_On_Error  !!!
20210428 111957.726 INFO             PET0 !!!!!!!!!!!!!!!!!!!!!!!!!!!!!!!!!!!!!!!!!!!!!!!!!!!!!!
20210428 111957.726 INFO             PET0 Running with ESMF Version   : ESMF_8_2_0_beta_snapshot_05-6-gb8c1a7077f
20210428 111957.726 INFO             PET0 ESMF library build date/time: "Apr 28 2021" "10:55:16"
20210428 111957.726 INFO             PET0 ESMF library build location : /scratch/mpotts/gfortran_4.8.5_openmpi_O_develop
20210428 111957.726 INFO             PET0 ESMF_COMM                   : openmpi
20210428 111957.726 INFO             PET0 ESMF_MOAB                   : enabled
20210428 111957.726 INFO             PET0 ESMF_LAPACK                 : enabled
20210428 111957.726 INFO             PET0 ESMF_NETCDF                 : enabled
20210428 111957.726 INFO             PET0 ESMF_PNETCDF                : disabled
20210428 111957.726 INFO             PET0 ESMF_PIO                    : enabled
20210428 111957.726 INFO             PET0 ESMF_YAMLCPP                : enabled
20210428 111957.726 INFO             PET0  NUMBER_OF_PROCESSORS           1
20210428 111957.726 INFO             PET0  PASS  Example ESMF_TimeIntervalEx, ESMF_TimeIntervalEx.F90, line 176
20210428 111957.726 INFO             PET0 Finalizing ESMF
