build time -- 2021-04-25 16:38:07
20210425 165650.777 INFO             PET0 !!!!!!!!!!!!!!!!!!!!!!!!!!!!!!!!!!!!!!!!!!!!!!!!!!!!!!
20210425 165650.777 INFO             PET0 !!! THE ESMF_LOG IS SET TO OUTPUT ALL LOG MESSAGES !!!
20210425 165650.777 INFO             PET0 !!!     THIS MAY CAUSE SLOWDOWN IN PERFORMANCE     !!!
20210425 165650.777 INFO             PET0 !!! FOR PRODUCTION RUNS, USE:                      !!!
20210425 165650.777 INFO             PET0 !!!                   ESMF_LOGKIND_Multi_On_Error  !!!
20210425 165650.777 INFO             PET0 !!!!!!!!!!!!!!!!!!!!!!!!!!!!!!!!!!!!!!!!!!!!!!!!!!!!!!
20210425 165650.777 INFO             PET0 Running with ESMF Version   : 8.2.0 beta snapshot
20210425 165650.777 INFO             PET0 ESMF library build date/time: "Apr 25 2021" "16:36:52"
20210425 165650.777 INFO             PET0 ESMF library build location : /lfs/h1/emc/ptmp/Mark.Potts/intel_2019.3_mpi_g_develop
20210425 165650.777 INFO             PET0 ESMF_COMM                   : mpi
20210425 165650.778 INFO             PET0 ESMF_MOAB                   : enabled
20210425 165650.778 INFO             PET0 ESMF_LAPACK                 : enabled
20210425 165650.778 INFO             PET0 ESMF_NETCDF                 : enabled
20210425 165650.778 INFO             PET0 ESMF_PNETCDF                : disabled
20210425 165650.778 INFO             PET0 ESMF_PIO                    : enabled
20210425 165650.778 INFO             PET0 ESMF_YAMLCPP                : enabled
20210425 165650.778 INFO             PET0  NUMBER_OF_PROCESSORS           1
20210425 165650.778 INFO             PET0  PASS  Example ESMF_AlarmEx, ESMF_AlarmEx.F90, line 244
20210425 165650.778 INFO             PET0 Finalizing ESMF
