build time -- 2021-04-27 20:55:32
20210427 213730.225 INFO             PET0 !!!!!!!!!!!!!!!!!!!!!!!!!!!!!!!!!!!!!!!!!!!!!!!!!!!!!!
20210427 213730.225 INFO             PET0 !!! THE ESMF_LOG IS SET TO OUTPUT ALL LOG MESSAGES !!!
20210427 213730.225 INFO             PET0 !!!     THIS MAY CAUSE SLOWDOWN IN PERFORMANCE     !!!
20210427 213730.225 INFO             PET0 !!! FOR PRODUCTION RUNS, USE:                      !!!
20210427 213730.225 INFO             PET0 !!!                   ESMF_LOGKIND_Multi_On_Error  !!!
20210427 213730.225 INFO             PET0 !!!!!!!!!!!!!!!!!!!!!!!!!!!!!!!!!!!!!!!!!!!!!!!!!!!!!!
20210427 213730.225 INFO             PET0 Running with ESMF Version   : ESMF_8_2_0_beta_snapshot_05-6-gb8c1a70
20210427 213730.225 INFO             PET0 ESMF library build date/time: "Apr 27 2021" "20:53:58"
20210427 213730.225 INFO             PET0 ESMF library build location : /p/work1/mpotts/intel_2019.4_mpt_g_develop
20210427 213730.225 INFO             PET0 ESMF_COMM                   : mpt
20210427 213730.226 INFO             PET0 ESMF_MOAB                   : enabled
20210427 213730.226 INFO             PET0 ESMF_LAPACK                 : enabled
20210427 213730.226 INFO             PET0 ESMF_NETCDF                 : enabled
20210427 213730.226 INFO             PET0 ESMF_PNETCDF                : disabled
20210427 213730.226 INFO             PET0 ESMF_PIO                    : enabled
20210427 213730.226 INFO             PET0 ESMF_YAMLCPP                : enabled
20210427 213730.238 INFO             PET0  NUMBER_OF_PROCESSORS           1
20210427 213730.238 INFO             PET0  PASS  Example ESMF_XGridSparseMatEx, ESMF_XGridSparseMatEx.F90, line 642
20210427 213730.238 INFO             PET0 Finalizing ESMF
20210427 213730.225 INFO             PET0 !!!!!!!!!!!!!!!!!!!!!!!!!!!!!!!!!!!!!!!!!!!!!!!!!!!!!!
20210427 213730.225 INFO             PET0 !!! THE ESMF_LOG IS SET TO OUTPUT ALL LOG MESSAGES !!!
20210427 213730.225 INFO             PET0 !!!     THIS MAY CAUSE SLOWDOWN IN PERFORMANCE     !!!
20210427 213730.225 INFO             PET0 !!! FOR PRODUCTION RUNS, USE:                      !!!
20210427 213730.225 INFO             PET0 !!!                   ESMF_LOGKIND_Multi_On_Error  !!!
20210427 213730.225 INFO             PET0 !!!!!!!!!!!!!!!!!!!!!!!!!!!!!!!!!!!!!!!!!!!!!!!!!!!!!!
20210427 213730.225 INFO             PET0 Running with ESMF Version   : ESMF_8_2_0_beta_snapshot_05-6-gb8c1a70
20210427 213730.225 INFO             PET0 ESMF library build date/time: "Apr 27 2021" "20:53:58"
20210427 213730.225 INFO             PET0 ESMF library build location : /p/work1/mpotts/intel_2019.4_mpt_g_develop
20210427 213730.225 INFO             PET0 ESMF_COMM                   : mpt
20210427 213730.226 INFO             PET0 ESMF_MOAB                   : enabled
20210427 213730.226 INFO             PET0 ESMF_LAPACK                 : enabled
20210427 213730.226 INFO             PET0 ESMF_NETCDF                 : enabled
20210427 213730.226 INFO             PET0 ESMF_PNETCDF                : disabled
20210427 213730.226 INFO             PET0 ESMF_PIO                    : enabled
20210427 213730.226 INFO             PET0 ESMF_YAMLCPP                : enabled
20210427 213730.238 INFO             PET0  NUMBER_OF_PROCESSORS           1
20210427 213730.238 INFO             PET0  PASS  Example ESMF_XGridSparseMatEx, ESMF_XGridSparseMatEx.F90, line 642
20210427 213730.238 INFO             PET0 Finalizing ESMF
