build time -- 2021-04-24 05:50:02.046902
--------------------------------------------------------------------------
A system call failed during shared memory initialization that should
not have.  It is likely that your MPI job will now either abort or
experience performance degradation.

  Local host:  r14i6n9
  System call: open(2) 
  Error:       Permission denied (errno 13)
--------------------------------------------------------------------------
  PASS  Example ESMF_FieldHaloEx, ESMF_FieldHaloEx.F90, line 200
  PASS  Example ESMF_FieldHaloEx, ESMF_FieldHaloEx.F90, line 200
  PASS  Example ESMF_FieldHaloEx, ESMF_FieldHaloEx.F90, line 200
  PASS  Example ESMF_FieldHaloEx, ESMF_FieldHaloEx.F90, line 200
 PASS: ESMF_FieldHaloEx.F90
 PASS: ESMF_FieldHaloEx.F90
 PASS: ESMF_FieldHaloEx.F90
 PASS: ESMF_FieldHaloEx.F90
[r14i6n9:35253] 3 more processes have sent help message help-opal-shmem-mmap.txt / sys call fail
[r14i6n9:35253] Set MCA parameter "orte_base_help_aggregate" to 0 to see all help / error messages
--------------------------------------------------------------------------
A system call failed during shared memory initialization that should
not have.  It is likely that your MPI job will now either abort or
experience performance degradation.

  Local host:  r14i6n9
  System call: open(2) 
  Error:       Permission denied (errno 13)
--------------------------------------------------------------------------
  PASS  Example ESMF_FieldHaloEx, ESMF_FieldHaloEx.F90, line 200
  PASS  Example ESMF_FieldHaloEx, ESMF_FieldHaloEx.F90, line 200
  PASS  Example ESMF_FieldHaloEx, ESMF_FieldHaloEx.F90, line 200
  PASS  Example ESMF_FieldHaloEx, ESMF_FieldHaloEx.F90, line 200
 PASS: ESMF_FieldHaloEx.F90
 PASS: ESMF_FieldHaloEx.F90
 PASS: ESMF_FieldHaloEx.F90
 PASS: ESMF_FieldHaloEx.F90
[r14i6n9:35253] 3 more processes have sent help message help-opal-shmem-mmap.txt / sys call fail
[r14i6n9:35253] Set MCA parameter "orte_base_help_aggregate" to 0 to see all help / error messages
