build time -- 2021-04-27 10:33:45.804480
--- ESMCI::ArrayBundle::print start ---
ArrayBundle: MyArrayBundle
arrayCount = 3
--- ESMCI::ArrayBundle::print start ---
ArrayBundle: MyArrayBundle
arrayCount = 3
--- ESMCI::ArrayBundle::print start ---
ArrayBundle: MyArrayBundle
arrayCount = 3
--- ESMCI::ArrayBundle::print start ---
ArrayBundle: MyArrayBundle
arrayCount = 3
Container::print() multipmap:item=0 key=AonFly value=0x1b75580
Container::print() multipmap:item=1 key=Array002 value=0x1b71710
Container::print() multipmap:item=2 key=Array003 value=0x1b722c0
Container::print() multipmap:item=0 key=AonFly value=0x266f630
Container::print() multipmap:item=0 key=AonFly value=0x220a060
Container::print() multipmap:item=1 key=Array002 value=0x2207340
Container::print() multipmap:item=2 key=Array003 value=0x2207b80
Container::print() multipmap:item=0 key=AonFly value=0xf29b40
Container::print() multipmap:item=1 key=Array002 value=0xf26ee0
Container::print() multipmap:item=2 key=Array003 value=0xf276e0
Container::print()      list:item=0 key=Array002 value=0xf26ee0
Container::print()      list:item=1 key=Array003 value=0xf276e0
Container::print()      list:item=0 key=Array002 value=0x2207340
Container::print()      list:item=1 key=Array003 value=0x2207b80
Container::print()      list:item=2 key=AonFly value=0x220a060
--- ESMCI::ArrayBundle::print end ---
Container::print()      list:item=0 key=Array002 value=0x1b71710
Container::print()      list:item=1 key=Array003 value=0x1b722c0
Container::print()      list:item=2 key=AonFly value=0x1b75580
--- ESMCI::ArrayBundle::print end ---
Container::print() multipmap:item=1 key=Array002 value=0x266b880
Container::print() multipmap:item=2 key=Array003 value=0x266c3b0
Container::print()      list:item=0 key=Array002 value=0x266b880
Container::print()      list:item=1 key=Array003 value=0x266c3b0
Container::print()      list:item=2 key=AonFly value=0x266f630
--- ESMCI::ArrayBundle::print end ---
Container::print()      list:item=2 key=AonFly value=0xf29b40
--- ESMCI::ArrayBundle::print end ---
--- ESMCI::Array::print start ---
--- ESMCI::Array::print start ---
 Base name    = AonFly
--- ESMCI::Array::print start ---
 Base name    = AonFly
--- ESMCI::Array::print start ---
 Base name    = AonFly
 Status: Base = Ready,  object = Ready
 Proxy        = no
 Root Info (Attributes):
 Base name    = AonFly
 Status: Base = Ready,  object = Ready
 Proxy        = no
 Root Info (Attributes):
 Status: Base = Ready,  object = Ready
 Proxy        = no
 Root Info (Attributes):
 Status: Base = Ready,  object = Ready
 Proxy        = no
 Root Info (Attributes):
{}{}{}Array typekind/rank: Real*4 / 2 
~ lower class' values ~
DistGrid dimCount = 2
deCount = 6
localDeCount = 2
~ local data in LocalArray for DE 1 ~
{}Array typekind/rank: Real*4 / 2 
~ lower class' values ~
DistGrid dimCount = 2
deCount = 6
localDeCount = 1
LocalArrayPrint: Array at address 0x266efd0:
            rank = 2, typekind = 5, base_addr = 0x266b7c0
            dim[0] = 2  dim[1] = 2  
  Real, *4, Dim 2, Data values:
Array typekind/rank: Real*4 / 2 
~ lower class' values ~
DistGrid dimCount = 2
deCount = 6
localDeCount = 1
~ local data in LocalArray for DE 2 ~
LocalArrayPrint: Array at address 0x2209d30:
            rank = 2, typekind = 5, base_addr = 0x22072a0
            dim[0] = 3  dim[1] = 2  
  Real, *4, Dim 2, Data values:
Array typekind/rank: Real*4 / 2 
~ lower class' values ~
DistGrid dimCount = 2
deCount = 6
localDeCount = 2
~ local data in LocalArray for DE 0 ~
LocalArrayPrint: Array at address 0x1b74f20:
            rank = 2, typekind = 5, base_addr = 0x1b71650
            dim[0] = 3  dim[1] = 2  
  Real, *4, Dim 2, Data values:
~ local data in LocalArray for DE 3 ~
LocalArrayPrint: Array at address 0xf29810:
            rank = 2, typekind = 5, base_addr = 0xf26e40
            dim[0] = 2  dim[1] = 2  
  Real, *4, Dim 2, Data values:
( 1, 1) =  6.72854e-38
( 2, 1) =  0
( 3, 1) =  4.2039e-45
( 1, 1) =  1.69563e-37
( 2, 1) =  0
( 1, 2) =  2.8026e-45
( 2, 2) =  1.4013e-45
( 1, 1) =  1.17926e-37
( 2, 1) =  0
( 3, 1) =  0
( 1, 2) =  0
( 1, 1) =  2.22695e-38
( 2, 1) =  0
( 1, 2) =  0
( 2, 2) =  0
dim 1: [0]: [1 [1 [1, 2] 2] 2]
( 2, 2) =  0
( 3, 2) =  0
dim 1: [0]: [1 [1 [1, 3] 3] 3]
dim 2: [1]: [1 [1 [1, 2] 2] 2]
--- ESMCI::Array::print end ---
--- ESMCI::Array::print start ---
( 1, 2) =  1.4013e-45
( 2, 2) =  0
( 3, 2) =  0
dim 1: [0]: [1 [1 [1, 3] 3] 3]
dim 2: [1]: [1 [1 [1, 2] 2] 2]
~ local data in LocalArray for DE 4 ~
LocalArrayPrint: Array at address 0x1b75250:
dim 1: [0]: [1 [1 [1, 2] 2] 2]
dim 2: [1]: [1 [1 [1, 2] 2] 2]
~ local data in LocalArray for DE 5 ~
LocalArrayPrint: Array at address 0x266f300:
            rank = 2, typekind = 5, base_addr = 0x266ef10
            dim[0] = 2  dim[1] = 1  
  Real, *4, Dim 2, Data values:
dim 2: [1]: [1 [1 [1, 2] 2] 2]
--- ESMCI::Array::print end ---
--- ESMCI::Array::print start ---
 Base name    = Array002
 Status: Base = Ready,  object = Ready
 Proxy        = no
 Root Info (Attributes):
( 1, 1) =  1.69663e-37
( 2, 1) =  0
 Base name    = Array002
 Status: Base = Ready,  object = Ready
 Proxy        = no
 Root Info (Attributes):
            rank = 2, typekind = 5, base_addr = 0x1b74e60
            dim[0] = 3  dim[1] = 1  
  Real, *4, Dim 2, Data values:
{}Array typekind/rank: Real*8 / 2 
~ lower class' values ~
DistGrid dimCount = 2
deCount = 6
localDeCount = 1
dim 1: [0]: [1 [1 [1, 2] 2] 2]
dim 2: [1]: [1 [1 [1, 1] 1] 1]
--- ESMCI::Array::print end ---
--- ESMCI::Array::print start ---
{}( 1, 1) =  6.73359e-38
( 2, 1) =  0
( 3, 1) =  0
dim 1: [0]: [1 [1 [1, 3] 3] 3]
Array typekind/rank: Real*8 / 2 
~ lower class' values ~
DistGrid dimCount = 2
deCount = 6
localDeCount = 1
~ local data in LocalArray for DE 2 ~
~ local data in LocalArray for DE 3 ~
LocalArrayPrint: Array at address 0xe9ae60:
            rank = 2, typekind = 6, base_addr = 0xf23550
            dim[0] = 2  dim[1] = 2  
 Base name    = Array002
 Status: Base = Ready,  object = Ready
 Proxy        = no
 Root Info (Attributes):
dim 2: [1]: [1 [1 [1, 1] 1] 1]
--- ESMCI::Array::print end ---
--- ESMCI::Array::print start ---
 Base name    = Array002
 Status: Base = Ready,  object = Ready
{}Array typekind/rank: Real*8 / 2 
~ lower class' values ~
LocalArrayPrint: Array at address 0x217ae60:
            rank = 2, typekind = 6, base_addr = 0x2204500
            dim[0] = 3  dim[1] = 2  
  Real, *8, Dim 2, Data values:
( 1, 1) =  7.84243e-317
( 2, 1) =  0
 Proxy        = no
 Root Info (Attributes):
( 1, 2) =  0
( 2, 2) =  0
dim 1: [0]: [1 [1 [1, 2] 2] 2]
dim 2: [1]: [1 [1 [1, 2] 2] 2]
--- ESMCI::Array::print end ---
DistGrid dimCount = 2
deCount = 6
localDeCount = 2
~ local data in LocalArray for DE 1 ~
LocalArrayPrint: Array at address 0x25dee60:
            rank = 2, typekind = 6, base_addr = 0x2668920
  Real, *8, Dim 2, Data values:
( 1, 1) =  1.76231e-316
( 2, 1) =  4.24399e-314
( 3, 1) =  4.24399e-314
( 1, 2) =  4.24399e-314
{}Array typekind/rank: Real*8 / 2 
~ lower class' values ~
DistGrid dimCount = 2
deCount = 6
localDeCount = 2
~ local data in LocalArray for DE 0 ~
( 2, 2) =  2.122e-314
--- ESMCI::Array::print start ---
 Base name    = Array003
 Status: Base = Ready,  object = Ready
 Proxy        = no
            dim[0] = 2  dim[1] = 2  
  Real, *8, Dim 2, Data values:
LocalArrayPrint: Array at address 0x1ae4e60:
            rank = 2, typekind = 6, base_addr = 0x1b6e830
( 1, 1) =  1.9897e-316
( 2, 1) =  0
( 1, 2) =  0
( 2, 2) =  0
dim 1: [0]: [1 [1 [1, 2] 2] 2]
( 3, 2) =  2.122e-314
dim 1: [0]: [1 [1 [1, 3] 3] 3]
dim 2: [1]: [1 [1 [1, 2] 2] 2]
--- ESMCI::Array::print end ---
--- ESMCI::Array::print start ---
 Base name    = Array003
 Status: Base = Ready,  object = Ready
 Proxy        = no
 Root Info (Attributes):
{}Array typekind/rank: Real*8 / 2 
~ lower class' values ~
DistGrid dimCount = 2
deCount = 6
localDeCount = 1
            dim[0] = 3  dim[1] = 2  
  Real, *8, Dim 2, Data values:
( 1, 1) =  1.42097e-316
( 2, 1) =  4.24399e-314
~ local data in LocalArray for DE 3 ~
dim 2: [1]: [1 [1 [1, 2] 2] 2]
~ local data in LocalArray for DE 5 ~
 Root Info (Attributes):
( 3, 1) =  4.24399e-314
( 1, 2) =  4.24399e-314
{}Array typekind/rank: Real*8 / 2 
~ lower class' values ~
DistGrid dimCount = 2
deCount = 6
localDeCount = 1
~ local data in LocalArray for DE 2 ~
LocalArrayPrint: Array at address 0x21221f0:
            rank = 2, typekind = 6, base_addr = 0x2207b40
LocalArrayPrint: Array at address 0xe421f0:
            rank = 2, typekind = 6, base_addr = 0xf234f0
            dim[0] = 2  dim[1] = 2  
  Real, *8, Dim 2, Data values:
( 1, 1) =  7.84285e-317
( 2, 1) =  0
( 1, 2) =  0
( 2, 2) =  0
LocalArrayPrint: Array at address 0x25861f0:
            rank = 2, typekind = 6, base_addr = 0x266b860
            dim[0] = 2  dim[1] = 1  
  Real, *8, Dim 2, Data values:
( 1, 1) =  0
( 2, 1) =  0
dim 1: [0]: [1 [1 [1, 2] 2] 2]
dim 2: [1]: [1 [1 [1, 1] 1] 1]
--- ESMCI::Array::print end ---
( 2, 2) =  2.122e-314
( 3, 2) =  2.122e-314
dim 1: [0]: [1 [1 [1, 3] 3] 3]
dim 2: [1]: [1 [1 [1, 2] 2] 2]
~ local data in LocalArray for DE 4 ~
LocalArrayPrint: Array at address 0x1a8c1f0:
            rank = 2, typekind = 6, base_addr = 0x1b716f0
--- ESMCI::Array::print start ---
            dim[0] = 3  dim[1] = 2  
  Real, *8, Dim 2, Data values:
dim 1: [0]: [1 [1 [1, 2] 2] 2]
dim 2: [1]: [1 [1 [1, 2] 2] 2]
--- ESMCI::Array::print end ---
            dim[0] = 3  dim[1] = 1  
  Real, *8, Dim 2, Data values:
( 1, 1) =  0
( 2, 1) =  0
 Base name    = Array003
 Status: Base = Ready,  object = Ready
 Proxy        = no
 Root Info (Attributes):
{}Array typekind/rank: Real*8 / 2 
~ lower class' values ~
DistGrid dimCount = 2
deCount = 6
localDeCount = 2
~ local data in LocalArray for DE 1 ~
LocalArrayPrint: Array at address 0x258d970:
            rank = 2, typekind = 6, base_addr = 0x2668070
( 1, 1) =  0
( 2, 1) =  0
( 3, 1) =  0
( 1, 2) =  0
( 2, 2) =  0
( 3, 2) =  0
dim 1: [0]: [1 [1 [1, 3] 3] 3]
dim 2: [1]: [1 [1 [1, 2] 2] 2]
--- ESMCI::Array::print end ---
( 3, 1) =  0
dim 1: [0]: [1 [1 [1, 3] 3] 3]
dim 2: [1]: [1 [1 [1, 1] 1] 1]
--- ESMCI::Array::print end ---
--- ESMCI::Array::print start ---
 Base name    = Array003
 Status: Base = Ready,  object = Ready
 Proxy        = no
 Root Info (Attributes):
            dim[0] = 2  dim[1] = 2  
  Real, *8, Dim 2, Data values:
( 1, 1) =  1.98982e-316
( 2, 1) =  0
( 1, 2) =  0
( 2, 2) =  0
{}Array typekind/rank: Real*8 / 2 
~ lower class' values ~
DistGrid dimCount = 2
deCount = 6
localDeCount = 2
~ local data in LocalArray for DE 0 ~
dim 1: [0]: [1 [1 [1, 2] 2] 2]
dim 2: [1]: [1 [1 [1, 2] 2] 2]
~ local data in LocalArray for DE 5 ~
LocalArrayPrint: Array at address 0x1a93970:
            rank = 2, typekind = 6, base_addr = 0x1b71f50
            dim[0] = 3  dim[1] = 2  
  Real, *8, Dim 2, Data values:
LocalArrayPrint: Array at address 0x266c080:
            rank = 2, typekind = 6, base_addr = 0x2668950
            dim[0] = 2  dim[1] = 1  
  Real, *8, Dim 2, Data values:
( 1, 1) =  1.9904e-316
( 1, 1) =  0
( 2, 1) =  0
( 3, 1) =  0
( 1, 2) =  0
( 2, 1) =  2.122e-314
dim 1: [0]: [1 [1 [1, 2] 2] 2]
dim 2: [1]: [1 [1 [1, 1] 1] 1]
--- ESMCI::Array::print end ---
( 2, 2) =  0
( 3, 2) =  0
dim 1: [0]: [1 [1 [1, 3] 3] 3]
dim 2: [1]: [1 [1 [1, 2] 2] 2]
~ local data in LocalArray for DE 4 ~
  PASS  Example ESMF_ArrayBundleEx, ESMF_ArrayBundleEx.F90, line 267
LocalArrayPrint: Array at address 0x1b71f90:
            rank = 2, typekind = 6, base_addr = 0x1b6e7e0
            dim[0] = 3  dim[1] = 1  
  Real, *8, Dim 2, Data values:
( 1, 1) =  1.42172e-316
( 2, 1) =  2.122e-314
  PASS  Example ESMF_ArrayBundleEx, ESMF_ArrayBundleEx.F90, line 267
( 3, 1) =  0
dim 1: [0]: [1 [1 [1, 3] 3] 3]
dim 2: [1]: [1 [1 [1, 1] 1] 1]
--- ESMCI::Array::print end ---
  PASS  Example ESMF_ArrayBundleEx, ESMF_ArrayBundleEx.F90, line 267
  PASS  Example ESMF_ArrayBundleEx, ESMF_ArrayBundleEx.F90, line 267
 PASS: ESMF_ArrayBundleEx.F90
 PASS: ESMF_ArrayBundleEx.F90
 PASS: ESMF_ArrayBundleEx.F90
 PASS: ESMF_ArrayBundleEx.F90
