build time -- 2021-04-25 06:04:29.510573
20210425 064550.277 INFO             PET0 !!!!!!!!!!!!!!!!!!!!!!!!!!!!!!!!!!!!!!!!!!!!!!!!!!!!!!
20210425 064550.277 INFO             PET0 !!! THE ESMF_LOG IS SET TO OUTPUT ALL LOG MESSAGES !!!
20210425 064550.277 INFO             PET0 !!!     THIS MAY CAUSE SLOWDOWN IN PERFORMANCE     !!!
20210425 064550.277 INFO             PET0 !!! FOR PRODUCTION RUNS, USE:                      !!!
20210425 064550.277 INFO             PET0 !!!                   ESMF_LOGKIND_Multi_On_Error  !!!
20210425 064550.277 INFO             PET0 !!!!!!!!!!!!!!!!!!!!!!!!!!!!!!!!!!!!!!!!!!!!!!!!!!!!!!
20210425 064550.277 INFO             PET0 Running with ESMF Version   : ESMF_8_2_0_beta_snapshot_05-4-g394ef51454
20210425 064550.277 INFO             PET0 ESMF library build date/time: "Apr 25 2021" "06:01:03"
20210425 064550.277 INFO             PET0 ESMF library build location : /glade/scratch/mpotts/intel_18.0.5_mpt_O_develop
20210425 064550.277 INFO             PET0 ESMF_COMM                   : mpt
20210425 064550.277 INFO             PET0 ESMF_MOAB                   : enabled
20210425 064550.277 INFO             PET0 ESMF_LAPACK                 : enabled
20210425 064550.277 INFO             PET0 ESMF_NETCDF                 : enabled
20210425 064550.277 INFO             PET0 ESMF_PNETCDF                : disabled
20210425 064550.277 INFO             PET0 ESMF_PIO                    : enabled
20210425 064550.277 INFO             PET0 ESMF_YAMLCPP                : enabled
20210425 064550.280 INFO             PET0 ESMF_FieldRedistStoreNF(): Just entered routine.
20210425 064550.314 INFO             PET0 ESMF_FieldRedistStoreNF(): Leaving routine.
20210425 064550.320 INFO             PET0  NUMBER_OF_PROCESSORS           4
20210425 064550.321 INFO             PET0  PASS  Example ESMF_RHandleFromFileEx, ESMF_RHandleFromFileEx.F90, line 192
20210425 064550.321 INFO             PET0 Finalizing ESMF
20210425 064550.276 INFO             PET1 !!!!!!!!!!!!!!!!!!!!!!!!!!!!!!!!!!!!!!!!!!!!!!!!!!!!!!
20210425 064550.276 INFO             PET1 !!! THE ESMF_LOG IS SET TO OUTPUT ALL LOG MESSAGES !!!
20210425 064550.276 INFO             PET1 !!!     THIS MAY CAUSE SLOWDOWN IN PERFORMANCE     !!!
20210425 064550.276 INFO             PET1 !!! FOR PRODUCTION RUNS, USE:                      !!!
20210425 064550.276 INFO             PET1 !!!                   ESMF_LOGKIND_Multi_On_Error  !!!
20210425 064550.276 INFO             PET1 !!!!!!!!!!!!!!!!!!!!!!!!!!!!!!!!!!!!!!!!!!!!!!!!!!!!!!
20210425 064550.276 INFO             PET1 Running with ESMF Version   : ESMF_8_2_0_beta_snapshot_05-4-g394ef51454
20210425 064550.276 INFO             PET1 ESMF library build date/time: "Apr 25 2021" "06:01:03"
20210425 064550.276 INFO             PET1 ESMF library build location : /glade/scratch/mpotts/intel_18.0.5_mpt_O_develop
20210425 064550.276 INFO             PET1 ESMF_COMM                   : mpt
20210425 064550.276 INFO             PET1 ESMF_MOAB                   : enabled
20210425 064550.277 INFO             PET1 ESMF_LAPACK                 : enabled
20210425 064550.277 INFO             PET1 ESMF_NETCDF                 : enabled
20210425 064550.277 INFO             PET1 ESMF_PNETCDF                : disabled
20210425 064550.277 INFO             PET1 ESMF_PIO                    : enabled
20210425 064550.277 INFO             PET1 ESMF_YAMLCPP                : enabled
20210425 064550.279 INFO             PET1 ESMF_FieldRedistStoreNF(): Just entered routine.
20210425 064550.314 INFO             PET1 ESMF_FieldRedistStoreNF(): Leaving routine.
20210425 064550.320 INFO             PET1  NUMBER_OF_PROCESSORS           4
20210425 064550.321 INFO             PET1  PASS  Example ESMF_RHandleFromFileEx, ESMF_RHandleFromFileEx.F90, line 192
20210425 064550.321 INFO             PET1 Finalizing ESMF
20210425 064550.275 INFO             PET2 !!!!!!!!!!!!!!!!!!!!!!!!!!!!!!!!!!!!!!!!!!!!!!!!!!!!!!
20210425 064550.275 INFO             PET2 !!! THE ESMF_LOG IS SET TO OUTPUT ALL LOG MESSAGES !!!
20210425 064550.275 INFO             PET2 !!!     THIS MAY CAUSE SLOWDOWN IN PERFORMANCE     !!!
20210425 064550.275 INFO             PET2 !!! FOR PRODUCTION RUNS, USE:                      !!!
20210425 064550.275 INFO             PET2 !!!                   ESMF_LOGKIND_Multi_On_Error  !!!
20210425 064550.275 INFO             PET2 !!!!!!!!!!!!!!!!!!!!!!!!!!!!!!!!!!!!!!!!!!!!!!!!!!!!!!
20210425 064550.275 INFO             PET2 Running with ESMF Version   : ESMF_8_2_0_beta_snapshot_05-4-g394ef51454
20210425 064550.275 INFO             PET2 ESMF library build date/time: "Apr 25 2021" "06:01:03"
20210425 064550.275 INFO             PET2 ESMF library build location : /glade/scratch/mpotts/intel_18.0.5_mpt_O_develop
20210425 064550.275 INFO             PET2 ESMF_COMM                   : mpt
20210425 064550.276 INFO             PET2 ESMF_MOAB                   : enabled
20210425 064550.276 INFO             PET2 ESMF_LAPACK                 : enabled
20210425 064550.276 INFO             PET2 ESMF_NETCDF                 : enabled
20210425 064550.276 INFO             PET2 ESMF_PNETCDF                : disabled
20210425 064550.276 INFO             PET2 ESMF_PIO                    : enabled
20210425 064550.276 INFO             PET2 ESMF_YAMLCPP                : enabled
20210425 064550.279 INFO             PET2 ESMF_FieldRedistStoreNF(): Just entered routine.
20210425 064550.314 INFO             PET2 ESMF_FieldRedistStoreNF(): Leaving routine.
20210425 064550.320 INFO             PET2  NUMBER_OF_PROCESSORS           4
20210425 064550.321 INFO             PET2  PASS  Example ESMF_RHandleFromFileEx, ESMF_RHandleFromFileEx.F90, line 192
20210425 064550.321 INFO             PET2 Finalizing ESMF
20210425 064550.276 INFO             PET3 !!!!!!!!!!!!!!!!!!!!!!!!!!!!!!!!!!!!!!!!!!!!!!!!!!!!!!
20210425 064550.276 INFO             PET3 !!! THE ESMF_LOG IS SET TO OUTPUT ALL LOG MESSAGES !!!
20210425 064550.276 INFO             PET3 !!!     THIS MAY CAUSE SLOWDOWN IN PERFORMANCE     !!!
20210425 064550.276 INFO             PET3 !!! FOR PRODUCTION RUNS, USE:                      !!!
20210425 064550.276 INFO             PET3 !!!                   ESMF_LOGKIND_Multi_On_Error  !!!
20210425 064550.276 INFO             PET3 !!!!!!!!!!!!!!!!!!!!!!!!!!!!!!!!!!!!!!!!!!!!!!!!!!!!!!
20210425 064550.276 INFO             PET3 Running with ESMF Version   : ESMF_8_2_0_beta_snapshot_05-4-g394ef51454
20210425 064550.276 INFO             PET3 ESMF library build date/time: "Apr 25 2021" "06:01:03"
20210425 064550.276 INFO             PET3 ESMF library build location : /glade/scratch/mpotts/intel_18.0.5_mpt_O_develop
20210425 064550.276 INFO             PET3 ESMF_COMM                   : mpt
20210425 064550.276 INFO             PET3 ESMF_MOAB                   : enabled
20210425 064550.276 INFO             PET3 ESMF_LAPACK                 : enabled
20210425 064550.276 INFO             PET3 ESMF_NETCDF                 : enabled
20210425 064550.276 INFO             PET3 ESMF_PNETCDF                : disabled
20210425 064550.276 INFO             PET3 ESMF_PIO                    : enabled
20210425 064550.276 INFO             PET3 ESMF_YAMLCPP                : enabled
20210425 064550.279 INFO             PET3 ESMF_FieldRedistStoreNF(): Just entered routine.
20210425 064550.314 INFO             PET3 ESMF_FieldRedistStoreNF(): Leaving routine.
20210425 064550.320 INFO             PET3  NUMBER_OF_PROCESSORS           4
20210425 064550.321 INFO             PET3  PASS  Example ESMF_RHandleFromFileEx, ESMF_RHandleFromFileEx.F90, line 192
20210425 064550.321 INFO             PET3 Finalizing ESMF
20210425 064550.277 INFO             PET0 !!!!!!!!!!!!!!!!!!!!!!!!!!!!!!!!!!!!!!!!!!!!!!!!!!!!!!
20210425 064550.277 INFO             PET0 !!! THE ESMF_LOG IS SET TO OUTPUT ALL LOG MESSAGES !!!
20210425 064550.277 INFO             PET0 !!!     THIS MAY CAUSE SLOWDOWN IN PERFORMANCE     !!!
20210425 064550.277 INFO             PET0 !!! FOR PRODUCTION RUNS, USE:                      !!!
20210425 064550.277 INFO             PET0 !!!                   ESMF_LOGKIND_Multi_On_Error  !!!
20210425 064550.277 INFO             PET0 !!!!!!!!!!!!!!!!!!!!!!!!!!!!!!!!!!!!!!!!!!!!!!!!!!!!!!
20210425 064550.277 INFO             PET0 Running with ESMF Version   : ESMF_8_2_0_beta_snapshot_05-4-g394ef51454
20210425 064550.277 INFO             PET0 ESMF library build date/time: "Apr 25 2021" "06:01:03"
20210425 064550.277 INFO             PET0 ESMF library build location : /glade/scratch/mpotts/intel_18.0.5_mpt_O_develop
20210425 064550.277 INFO             PET0 ESMF_COMM                   : mpt
20210425 064550.277 INFO             PET0 ESMF_MOAB                   : enabled
20210425 064550.277 INFO             PET0 ESMF_LAPACK                 : enabled
20210425 064550.277 INFO             PET0 ESMF_NETCDF                 : enabled
20210425 064550.277 INFO             PET0 ESMF_PNETCDF                : disabled
20210425 064550.277 INFO             PET0 ESMF_PIO                    : enabled
20210425 064550.277 INFO             PET0 ESMF_YAMLCPP                : enabled
20210425 064550.280 INFO             PET0 ESMF_FieldRedistStoreNF(): Just entered routine.
20210425 064550.314 INFO             PET0 ESMF_FieldRedistStoreNF(): Leaving routine.
20210425 064550.320 INFO             PET0  NUMBER_OF_PROCESSORS           4
20210425 064550.321 INFO             PET0  PASS  Example ESMF_RHandleFromFileEx, ESMF_RHandleFromFileEx.F90, line 192
20210425 064550.321 INFO             PET0 Finalizing ESMF
20210425 064550.276 INFO             PET1 !!!!!!!!!!!!!!!!!!!!!!!!!!!!!!!!!!!!!!!!!!!!!!!!!!!!!!
20210425 064550.276 INFO             PET1 !!! THE ESMF_LOG IS SET TO OUTPUT ALL LOG MESSAGES !!!
20210425 064550.276 INFO             PET1 !!!     THIS MAY CAUSE SLOWDOWN IN PERFORMANCE     !!!
20210425 064550.276 INFO             PET1 !!! FOR PRODUCTION RUNS, USE:                      !!!
20210425 064550.276 INFO             PET1 !!!                   ESMF_LOGKIND_Multi_On_Error  !!!
20210425 064550.276 INFO             PET1 !!!!!!!!!!!!!!!!!!!!!!!!!!!!!!!!!!!!!!!!!!!!!!!!!!!!!!
20210425 064550.276 INFO             PET1 Running with ESMF Version   : ESMF_8_2_0_beta_snapshot_05-4-g394ef51454
20210425 064550.276 INFO             PET1 ESMF library build date/time: "Apr 25 2021" "06:01:03"
20210425 064550.276 INFO             PET1 ESMF library build location : /glade/scratch/mpotts/intel_18.0.5_mpt_O_develop
20210425 064550.276 INFO             PET1 ESMF_COMM                   : mpt
20210425 064550.276 INFO             PET1 ESMF_MOAB                   : enabled
20210425 064550.277 INFO             PET1 ESMF_LAPACK                 : enabled
20210425 064550.277 INFO             PET1 ESMF_NETCDF                 : enabled
20210425 064550.277 INFO             PET1 ESMF_PNETCDF                : disabled
20210425 064550.277 INFO             PET1 ESMF_PIO                    : enabled
20210425 064550.277 INFO             PET1 ESMF_YAMLCPP                : enabled
20210425 064550.279 INFO             PET1 ESMF_FieldRedistStoreNF(): Just entered routine.
20210425 064550.314 INFO             PET1 ESMF_FieldRedistStoreNF(): Leaving routine.
20210425 064550.320 INFO             PET1  NUMBER_OF_PROCESSORS           4
20210425 064550.321 INFO             PET1  PASS  Example ESMF_RHandleFromFileEx, ESMF_RHandleFromFileEx.F90, line 192
20210425 064550.321 INFO             PET1 Finalizing ESMF
20210425 064550.275 INFO             PET2 !!!!!!!!!!!!!!!!!!!!!!!!!!!!!!!!!!!!!!!!!!!!!!!!!!!!!!
20210425 064550.275 INFO             PET2 !!! THE ESMF_LOG IS SET TO OUTPUT ALL LOG MESSAGES !!!
20210425 064550.275 INFO             PET2 !!!     THIS MAY CAUSE SLOWDOWN IN PERFORMANCE     !!!
20210425 064550.275 INFO             PET2 !!! FOR PRODUCTION RUNS, USE:                      !!!
20210425 064550.275 INFO             PET2 !!!                   ESMF_LOGKIND_Multi_On_Error  !!!
20210425 064550.275 INFO             PET2 !!!!!!!!!!!!!!!!!!!!!!!!!!!!!!!!!!!!!!!!!!!!!!!!!!!!!!
20210425 064550.275 INFO             PET2 Running with ESMF Version   : ESMF_8_2_0_beta_snapshot_05-4-g394ef51454
20210425 064550.275 INFO             PET2 ESMF library build date/time: "Apr 25 2021" "06:01:03"
20210425 064550.275 INFO             PET2 ESMF library build location : /glade/scratch/mpotts/intel_18.0.5_mpt_O_develop
20210425 064550.275 INFO             PET2 ESMF_COMM                   : mpt
20210425 064550.276 INFO             PET2 ESMF_MOAB                   : enabled
20210425 064550.276 INFO             PET2 ESMF_LAPACK                 : enabled
20210425 064550.276 INFO             PET2 ESMF_NETCDF                 : enabled
20210425 064550.276 INFO             PET2 ESMF_PNETCDF                : disabled
20210425 064550.276 INFO             PET2 ESMF_PIO                    : enabled
20210425 064550.276 INFO             PET2 ESMF_YAMLCPP                : enabled
20210425 064550.279 INFO             PET2 ESMF_FieldRedistStoreNF(): Just entered routine.
20210425 064550.314 INFO             PET2 ESMF_FieldRedistStoreNF(): Leaving routine.
20210425 064550.320 INFO             PET2  NUMBER_OF_PROCESSORS           4
20210425 064550.321 INFO             PET2  PASS  Example ESMF_RHandleFromFileEx, ESMF_RHandleFromFileEx.F90, line 192
20210425 064550.321 INFO             PET2 Finalizing ESMF
20210425 064550.276 INFO             PET3 !!!!!!!!!!!!!!!!!!!!!!!!!!!!!!!!!!!!!!!!!!!!!!!!!!!!!!
20210425 064550.276 INFO             PET3 !!! THE ESMF_LOG IS SET TO OUTPUT ALL LOG MESSAGES !!!
20210425 064550.276 INFO             PET3 !!!     THIS MAY CAUSE SLOWDOWN IN PERFORMANCE     !!!
20210425 064550.276 INFO             PET3 !!! FOR PRODUCTION RUNS, USE:                      !!!
20210425 064550.276 INFO             PET3 !!!                   ESMF_LOGKIND_Multi_On_Error  !!!
20210425 064550.276 INFO             PET3 !!!!!!!!!!!!!!!!!!!!!!!!!!!!!!!!!!!!!!!!!!!!!!!!!!!!!!
20210425 064550.276 INFO             PET3 Running with ESMF Version   : ESMF_8_2_0_beta_snapshot_05-4-g394ef51454
20210425 064550.276 INFO             PET3 ESMF library build date/time: "Apr 25 2021" "06:01:03"
20210425 064550.276 INFO             PET3 ESMF library build location : /glade/scratch/mpotts/intel_18.0.5_mpt_O_develop
20210425 064550.276 INFO             PET3 ESMF_COMM                   : mpt
20210425 064550.276 INFO             PET3 ESMF_MOAB                   : enabled
20210425 064550.276 INFO             PET3 ESMF_LAPACK                 : enabled
20210425 064550.276 INFO             PET3 ESMF_NETCDF                 : enabled
20210425 064550.276 INFO             PET3 ESMF_PNETCDF                : disabled
20210425 064550.276 INFO             PET3 ESMF_PIO                    : enabled
20210425 064550.276 INFO             PET3 ESMF_YAMLCPP                : enabled
20210425 064550.279 INFO             PET3 ESMF_FieldRedistStoreNF(): Just entered routine.
20210425 064550.314 INFO             PET3 ESMF_FieldRedistStoreNF(): Leaving routine.
20210425 064550.320 INFO             PET3  NUMBER_OF_PROCESSORS           4
20210425 064550.321 INFO             PET3  PASS  Example ESMF_RHandleFromFileEx, ESMF_RHandleFromFileEx.F90, line 192
20210425 064550.321 INFO             PET3 Finalizing ESMF
