build time -- 2021-04-26 17:35:35.603320
20210426 174903.509 INFO             PET0 !!!!!!!!!!!!!!!!!!!!!!!!!!!!!!!!!!!!!!!!!!!!!!!!!!!!!!
20210426 174903.510 INFO             PET0 !!! THE ESMF_LOG IS SET TO OUTPUT ALL LOG MESSAGES !!!
20210426 174903.510 INFO             PET0 !!!     THIS MAY CAUSE SLOWDOWN IN PERFORMANCE     !!!
20210426 174903.510 INFO             PET0 !!! FOR PRODUCTION RUNS, USE:                      !!!
20210426 174903.510 INFO             PET0 !!!                   ESMF_LOGKIND_Multi_On_Error  !!!
20210426 174903.510 INFO             PET0 !!!!!!!!!!!!!!!!!!!!!!!!!!!!!!!!!!!!!!!!!!!!!!!!!!!!!!
20210426 174903.510 INFO             PET0 Running with ESMF Version   : ESMF_8_2_0_beta_snapshot_05-6-gb8c1a7077f
20210426 174903.510 INFO             PET0 ESMF library build date/time: "Apr 26 2021" "17:34:47"
20210426 174903.510 INFO             PET0 ESMF library build location : /home/mpotts/gfortran_9.3.0_openmpi_g_develop
20210426 174903.510 INFO             PET0 ESMF_COMM                   : openmpi
20210426 174903.510 INFO             PET0 ESMF_MOAB                   : enabled
20210426 174903.510 INFO             PET0 ESMF_LAPACK                 : enabled
20210426 174903.510 INFO             PET0 ESMF_NETCDF                 : enabled
20210426 174903.510 INFO             PET0 ESMF_PNETCDF                : disabled
20210426 174903.510 INFO             PET0 ESMF_PIO                    : enabled
20210426 174903.510 INFO             PET0 ESMF_YAMLCPP                : enabled
20210426 174903.510 INFO             PET0  NUMBER_OF_PROCESSORS           1
20210426 174903.510 INFO             PET0  PASS  Example ESMF_TimeIntervalEx, ESMF_TimeIntervalEx.F90, line 176
20210426 174903.510 INFO             PET0 Finalizing ESMF
