build time -- 2021-04-25 01:23:54.960986
20210425 015845.936 INFO             PET0 !!!!!!!!!!!!!!!!!!!!!!!!!!!!!!!!!!!!!!!!!!!!!!!!!!!!!!
20210425 015845.936 INFO             PET0 !!! THE ESMF_LOG IS SET TO OUTPUT ALL LOG MESSAGES !!!
20210425 015845.936 INFO             PET0 !!!     THIS MAY CAUSE SLOWDOWN IN PERFORMANCE     !!!
20210425 015845.936 INFO             PET0 !!! FOR PRODUCTION RUNS, USE:                      !!!
20210425 015845.936 INFO             PET0 !!!                   ESMF_LOGKIND_Multi_On_Error  !!!
20210425 015845.936 INFO             PET0 !!!!!!!!!!!!!!!!!!!!!!!!!!!!!!!!!!!!!!!!!!!!!!!!!!!!!!
20210425 015845.936 INFO             PET0 Running with ESMF Version   : ESMF_8_2_0_beta_snapshot_05-4-g394ef51454
20210425 015845.936 INFO             PET0 ESMF library build date/time: "Apr 25 2021" "01:19:43"
20210425 015845.936 INFO             PET0 ESMF library build location : /gpfsm/dnb04/projects/p98/mpotts/esmf/intel_2020_intelmpi_g_develop
20210425 015845.936 INFO             PET0 ESMF_COMM                   : intelmpi
20210425 015845.936 INFO             PET0 ESMF_MOAB                   : enabled
20210425 015845.936 INFO             PET0 ESMF_LAPACK                 : enabled
20210425 015845.936 INFO             PET0 ESMF_NETCDF                 : enabled
20210425 015845.937 INFO             PET0 ESMF_PNETCDF                : disabled
20210425 015845.937 INFO             PET0 ESMF_PIO                    : enabled
20210425 015845.937 INFO             PET0 ESMF_YAMLCPP                : enabled
20210425 015845.974 INFO             PET0 ESMF_FieldRedistStoreNF(): Just entered routine.
20210425 015845.976 INFO             PET0 ESMF_FieldRedistStoreNF(): Leaving routine.
20210425 015845.981 INFO             PET0 ESMF_FieldRedistStoreNF(): Just entered routine.
20210425 015845.982 INFO             PET0 ESMF_FieldRedistStoreNF(): Leaving routine.
20210425 015845.982 INFO             PET0 ESMF_FieldRedistStoreNF(): Just entered routine.
20210425 015845.984 INFO             PET0 ESMF_FieldRedistStoreNF(): Leaving routine.
20210425 015845.984 INFO             PET0  NUMBER_OF_PROCESSORS           4
20210425 015845.984 INFO             PET0  PASS  Example ESMF_FieldRedistEx, ESMF_FieldRedistEx.F90, line 521
20210425 015845.984 INFO             PET0 Finalizing ESMF
20210425 015845.936 INFO             PET1 !!!!!!!!!!!!!!!!!!!!!!!!!!!!!!!!!!!!!!!!!!!!!!!!!!!!!!
20210425 015845.936 INFO             PET1 !!! THE ESMF_LOG IS SET TO OUTPUT ALL LOG MESSAGES !!!
20210425 015845.936 INFO             PET1 !!!     THIS MAY CAUSE SLOWDOWN IN PERFORMANCE     !!!
20210425 015845.936 INFO             PET1 !!! FOR PRODUCTION RUNS, USE:                      !!!
20210425 015845.936 INFO             PET1 !!!                   ESMF_LOGKIND_Multi_On_Error  !!!
20210425 015845.936 INFO             PET1 !!!!!!!!!!!!!!!!!!!!!!!!!!!!!!!!!!!!!!!!!!!!!!!!!!!!!!
20210425 015845.936 INFO             PET1 Running with ESMF Version   : ESMF_8_2_0_beta_snapshot_05-4-g394ef51454
20210425 015845.936 INFO             PET1 ESMF library build date/time: "Apr 25 2021" "01:19:43"
20210425 015845.936 INFO             PET1 ESMF library build location : /gpfsm/dnb04/projects/p98/mpotts/esmf/intel_2020_intelmpi_g_develop
20210425 015845.936 INFO             PET1 ESMF_COMM                   : intelmpi
20210425 015845.936 INFO             PET1 ESMF_MOAB                   : enabled
20210425 015845.936 INFO             PET1 ESMF_LAPACK                 : enabled
20210425 015845.936 INFO             PET1 ESMF_NETCDF                 : enabled
20210425 015845.936 INFO             PET1 ESMF_PNETCDF                : disabled
20210425 015845.937 INFO             PET1 ESMF_PIO                    : enabled
20210425 015845.937 INFO             PET1 ESMF_YAMLCPP                : enabled
20210425 015845.974 INFO             PET1 ESMF_FieldRedistStoreNF(): Just entered routine.
20210425 015845.976 INFO             PET1 ESMF_FieldRedistStoreNF(): Leaving routine.
20210425 015845.981 INFO             PET1 ESMF_FieldRedistStoreNF(): Just entered routine.
20210425 015845.982 INFO             PET1 ESMF_FieldRedistStoreNF(): Leaving routine.
20210425 015845.982 INFO             PET1 ESMF_FieldRedistStoreNF(): Just entered routine.
20210425 015845.984 INFO             PET1 ESMF_FieldRedistStoreNF(): Leaving routine.
20210425 015845.984 INFO             PET1  NUMBER_OF_PROCESSORS           4
20210425 015845.984 INFO             PET1  PASS  Example ESMF_FieldRedistEx, ESMF_FieldRedistEx.F90, line 521
20210425 015845.984 INFO             PET1 Finalizing ESMF
20210425 015845.970 INFO             PET2 !!!!!!!!!!!!!!!!!!!!!!!!!!!!!!!!!!!!!!!!!!!!!!!!!!!!!!
20210425 015845.970 INFO             PET2 !!! THE ESMF_LOG IS SET TO OUTPUT ALL LOG MESSAGES !!!
20210425 015845.970 INFO             PET2 !!!     THIS MAY CAUSE SLOWDOWN IN PERFORMANCE     !!!
20210425 015845.970 INFO             PET2 !!! FOR PRODUCTION RUNS, USE:                      !!!
20210425 015845.970 INFO             PET2 !!!                   ESMF_LOGKIND_Multi_On_Error  !!!
20210425 015845.970 INFO             PET2 !!!!!!!!!!!!!!!!!!!!!!!!!!!!!!!!!!!!!!!!!!!!!!!!!!!!!!
20210425 015845.970 INFO             PET2 Running with ESMF Version   : ESMF_8_2_0_beta_snapshot_05-4-g394ef51454
20210425 015845.970 INFO             PET2 ESMF library build date/time: "Apr 25 2021" "01:19:43"
20210425 015845.970 INFO             PET2 ESMF library build location : /gpfsm/dnb04/projects/p98/mpotts/esmf/intel_2020_intelmpi_g_develop
20210425 015845.970 INFO             PET2 ESMF_COMM                   : intelmpi
20210425 015845.971 INFO             PET2 ESMF_MOAB                   : enabled
20210425 015845.971 INFO             PET2 ESMF_LAPACK                 : enabled
20210425 015845.971 INFO             PET2 ESMF_NETCDF                 : enabled
20210425 015845.971 INFO             PET2 ESMF_PNETCDF                : disabled
20210425 015845.971 INFO             PET2 ESMF_PIO                    : enabled
20210425 015845.971 INFO             PET2 ESMF_YAMLCPP                : enabled
20210425 015845.974 INFO             PET2 ESMF_FieldRedistStoreNF(): Just entered routine.
20210425 015845.976 INFO             PET2 ESMF_FieldRedistStoreNF(): Leaving routine.
20210425 015845.981 INFO             PET2 ESMF_FieldRedistStoreNF(): Just entered routine.
20210425 015845.982 INFO             PET2 ESMF_FieldRedistStoreNF(): Leaving routine.
20210425 015845.982 INFO             PET2 ESMF_FieldRedistStoreNF(): Just entered routine.
20210425 015845.984 INFO             PET2 ESMF_FieldRedistStoreNF(): Leaving routine.
20210425 015845.984 INFO             PET2  NUMBER_OF_PROCESSORS           4
20210425 015845.984 INFO             PET2  PASS  Example ESMF_FieldRedistEx, ESMF_FieldRedistEx.F90, line 521
20210425 015845.984 INFO             PET2 Finalizing ESMF
20210425 015845.936 INFO             PET3 !!!!!!!!!!!!!!!!!!!!!!!!!!!!!!!!!!!!!!!!!!!!!!!!!!!!!!
20210425 015845.936 INFO             PET3 !!! THE ESMF_LOG IS SET TO OUTPUT ALL LOG MESSAGES !!!
20210425 015845.936 INFO             PET3 !!!     THIS MAY CAUSE SLOWDOWN IN PERFORMANCE     !!!
20210425 015845.936 INFO             PET3 !!! FOR PRODUCTION RUNS, USE:                      !!!
20210425 015845.936 INFO             PET3 !!!                   ESMF_LOGKIND_Multi_On_Error  !!!
20210425 015845.936 INFO             PET3 !!!!!!!!!!!!!!!!!!!!!!!!!!!!!!!!!!!!!!!!!!!!!!!!!!!!!!
20210425 015845.936 INFO             PET3 Running with ESMF Version   : ESMF_8_2_0_beta_snapshot_05-4-g394ef51454
20210425 015845.936 INFO             PET3 ESMF library build date/time: "Apr 25 2021" "01:19:43"
20210425 015845.936 INFO             PET3 ESMF library build location : /gpfsm/dnb04/projects/p98/mpotts/esmf/intel_2020_intelmpi_g_develop
20210425 015845.936 INFO             PET3 ESMF_COMM                   : intelmpi
20210425 015845.937 INFO             PET3 ESMF_MOAB                   : enabled
20210425 015845.937 INFO             PET3 ESMF_LAPACK                 : enabled
20210425 015845.937 INFO             PET3 ESMF_NETCDF                 : enabled
20210425 015845.937 INFO             PET3 ESMF_PNETCDF                : disabled
20210425 015845.937 INFO             PET3 ESMF_PIO                    : enabled
20210425 015845.937 INFO             PET3 ESMF_YAMLCPP                : enabled
20210425 015845.974 INFO             PET3 ESMF_FieldRedistStoreNF(): Just entered routine.
20210425 015845.976 INFO             PET3 ESMF_FieldRedistStoreNF(): Leaving routine.
20210425 015845.981 INFO             PET3 ESMF_FieldRedistStoreNF(): Just entered routine.
20210425 015845.982 INFO             PET3 ESMF_FieldRedistStoreNF(): Leaving routine.
20210425 015845.982 INFO             PET3 ESMF_FieldRedistStoreNF(): Just entered routine.
20210425 015845.984 INFO             PET3 ESMF_FieldRedistStoreNF(): Leaving routine.
20210425 015845.984 INFO             PET3  NUMBER_OF_PROCESSORS           4
20210425 015845.984 INFO             PET3  PASS  Example ESMF_FieldRedistEx, ESMF_FieldRedistEx.F90, line 521
20210425 015845.984 INFO             PET3 Finalizing ESMF
