build time -- 2021-04-27 14:21:37.094906
20210427 144318.449 INFO             PET0 !!!!!!!!!!!!!!!!!!!!!!!!!!!!!!!!!!!!!!!!!!!!!!!!!!!!!!
20210427 144318.449 INFO             PET0 !!! THE ESMF_LOG IS SET TO OUTPUT ALL LOG MESSAGES !!!
20210427 144318.449 INFO             PET0 !!!     THIS MAY CAUSE SLOWDOWN IN PERFORMANCE     !!!
20210427 144318.449 INFO             PET0 !!! FOR PRODUCTION RUNS, USE:                      !!!
20210427 144318.449 INFO             PET0 !!!                   ESMF_LOGKIND_Multi_On_Error  !!!
20210427 144318.449 INFO             PET0 !!!!!!!!!!!!!!!!!!!!!!!!!!!!!!!!!!!!!!!!!!!!!!!!!!!!!!
20210427 144318.449 INFO             PET0 Running with ESMF Version   : ESMF_8_2_0_beta_snapshot_05-6-gb8c1a7077f
20210427 144318.449 INFO             PET0 ESMF library build date/time: "Apr 27 2021" "14:20:05"
20210427 144318.449 INFO             PET0 ESMF library build location : /glade/scratch/mpotts/gfortran_9.1.0_mpt_O_develop
20210427 144318.449 INFO             PET0 ESMF_COMM                   : mpt
20210427 144318.449 INFO             PET0 ESMF_MOAB                   : enabled
20210427 144318.449 INFO             PET0 ESMF_LAPACK                 : enabled
20210427 144318.449 INFO             PET0 ESMF_NETCDF                 : enabled
20210427 144318.449 INFO             PET0 ESMF_PNETCDF                : disabled
20210427 144318.449 INFO             PET0 ESMF_PIO                    : enabled
20210427 144318.449 INFO             PET0 ESMF_YAMLCPP                : enabled
20210427 144318.450 ERROR            PET0 ESMF_StateAPI.cppF90:1189 ESMF_StateAddList Object being used before creation  - Bad Object
20210427 144318.451 INFO             PET0  NUMBER_OF_PROCESSORS           4
20210427 144318.451 INFO             PET0  PASS  Example ESMF_StateReconcileEx, ESMF_StateReconcileEx.F90, line 297
20210427 144318.451 INFO             PET0 Finalizing ESMF
20210427 144318.449 INFO             PET1 !!!!!!!!!!!!!!!!!!!!!!!!!!!!!!!!!!!!!!!!!!!!!!!!!!!!!!
20210427 144318.449 INFO             PET1 !!! THE ESMF_LOG IS SET TO OUTPUT ALL LOG MESSAGES !!!
20210427 144318.449 INFO             PET1 !!!     THIS MAY CAUSE SLOWDOWN IN PERFORMANCE     !!!
20210427 144318.449 INFO             PET1 !!! FOR PRODUCTION RUNS, USE:                      !!!
20210427 144318.449 INFO             PET1 !!!                   ESMF_LOGKIND_Multi_On_Error  !!!
20210427 144318.449 INFO             PET1 !!!!!!!!!!!!!!!!!!!!!!!!!!!!!!!!!!!!!!!!!!!!!!!!!!!!!!
20210427 144318.449 INFO             PET1 Running with ESMF Version   : ESMF_8_2_0_beta_snapshot_05-6-gb8c1a7077f
20210427 144318.449 INFO             PET1 ESMF library build date/time: "Apr 27 2021" "14:20:05"
20210427 144318.449 INFO             PET1 ESMF library build location : /glade/scratch/mpotts/gfortran_9.1.0_mpt_O_develop
20210427 144318.449 INFO             PET1 ESMF_COMM                   : mpt
20210427 144318.449 INFO             PET1 ESMF_MOAB                   : enabled
20210427 144318.449 INFO             PET1 ESMF_LAPACK                 : enabled
20210427 144318.449 INFO             PET1 ESMF_NETCDF                 : enabled
20210427 144318.449 INFO             PET1 ESMF_PNETCDF                : disabled
20210427 144318.449 INFO             PET1 ESMF_PIO                    : enabled
20210427 144318.449 INFO             PET1 ESMF_YAMLCPP                : enabled
20210427 144318.450 ERROR            PET1 ESMF_StateAPI.cppF90:1189 ESMF_StateAddList Object being used before creation  - Bad Object
20210427 144318.451 INFO             PET1  NUMBER_OF_PROCESSORS           4
20210427 144318.451 INFO             PET1  PASS  Example ESMF_StateReconcileEx, ESMF_StateReconcileEx.F90, line 297
20210427 144318.451 INFO             PET1 Finalizing ESMF
20210427 144318.448 INFO             PET2 !!!!!!!!!!!!!!!!!!!!!!!!!!!!!!!!!!!!!!!!!!!!!!!!!!!!!!
20210427 144318.448 INFO             PET2 !!! THE ESMF_LOG IS SET TO OUTPUT ALL LOG MESSAGES !!!
20210427 144318.448 INFO             PET2 !!!     THIS MAY CAUSE SLOWDOWN IN PERFORMANCE     !!!
20210427 144318.448 INFO             PET2 !!! FOR PRODUCTION RUNS, USE:                      !!!
20210427 144318.448 INFO             PET2 !!!                   ESMF_LOGKIND_Multi_On_Error  !!!
20210427 144318.448 INFO             PET2 !!!!!!!!!!!!!!!!!!!!!!!!!!!!!!!!!!!!!!!!!!!!!!!!!!!!!!
20210427 144318.448 INFO             PET2 Running with ESMF Version   : ESMF_8_2_0_beta_snapshot_05-6-gb8c1a7077f
20210427 144318.448 INFO             PET2 ESMF library build date/time: "Apr 27 2021" "14:20:05"
20210427 144318.448 INFO             PET2 ESMF library build location : /glade/scratch/mpotts/gfortran_9.1.0_mpt_O_develop
20210427 144318.448 INFO             PET2 ESMF_COMM                   : mpt
20210427 144318.448 INFO             PET2 ESMF_MOAB                   : enabled
20210427 144318.448 INFO             PET2 ESMF_LAPACK                 : enabled
20210427 144318.448 INFO             PET2 ESMF_NETCDF                 : enabled
20210427 144318.448 INFO             PET2 ESMF_PNETCDF                : disabled
20210427 144318.448 INFO             PET2 ESMF_PIO                    : enabled
20210427 144318.448 INFO             PET2 ESMF_YAMLCPP                : enabled
20210427 144318.450 ERROR            PET2 ESMF_StateAPI.cppF90:1189 ESMF_StateAddList Object being used before creation  - Bad Object
20210427 144318.451 INFO             PET2  NUMBER_OF_PROCESSORS           4
20210427 144318.451 INFO             PET2  PASS  Example ESMF_StateReconcileEx, ESMF_StateReconcileEx.F90, line 297
20210427 144318.451 INFO             PET2 Finalizing ESMF
20210427 144318.449 INFO             PET3 !!!!!!!!!!!!!!!!!!!!!!!!!!!!!!!!!!!!!!!!!!!!!!!!!!!!!!
20210427 144318.449 INFO             PET3 !!! THE ESMF_LOG IS SET TO OUTPUT ALL LOG MESSAGES !!!
20210427 144318.449 INFO             PET3 !!!     THIS MAY CAUSE SLOWDOWN IN PERFORMANCE     !!!
20210427 144318.449 INFO             PET3 !!! FOR PRODUCTION RUNS, USE:                      !!!
20210427 144318.449 INFO             PET3 !!!                   ESMF_LOGKIND_Multi_On_Error  !!!
20210427 144318.449 INFO             PET3 !!!!!!!!!!!!!!!!!!!!!!!!!!!!!!!!!!!!!!!!!!!!!!!!!!!!!!
20210427 144318.449 INFO             PET3 Running with ESMF Version   : ESMF_8_2_0_beta_snapshot_05-6-gb8c1a7077f
20210427 144318.449 INFO             PET3 ESMF library build date/time: "Apr 27 2021" "14:20:05"
20210427 144318.449 INFO             PET3 ESMF library build location : /glade/scratch/mpotts/gfortran_9.1.0_mpt_O_develop
20210427 144318.449 INFO             PET3 ESMF_COMM                   : mpt
20210427 144318.449 INFO             PET3 ESMF_MOAB                   : enabled
20210427 144318.449 INFO             PET3 ESMF_LAPACK                 : enabled
20210427 144318.449 INFO             PET3 ESMF_NETCDF                 : enabled
20210427 144318.449 INFO             PET3 ESMF_PNETCDF                : disabled
20210427 144318.449 INFO             PET3 ESMF_PIO                    : enabled
20210427 144318.449 INFO             PET3 ESMF_YAMLCPP                : enabled
20210427 144318.450 ERROR            PET3 ESMF_StateAPI.cppF90:1189 ESMF_StateAddList Object being used before creation  - Bad Object
20210427 144318.451 INFO             PET3  NUMBER_OF_PROCESSORS           4
20210427 144318.451 INFO             PET3  PASS  Example ESMF_StateReconcileEx, ESMF_StateReconcileEx.F90, line 297
20210427 144318.451 INFO             PET3 Finalizing ESMF
