 
Installing ESMF:
 
mkdir -p /scratch/mpotts/nag_7.0_mpiuni_O_develop/DEFAULTINSTALLDIR/include
cp -f /scratch/mpotts/nag_7.0_mpiuni_O_develop/src/include/ESMC.h /scratch/mpotts/nag_7.0_mpiuni_O_develop/DEFAULTINSTALLDIR/include
cp -f /scratch/mpotts/nag_7.0_mpiuni_O_develop/src/include/ESMC_*.h /scratch/mpotts/nag_7.0_mpiuni_O_develop/DEFAULTINSTALLDIR/include
cp -f /scratch/mpotts/nag_7.0_mpiuni_O_develop/build_config/Linux.nag.default/ESMC_Conf.h /scratch/mpotts/nag_7.0_mpiuni_O_develop/DEFAULTINSTALLDIR/include
mkdir -p /scratch/mpotts/nag_7.0_mpiuni_O_develop/DEFAULTINSTALLDIR/mod/modO/Linux.nag.64.mpiuni.default
cp -f /scratch/mpotts/nag_7.0_mpiuni_O_develop/mod/modO/Linux.nag.64.mpiuni.default/*.mod /scratch/mpotts/nag_7.0_mpiuni_O_develop/DEFAULTINSTALLDIR/mod/modO/Linux.nag.64.mpiuni.default
mkdir -p /scratch/mpotts/nag_7.0_mpiuni_O_develop/DEFAULTINSTALLDIR/lib/libO/Linux.nag.64.mpiuni.default
cp -f /scratch/mpotts/nag_7.0_mpiuni_O_develop/lib/libO/Linux.nag.64.mpiuni.default/libesmf*.* /scratch/mpotts/nag_7.0_mpiuni_O_develop/DEFAULTINSTALLDIR/lib/libO/Linux.nag.64.mpiuni.default
make ESMF_PRELOADDIR=/scratch/mpotts/nag_7.0_mpiuni_O_develop/DEFAULTINSTALLDIR/lib/libO/Linux.nag.64.mpiuni.default build_preload_script
make[1]: Entering directory `/scratch/mpotts/nag_7.0_mpiuni_O_develop'
chmod 755 /scratch/mpotts/nag_7.0_mpiuni_O_develop/DEFAULTINSTALLDIR/lib/libO/Linux.nag.64.mpiuni.default/preload.sh
make[1]: Leaving directory `/scratch/mpotts/nag_7.0_mpiuni_O_develop'
ranlib /scratch/mpotts/nag_7.0_mpiuni_O_develop/DEFAULTINSTALLDIR/lib/libO/Linux.nag.64.mpiuni.default/libesmf*.a
make install_apps
make[1]: Entering directory `/scratch/mpotts/nag_7.0_mpiuni_O_develop'
mkdir -p /scratch/mpotts/nag_7.0_mpiuni_O_develop/DEFAULTINSTALLDIR/bin/binO/Linux.nag.64.mpiuni.default
make build_apps ESMF_APPSDIR=/scratch/mpotts/nag_7.0_mpiuni_O_develop/DEFAULTINSTALLDIR/bin/binO/Linux.nag.64.mpiuni.default ESMF_LDIR=/scratch/mpotts/nag_7.0_mpiuni_O_develop/DEFAULTINSTALLDIR/lib/libO/Linux.nag.64.mpiuni.default ESMF_LIBDIR=/scratch/mpotts/nag_7.0_mpiuni_O_develop/DEFAULTINSTALLDIR/lib/libO/Linux.nag.64.mpiuni.default ESMF_MODDIR=/scratch/mpotts/nag_7.0_mpiuni_O_develop/DEFAULTINSTALLDIR/mod/modO/Linux.nag.64.mpiuni.default
make[2]: Entering directory `/scratch/mpotts/nag_7.0_mpiuni_O_develop'
cd /scratch/mpotts/nag_7.0_mpiuni_O_develop/src/apps; make ACTION=tree_build_apps tree
make[3]: Entering directory `/scratch/mpotts/nag_7.0_mpiuni_O_develop/src/apps'
tree_build_apps in: /scratch/mpotts/nag_7.0_mpiuni_O_develop/src/apps/ESMF_PrintInfo
make[4]: Entering directory `/scratch/mpotts/nag_7.0_mpiuni_O_develop/src/apps/ESMF_PrintInfo'
make chkdir_locobj
make[5]: Entering directory `/scratch/mpotts/nag_7.0_mpiuni_O_develop/src/apps/ESMF_PrintInfo'
Making directory /scratch/mpotts/nag_7.0_mpiuni_O_develop/obj/objO/Linux.nag.64.mpiuni.default/src/apps/ESMF_PrintInfo for apps output
make[5]: Leaving directory `/scratch/mpotts/nag_7.0_mpiuni_O_develop/src/apps/ESMF_PrintInfo'
nagfor -c -O0 -pic -DESMF_NAG_UNIX_MODULE -dusty -thread_safe  -openmp -I/scratch/mpotts/nag_7.0_mpiuni_O_develop/src/apps/ESMF_PrintInfo -I/scratch/mpotts/nag_7.0_mpiuni_O_develop/build_config/Linux.nag.default -I/scratch/mpotts/nag_7.0_mpiuni_O_develop/src/Infrastructure -I/scratch/mpotts/nag_7.0_mpiuni_O_develop/src/Superstructure -I/scratch/mpotts/nag_7.0_mpiuni_O_develop/DEFAULTINSTALLDIR/mod/modO/Linux.nag.64.mpiuni.default -I/scratch/mpotts/nag_7.0_mpiuni_O_develop/src/include -I/usr/local/netcdf-c-4.6.1-f-4.4.4-gcc-g++-8.1.0-nag-6.2/include -I/usr/local/netcdf-c-4.6.1-f-4.4.4-gcc-g++-8.1.0-nag-6.2/include  -DESMF_NO_INTEGER_1_BYTE -DESMF_NO_INTEGER_2_BYTE -DESMF_VERSION_STRING_GIT='"ESMF_8_2_0_beta_snapshot_05-6-gb8c1a7077f"' -DESMF_MOAB=1 -DESMF_LAPACK=1 -DESMF_LAPACK_INTERNAL=1 -DESMF_NO_ACC_SOFTWARE_STACK=1 -DESMF_NETCDF=1 -DESMF_YAMLCPP=1 -DESMF_YAML=1 -DESMF_NO_OPENACC -DESMF_TESTEXHAUSTIVE -DESMF_BOPT_O -DESMF_TESTCOMPTUNNEL -DESMF_TESTWITHTHREADS -DS64=1 -DESMF_OS_Linux=1 -DESMF_COMM=mpiuni -DESMF_DIR=/scratch/mpotts/nag_7.0_mpiuni_O_develop -DESMF_MPIUNI -DESMF_NO_F2018ASSUMEDTYPE ESMF_PrintInfo.F90 -o /scratch/mpotts/nag_7.0_mpiuni_O_develop/obj/objO/Linux.nag.64.mpiuni.default/src/apps/ESMF_PrintInfo/ESMF_PrintInfo.o
NAG Fortran Compiler Release 7.0(Yurakucho) Build 7005
Warning: ESMF_PrintInfo.F90, line 95: Unused local variable ARGFLAG
Warning: ESMF_PrintInfo.F90, line 95: Unused local variable ARGINDEX
[NAG Fortran Compiler normal termination, 2 warnings]
make chkdir_apps
make[5]: Entering directory `/scratch/mpotts/nag_7.0_mpiuni_O_develop/src/apps/ESMF_PrintInfo'
make[5]: Leaving directory `/scratch/mpotts/nag_7.0_mpiuni_O_develop/src/apps/ESMF_PrintInfo'
nagfor    -thread_safe -Wl,-Wl,,--no-as-needed  -openmp -L/scratch/mpotts/nag_7.0_mpiuni_O_develop/DEFAULTINSTALLDIR/lib/libO/Linux.nag.64.mpiuni.default -L/usr/local/netcdf-c-4.6.1-f-4.4.4-gcc-g++-8.1.0-nag-6.2/lib -L/usr/local/netcdf-c-4.6.1-f-4.4.4-gcc-g++-8.1.0-nag-6.2/lib -L/usr/local/gcc-g++-gfortran-8.1.0/lib -L/usr/local/nag-6.2/lib -L/usr/local/netcdf-c-4.6.1-f-4.4.4-gcc-g++-gfortran-8.1.0/lib -L/usr/local/hdf5-1.8.7-gcc-g++-gfortran-8.1.0/lib -L/usr/local/gcc-g++-gfortran-8.1.0/lib/gcc/x86_64-pc-linux-gnu/8.1.0/../../../../lib64/ -Wl,-Wl,,-rpath,,/scratch/mpotts/nag_7.0_mpiuni_O_develop/DEFAULTINSTALLDIR/lib/libO/Linux.nag.64.mpiuni.default -Wl,-Wl,,-rpath,,/usr/local/netcdf-c-4.6.1-f-4.4.4-gcc-g++-8.1.0-nag-6.2/lib -Wl,-Wl,,-rpath,,/usr/local/netcdf-c-4.6.1-f-4.4.4-gcc-g++-8.1.0-nag-6.2/lib -Wl,-Wl,,-rpath,,/usr/local/gcc-g++-gfortran-8.1.0/lib -Wl,-Wl,,-rpath,,/usr/local/nag-6.2/lib -Wl,-Wl,,-rpath,,/usr/local/netcdf-c-4.6.1-f-4.4.4-gcc-g++-gfortran-8.1.0/lib -Wl,-Wl,,-rpath,,/usr/local/hdf5-1.8.7-gcc-g++-gfortran-8.1.0/lib -Wl,-Wl,,-rpath,,/usr/local/gcc-g++-gfortran-8.1.0/lib/gcc/x86_64-pc-linux-gnu/8.1.0/../../../../lib64/ -o /scratch/mpotts/nag_7.0_mpiuni_O_develop/DEFAULTINSTALLDIR/bin/binO/Linux.nag.64.mpiuni.default/ESMF_PrintInfo /scratch/mpotts/nag_7.0_mpiuni_O_develop/obj/objO/Linux.nag.64.mpiuni.default/src/apps/ESMF_PrintInfo/ESMF_PrintInfo.o -lesmf  -lrt -lstdc++ -ldl -lnetcdf -lnetcdff -lnetcdf -lnetcdf
NAG Fortran Compiler Release 7.0(Yurakucho) Build 7005
make[4]: Leaving directory `/scratch/mpotts/nag_7.0_mpiuni_O_develop/src/apps/ESMF_PrintInfo'
tree_build_apps in: /scratch/mpotts/nag_7.0_mpiuni_O_develop/src/apps/ESMF_PrintInfoC
make[4]: Entering directory `/scratch/mpotts/nag_7.0_mpiuni_O_develop/src/apps/ESMF_PrintInfoC'
make chkdir_locobj
make[5]: Entering directory `/scratch/mpotts/nag_7.0_mpiuni_O_develop/src/apps/ESMF_PrintInfoC'
Making directory /scratch/mpotts/nag_7.0_mpiuni_O_develop/obj/objO/Linux.nag.64.mpiuni.default/src/apps/ESMF_PrintInfoC for apps output
make[5]: Leaving directory `/scratch/mpotts/nag_7.0_mpiuni_O_develop/src/apps/ESMF_PrintInfoC'
g++ -c -std=c++11 -O0 -DNDEBUG -fPIC -pthread  -fopenmp -I/scratch/mpotts/nag_7.0_mpiuni_O_develop/src/apps/ESMF_PrintInfoC -I/scratch/mpotts/nag_7.0_mpiuni_O_develop/src/apps/ESMF_PrintInfoC/../include -I/scratch/mpotts/nag_7.0_mpiuni_O_develop/build_config/Linux.nag.default -I/scratch/mpotts/nag_7.0_mpiuni_O_develop/src/Infrastructure -I/scratch/mpotts/nag_7.0_mpiuni_O_develop/src/Superstructure -I/scratch/mpotts/nag_7.0_mpiuni_O_develop/src/Infrastructure/stubs/pthread  -I/scratch/mpotts/nag_7.0_mpiuni_O_develop/src/include  -I/usr/local/netcdf-c-4.6.1-f-4.4.4-gcc-g++-8.1.0-nag-6.2/include -I/scratch/mpotts/nag_7.0_mpiuni_O_develop/src/Infrastructure/stubs/mpiuni -I/scratch/mpotts/nag_7.0_mpiuni_O_develop/src/prologue/yaml-cpp/include -DESMF_NO_INTEGER_1_BYTE -DESMF_NO_INTEGER_2_BYTE -DESMF_VERSION_STRING_GIT='"ESMF_8_2_0_beta_snapshot_05-6-gb8c1a7077f"' -DESMF_MOAB=1 -DESMF_LAPACK=1 -DESMF_LAPACK_INTERNAL=1 -DESMF_NO_ACC_SOFTWARE_STACK=1 -DESMF_NETCDF=1 -DESMF_YAMLCPP=1 -DESMF_YAML=1 -DESMF_NO_OPENACC -DESMF_TESTEXHAUSTIVE -DESMF_BOPT_O -DESMF_TESTCOMPTUNNEL -DESMF_TESTWITHTHREADS -DS64=1 -DESMF_OS_Linux=1 -DESMF_COMM=mpiuni -DESMF_DIR=/scratch/mpotts/nag_7.0_mpiuni_O_develop -D__SDIR__='"src/apps/ESMF_PrintInfoC"' -DESMF_CXXSTD=11 -DESMF_MPIUNI -DESMF_NO_F2018ASSUMEDTYPE ESMF_PrintInfoC.c -o /scratch/mpotts/nag_7.0_mpiuni_O_develop/obj/objO/Linux.nag.64.mpiuni.default/src/apps/ESMF_PrintInfoC/ESMF_PrintInfoC.o
make chkdir_apps
make[5]: Entering directory `/scratch/mpotts/nag_7.0_mpiuni_O_develop/src/apps/ESMF_PrintInfoC'
make[5]: Leaving directory `/scratch/mpotts/nag_7.0_mpiuni_O_develop/src/apps/ESMF_PrintInfoC'
g++    -pthread -Wl,--no-as-needed  -fopenmp -L/scratch/mpotts/nag_7.0_mpiuni_O_develop/DEFAULTINSTALLDIR/lib/libO/Linux.nag.64.mpiuni.default -L/usr/local/netcdf-c-4.6.1-f-4.4.4-gcc-g++-8.1.0-nag-6.2/lib -L/usr/local/netcdf-c-4.6.1-f-4.4.4-gcc-g++-8.1.0-nag-6.2/lib -L/usr/local/gcc-g++-gfortran-8.1.0/lib -L/usr/local/nag-6.2/lib -L/usr/local/netcdf-c-4.6.1-f-4.4.4-gcc-g++-gfortran-8.1.0/lib -L/usr/local/hdf5-1.8.7-gcc-g++-gfortran-8.1.0/lib -Wl,-rpath,/scratch/mpotts/nag_7.0_mpiuni_O_develop/DEFAULTINSTALLDIR/lib/libO/Linux.nag.64.mpiuni.default -Wl,-rpath,/usr/local/netcdf-c-4.6.1-f-4.4.4-gcc-g++-8.1.0-nag-6.2/lib -Wl,-rpath,/usr/local/netcdf-c-4.6.1-f-4.4.4-gcc-g++-8.1.0-nag-6.2/lib -Wl,-rpath,/usr/local/gcc-g++-gfortran-8.1.0/lib -Wl,-rpath,/usr/local/nag-6.2/lib -Wl,-rpath,/usr/local/netcdf-c-4.6.1-f-4.4.4-gcc-g++-gfortran-8.1.0/lib -Wl,-rpath,/usr/local/hdf5-1.8.7-gcc-g++-gfortran-8.1.0/lib -o /scratch/mpotts/nag_7.0_mpiuni_O_develop/DEFAULTINSTALLDIR/bin/binO/Linux.nag.64.mpiuni.default/ESMF_PrintInfoC /scratch/mpotts/nag_7.0_mpiuni_O_develop/obj/objO/Linux.nag.64.mpiuni.default/src/apps/ESMF_PrintInfoC/ESMF_PrintInfoC.o -lesmf  -lrt -ldl -m64 /usr/local/nag-7.0/lib/NAG_Fortran/quickfit.o -Wl,-rpath,/usr/local/nag-7.0/lib/NAG_Fortran /usr/local/nag-7.0/lib/NAG_Fortran/libf70rts.so /usr/local/nag-7.0/lib/NAG_Fortran/libf70rts.a -lm -lpthread -lnetcdf -lnetcdff -lnetcdf -lnetcdf
make[4]: Leaving directory `/scratch/mpotts/nag_7.0_mpiuni_O_develop/src/apps/ESMF_PrintInfoC'
tree_build_apps in: /scratch/mpotts/nag_7.0_mpiuni_O_develop/src/apps/ESMF_RegridWeightGen
make[4]: Entering directory `/scratch/mpotts/nag_7.0_mpiuni_O_develop/src/apps/ESMF_RegridWeightGen'
make chkdir_locobj
make[5]: Entering directory `/scratch/mpotts/nag_7.0_mpiuni_O_develop/src/apps/ESMF_RegridWeightGen'
Making directory /scratch/mpotts/nag_7.0_mpiuni_O_develop/obj/objO/Linux.nag.64.mpiuni.default/src/apps/ESMF_RegridWeightGen for apps output
make[5]: Leaving directory `/scratch/mpotts/nag_7.0_mpiuni_O_develop/src/apps/ESMF_RegridWeightGen'
nagfor -c -O0 -pic -DESMF_NAG_UNIX_MODULE -dusty -thread_safe  -openmp -I/scratch/mpotts/nag_7.0_mpiuni_O_develop/src/apps/ESMF_RegridWeightGen -I/scratch/mpotts/nag_7.0_mpiuni_O_develop/build_config/Linux.nag.default -I/scratch/mpotts/nag_7.0_mpiuni_O_develop/src/Infrastructure -I/scratch/mpotts/nag_7.0_mpiuni_O_develop/src/Superstructure -I/scratch/mpotts/nag_7.0_mpiuni_O_develop/DEFAULTINSTALLDIR/mod/modO/Linux.nag.64.mpiuni.default -I/scratch/mpotts/nag_7.0_mpiuni_O_develop/src/include -I/usr/local/netcdf-c-4.6.1-f-4.4.4-gcc-g++-8.1.0-nag-6.2/include -I/usr/local/netcdf-c-4.6.1-f-4.4.4-gcc-g++-8.1.0-nag-6.2/include  -DESMF_NO_INTEGER_1_BYTE -DESMF_NO_INTEGER_2_BYTE -DESMF_VERSION_STRING_GIT='"ESMF_8_2_0_beta_snapshot_05-6-gb8c1a7077f"' -DESMF_MOAB=1 -DESMF_LAPACK=1 -DESMF_LAPACK_INTERNAL=1 -DESMF_NO_ACC_SOFTWARE_STACK=1 -DESMF_NETCDF=1 -DESMF_YAMLCPP=1 -DESMF_YAML=1 -DESMF_NO_OPENACC -DESMF_TESTEXHAUSTIVE -DESMF_BOPT_O -DESMF_TESTCOMPTUNNEL -DESMF_TESTWITHTHREADS -DS64=1 -DESMF_OS_Linux=1 -DESMF_COMM=mpiuni -DESMF_DIR=/scratch/mpotts/nag_7.0_mpiuni_O_develop -DESMF_MPIUNI -DESMF_NO_F2018ASSUMEDTYPE ESMF_RegridWeightGen.F90 -o /scratch/mpotts/nag_7.0_mpiuni_O_develop/obj/objO/Linux.nag.64.mpiuni.default/src/apps/ESMF_RegridWeightGen/ESMF_RegridWeightGen.o
NAG Fortran Compiler Release 7.0(Yurakucho) Build 7005
Warning: ESMF_RegridWeightGen.F90, line 1402: Unused local variable ARGVALUE
Warning: ESMF_RegridWeightGen.F90, line 1402: Unused local variable COUNT
Warning: ESMF_RegridWeightGen.F90, line 1402: Unused local variable CWD
Warning: ESMF_RegridWeightGen.F90, line 1402: Unused local variable I
Questionable: ESMF_RegridWeightGen.F90, line 1402: Variable MSGBUF set but never referenced
Questionable: ESMF_RegridWeightGen.F90, line 1402: Variable TYPESETFLAG set but never referenced
[NAG Fortran Compiler normal termination, 6 warnings]
make chkdir_apps
make[5]: Entering directory `/scratch/mpotts/nag_7.0_mpiuni_O_develop/src/apps/ESMF_RegridWeightGen'
make[5]: Leaving directory `/scratch/mpotts/nag_7.0_mpiuni_O_develop/src/apps/ESMF_RegridWeightGen'
nagfor    -thread_safe -Wl,-Wl,,--no-as-needed  -openmp -L/scratch/mpotts/nag_7.0_mpiuni_O_develop/DEFAULTINSTALLDIR/lib/libO/Linux.nag.64.mpiuni.default -L/usr/local/netcdf-c-4.6.1-f-4.4.4-gcc-g++-8.1.0-nag-6.2/lib -L/usr/local/netcdf-c-4.6.1-f-4.4.4-gcc-g++-8.1.0-nag-6.2/lib -L/usr/local/gcc-g++-gfortran-8.1.0/lib -L/usr/local/nag-6.2/lib -L/usr/local/netcdf-c-4.6.1-f-4.4.4-gcc-g++-gfortran-8.1.0/lib -L/usr/local/hdf5-1.8.7-gcc-g++-gfortran-8.1.0/lib -L/usr/local/gcc-g++-gfortran-8.1.0/lib/gcc/x86_64-pc-linux-gnu/8.1.0/../../../../lib64/ -Wl,-Wl,,-rpath,,/scratch/mpotts/nag_7.0_mpiuni_O_develop/DEFAULTINSTALLDIR/lib/libO/Linux.nag.64.mpiuni.default -Wl,-Wl,,-rpath,,/usr/local/netcdf-c-4.6.1-f-4.4.4-gcc-g++-8.1.0-nag-6.2/lib -Wl,-Wl,,-rpath,,/usr/local/netcdf-c-4.6.1-f-4.4.4-gcc-g++-8.1.0-nag-6.2/lib -Wl,-Wl,,-rpath,,/usr/local/gcc-g++-gfortran-8.1.0/lib -Wl,-Wl,,-rpath,,/usr/local/nag-6.2/lib -Wl,-Wl,,-rpath,,/usr/local/netcdf-c-4.6.1-f-4.4.4-gcc-g++-gfortran-8.1.0/lib -Wl,-Wl,,-rpath,,/usr/local/hdf5-1.8.7-gcc-g++-gfortran-8.1.0/lib -Wl,-Wl,,-rpath,,/usr/local/gcc-g++-gfortran-8.1.0/lib/gcc/x86_64-pc-linux-gnu/8.1.0/../../../../lib64/ -o /scratch/mpotts/nag_7.0_mpiuni_O_develop/DEFAULTINSTALLDIR/bin/binO/Linux.nag.64.mpiuni.default/ESMF_RegridWeightGen /scratch/mpotts/nag_7.0_mpiuni_O_develop/obj/objO/Linux.nag.64.mpiuni.default/src/apps/ESMF_RegridWeightGen/ESMF_RegridWeightGen.o -lesmf  -lrt -lstdc++ -ldl -lnetcdf -lnetcdff -lnetcdf -lnetcdf
NAG Fortran Compiler Release 7.0(Yurakucho) Build 7005
make[4]: Leaving directory `/scratch/mpotts/nag_7.0_mpiuni_O_develop/src/apps/ESMF_RegridWeightGen'
tree_build_apps in: /scratch/mpotts/nag_7.0_mpiuni_O_develop/src/apps/ESMF_WebServController
make[4]: Entering directory `/scratch/mpotts/nag_7.0_mpiuni_O_develop/src/apps/ESMF_WebServController'
make chkdir_locobj
make[5]: Entering directory `/scratch/mpotts/nag_7.0_mpiuni_O_develop/src/apps/ESMF_WebServController'
Making directory /scratch/mpotts/nag_7.0_mpiuni_O_develop/obj/objO/Linux.nag.64.mpiuni.default/src/apps/ESMF_WebServController for apps output
make[5]: Leaving directory `/scratch/mpotts/nag_7.0_mpiuni_O_develop/src/apps/ESMF_WebServController'
g++ -c -std=c++11 -O0 -DNDEBUG -fPIC -pthread  -fopenmp -I/scratch/mpotts/nag_7.0_mpiuni_O_develop/src/apps/ESMF_WebServController -I/scratch/mpotts/nag_7.0_mpiuni_O_develop/src/apps/ESMF_WebServController/../include -I/scratch/mpotts/nag_7.0_mpiuni_O_develop/build_config/Linux.nag.default -I/scratch/mpotts/nag_7.0_mpiuni_O_develop/src/Infrastructure -I/scratch/mpotts/nag_7.0_mpiuni_O_develop/src/Superstructure -I/scratch/mpotts/nag_7.0_mpiuni_O_develop/src/Infrastructure/stubs/pthread  -I/scratch/mpotts/nag_7.0_mpiuni_O_develop/src/include  -I/usr/local/netcdf-c-4.6.1-f-4.4.4-gcc-g++-8.1.0-nag-6.2/include -I/scratch/mpotts/nag_7.0_mpiuni_O_develop/src/Infrastructure/stubs/mpiuni -I/scratch/mpotts/nag_7.0_mpiuni_O_develop/src/prologue/yaml-cpp/include -DESMF_NO_INTEGER_1_BYTE -DESMF_NO_INTEGER_2_BYTE -DESMF_VERSION_STRING_GIT='"ESMF_8_2_0_beta_snapshot_05-6-gb8c1a7077f"' -DESMF_MOAB=1 -DESMF_LAPACK=1 -DESMF_LAPACK_INTERNAL=1 -DESMF_NO_ACC_SOFTWARE_STACK=1 -DESMF_NETCDF=1 -DESMF_YAMLCPP=1 -DESMF_YAML=1 -DESMF_NO_OPENACC -DESMF_TESTEXHAUSTIVE -DESMF_BOPT_O -DESMF_TESTCOMPTUNNEL -DESMF_TESTWITHTHREADS -DS64=1 -DESMF_OS_Linux=1 -DESMF_COMM=mpiuni -DESMF_DIR=/scratch/mpotts/nag_7.0_mpiuni_O_develop -D__SDIR__='"src/apps/ESMF_WebServController"' -DESMF_CXXSTD=11 -DESMF_MPIUNI -DESMF_NO_F2018ASSUMEDTYPE ESMF_WebServController.C -o /scratch/mpotts/nag_7.0_mpiuni_O_develop/obj/objO/Linux.nag.64.mpiuni.default/src/apps/ESMF_WebServController/ESMF_WebServController.o
make chkdir_apps
make[5]: Entering directory `/scratch/mpotts/nag_7.0_mpiuni_O_develop/src/apps/ESMF_WebServController'
make[5]: Leaving directory `/scratch/mpotts/nag_7.0_mpiuni_O_develop/src/apps/ESMF_WebServController'
g++    -pthread -Wl,--no-as-needed  -fopenmp -L/scratch/mpotts/nag_7.0_mpiuni_O_develop/DEFAULTINSTALLDIR/lib/libO/Linux.nag.64.mpiuni.default -L/usr/local/netcdf-c-4.6.1-f-4.4.4-gcc-g++-8.1.0-nag-6.2/lib -L/usr/local/netcdf-c-4.6.1-f-4.4.4-gcc-g++-8.1.0-nag-6.2/lib -L/usr/local/gcc-g++-gfortran-8.1.0/lib -L/usr/local/nag-6.2/lib -L/usr/local/netcdf-c-4.6.1-f-4.4.4-gcc-g++-gfortran-8.1.0/lib -L/usr/local/hdf5-1.8.7-gcc-g++-gfortran-8.1.0/lib -Wl,-rpath,/scratch/mpotts/nag_7.0_mpiuni_O_develop/DEFAULTINSTALLDIR/lib/libO/Linux.nag.64.mpiuni.default -Wl,-rpath,/usr/local/netcdf-c-4.6.1-f-4.4.4-gcc-g++-8.1.0-nag-6.2/lib -Wl,-rpath,/usr/local/netcdf-c-4.6.1-f-4.4.4-gcc-g++-8.1.0-nag-6.2/lib -Wl,-rpath,/usr/local/gcc-g++-gfortran-8.1.0/lib -Wl,-rpath,/usr/local/nag-6.2/lib -Wl,-rpath,/usr/local/netcdf-c-4.6.1-f-4.4.4-gcc-g++-gfortran-8.1.0/lib -Wl,-rpath,/usr/local/hdf5-1.8.7-gcc-g++-gfortran-8.1.0/lib -o /scratch/mpotts/nag_7.0_mpiuni_O_develop/DEFAULTINSTALLDIR/bin/binO/Linux.nag.64.mpiuni.default/ESMF_WebServController /scratch/mpotts/nag_7.0_mpiuni_O_develop/obj/objO/Linux.nag.64.mpiuni.default/src/apps/ESMF_WebServController/ESMF_WebServController.o -lesmf  -lrt -ldl -m64 /usr/local/nag-7.0/lib/NAG_Fortran/quickfit.o -Wl,-rpath,/usr/local/nag-7.0/lib/NAG_Fortran /usr/local/nag-7.0/lib/NAG_Fortran/libf70rts.so /usr/local/nag-7.0/lib/NAG_Fortran/libf70rts.a -lm -lpthread -lnetcdf -lnetcdff -lnetcdf -lnetcdf
make[4]: Leaving directory `/scratch/mpotts/nag_7.0_mpiuni_O_develop/src/apps/ESMF_WebServController'
tree_build_apps in: /scratch/mpotts/nag_7.0_mpiuni_O_develop/src/apps/ESMF_Scrip2Unstruct
make[4]: Entering directory `/scratch/mpotts/nag_7.0_mpiuni_O_develop/src/apps/ESMF_Scrip2Unstruct'
make chkdir_locobj
make[5]: Entering directory `/scratch/mpotts/nag_7.0_mpiuni_O_develop/src/apps/ESMF_Scrip2Unstruct'
Making directory /scratch/mpotts/nag_7.0_mpiuni_O_develop/obj/objO/Linux.nag.64.mpiuni.default/src/apps/ESMF_Scrip2Unstruct for apps output
make[5]: Leaving directory `/scratch/mpotts/nag_7.0_mpiuni_O_develop/src/apps/ESMF_Scrip2Unstruct'
g++ -c -std=c++11 -O0 -DNDEBUG -fPIC -pthread  -fopenmp -I/scratch/mpotts/nag_7.0_mpiuni_O_develop/src/apps/ESMF_Scrip2Unstruct -I/scratch/mpotts/nag_7.0_mpiuni_O_develop/src/apps/ESMF_Scrip2Unstruct/../include -I/scratch/mpotts/nag_7.0_mpiuni_O_develop/build_config/Linux.nag.default -I/scratch/mpotts/nag_7.0_mpiuni_O_develop/src/Infrastructure -I/scratch/mpotts/nag_7.0_mpiuni_O_develop/src/Superstructure -I/scratch/mpotts/nag_7.0_mpiuni_O_develop/src/Infrastructure/stubs/pthread  -I/scratch/mpotts/nag_7.0_mpiuni_O_develop/src/include  -I/usr/local/netcdf-c-4.6.1-f-4.4.4-gcc-g++-8.1.0-nag-6.2/include -I/scratch/mpotts/nag_7.0_mpiuni_O_develop/src/Infrastructure/stubs/mpiuni -I/scratch/mpotts/nag_7.0_mpiuni_O_develop/src/prologue/yaml-cpp/include -DESMF_NO_INTEGER_1_BYTE -DESMF_NO_INTEGER_2_BYTE -DESMF_VERSION_STRING_GIT='"ESMF_8_2_0_beta_snapshot_05-6-gb8c1a7077f"' -DESMF_MOAB=1 -DESMF_LAPACK=1 -DESMF_LAPACK_INTERNAL=1 -DESMF_NO_ACC_SOFTWARE_STACK=1 -DESMF_NETCDF=1 -DESMF_YAMLCPP=1 -DESMF_YAML=1 -DESMF_NO_OPENACC -DESMF_TESTEXHAUSTIVE -DESMF_BOPT_O -DESMF_TESTCOMPTUNNEL -DESMF_TESTWITHTHREADS -DS64=1 -DESMF_OS_Linux=1 -DESMF_COMM=mpiuni -DESMF_DIR=/scratch/mpotts/nag_7.0_mpiuni_O_develop -D__SDIR__='"src/apps/ESMF_Scrip2Unstruct"' -DESMF_CXXSTD=11 -DESMF_MPIUNI -DESMF_NO_F2018ASSUMEDTYPE ESMF_Scrip2Unstruct.C -o /scratch/mpotts/nag_7.0_mpiuni_O_develop/obj/objO/Linux.nag.64.mpiuni.default/src/apps/ESMF_Scrip2Unstruct/ESMF_Scrip2Unstruct.o
make chkdir_apps
make[5]: Entering directory `/scratch/mpotts/nag_7.0_mpiuni_O_develop/src/apps/ESMF_Scrip2Unstruct'
make[5]: Leaving directory `/scratch/mpotts/nag_7.0_mpiuni_O_develop/src/apps/ESMF_Scrip2Unstruct'
g++    -pthread -Wl,--no-as-needed  -fopenmp -L/scratch/mpotts/nag_7.0_mpiuni_O_develop/DEFAULTINSTALLDIR/lib/libO/Linux.nag.64.mpiuni.default -L/usr/local/netcdf-c-4.6.1-f-4.4.4-gcc-g++-8.1.0-nag-6.2/lib -L/usr/local/netcdf-c-4.6.1-f-4.4.4-gcc-g++-8.1.0-nag-6.2/lib -L/usr/local/gcc-g++-gfortran-8.1.0/lib -L/usr/local/nag-6.2/lib -L/usr/local/netcdf-c-4.6.1-f-4.4.4-gcc-g++-gfortran-8.1.0/lib -L/usr/local/hdf5-1.8.7-gcc-g++-gfortran-8.1.0/lib -Wl,-rpath,/scratch/mpotts/nag_7.0_mpiuni_O_develop/DEFAULTINSTALLDIR/lib/libO/Linux.nag.64.mpiuni.default -Wl,-rpath,/usr/local/netcdf-c-4.6.1-f-4.4.4-gcc-g++-8.1.0-nag-6.2/lib -Wl,-rpath,/usr/local/netcdf-c-4.6.1-f-4.4.4-gcc-g++-8.1.0-nag-6.2/lib -Wl,-rpath,/usr/local/gcc-g++-gfortran-8.1.0/lib -Wl,-rpath,/usr/local/nag-6.2/lib -Wl,-rpath,/usr/local/netcdf-c-4.6.1-f-4.4.4-gcc-g++-gfortran-8.1.0/lib -Wl,-rpath,/usr/local/hdf5-1.8.7-gcc-g++-gfortran-8.1.0/lib -o /scratch/mpotts/nag_7.0_mpiuni_O_develop/DEFAULTINSTALLDIR/bin/binO/Linux.nag.64.mpiuni.default/ESMF_Scrip2Unstruct /scratch/mpotts/nag_7.0_mpiuni_O_develop/obj/objO/Linux.nag.64.mpiuni.default/src/apps/ESMF_Scrip2Unstruct/ESMF_Scrip2Unstruct.o -lesmf  -lrt -ldl -m64 /usr/local/nag-7.0/lib/NAG_Fortran/quickfit.o -Wl,-rpath,/usr/local/nag-7.0/lib/NAG_Fortran /usr/local/nag-7.0/lib/NAG_Fortran/libf70rts.so /usr/local/nag-7.0/lib/NAG_Fortran/libf70rts.a -lm -lpthread -lnetcdf -lnetcdff -lnetcdf -lnetcdf
make[4]: Leaving directory `/scratch/mpotts/nag_7.0_mpiuni_O_develop/src/apps/ESMF_Scrip2Unstruct'
tree_build_apps in: /scratch/mpotts/nag_7.0_mpiuni_O_develop/src/apps/ESMF_Regrid
make[4]: Entering directory `/scratch/mpotts/nag_7.0_mpiuni_O_develop/src/apps/ESMF_Regrid'
make chkdir_locobj
make[5]: Entering directory `/scratch/mpotts/nag_7.0_mpiuni_O_develop/src/apps/ESMF_Regrid'
Making directory /scratch/mpotts/nag_7.0_mpiuni_O_develop/obj/objO/Linux.nag.64.mpiuni.default/src/apps/ESMF_Regrid for apps output
make[5]: Leaving directory `/scratch/mpotts/nag_7.0_mpiuni_O_develop/src/apps/ESMF_Regrid'
nagfor -c -O0 -pic -DESMF_NAG_UNIX_MODULE -dusty -thread_safe  -openmp -I/scratch/mpotts/nag_7.0_mpiuni_O_develop/src/apps/ESMF_Regrid -I/scratch/mpotts/nag_7.0_mpiuni_O_develop/build_config/Linux.nag.default -I/scratch/mpotts/nag_7.0_mpiuni_O_develop/src/Infrastructure -I/scratch/mpotts/nag_7.0_mpiuni_O_develop/src/Superstructure -I/scratch/mpotts/nag_7.0_mpiuni_O_develop/DEFAULTINSTALLDIR/mod/modO/Linux.nag.64.mpiuni.default -I/scratch/mpotts/nag_7.0_mpiuni_O_develop/src/include -I/usr/local/netcdf-c-4.6.1-f-4.4.4-gcc-g++-8.1.0-nag-6.2/include -I/usr/local/netcdf-c-4.6.1-f-4.4.4-gcc-g++-8.1.0-nag-6.2/include  -DESMF_NO_INTEGER_1_BYTE -DESMF_NO_INTEGER_2_BYTE -DESMF_VERSION_STRING_GIT='"ESMF_8_2_0_beta_snapshot_05-6-gb8c1a7077f"' -DESMF_MOAB=1 -DESMF_LAPACK=1 -DESMF_LAPACK_INTERNAL=1 -DESMF_NO_ACC_SOFTWARE_STACK=1 -DESMF_NETCDF=1 -DESMF_YAMLCPP=1 -DESMF_YAML=1 -DESMF_NO_OPENACC -DESMF_TESTEXHAUSTIVE -DESMF_BOPT_O -DESMF_TESTCOMPTUNNEL -DESMF_TESTWITHTHREADS -DS64=1 -DESMF_OS_Linux=1 -DESMF_COMM=mpiuni -DESMF_DIR=/scratch/mpotts/nag_7.0_mpiuni_O_develop -DESMF_MPIUNI -DESMF_NO_F2018ASSUMEDTYPE ESMF_Regrid.F90 -o /scratch/mpotts/nag_7.0_mpiuni_O_develop/obj/objO/Linux.nag.64.mpiuni.default/src/apps/ESMF_Regrid/ESMF_Regrid.o
NAG Fortran Compiler Release 7.0(Yurakucho) Build 7005
Warning: ESMF_Regrid.F90, line 593: Unused local variable ARGVALUE
Warning: ESMF_Regrid.F90, line 593: Unused local variable COUNT
Warning: ESMF_Regrid.F90, line 593: Unused local variable CWD
Warning: ESMF_Regrid.F90, line 593: Unused local variable I
Questionable: ESMF_Regrid.F90, line 593: Variable MSGBUF set but never referenced
Warning: ESMF_Regrid.F90, line 593: Unused local variable POS
Warning: ESMF_Regrid.F90, line 593: Unused local variable TYPESETFLAG
[NAG Fortran Compiler normal termination, 7 warnings]
make chkdir_apps
make[5]: Entering directory `/scratch/mpotts/nag_7.0_mpiuni_O_develop/src/apps/ESMF_Regrid'
make[5]: Leaving directory `/scratch/mpotts/nag_7.0_mpiuni_O_develop/src/apps/ESMF_Regrid'
nagfor    -thread_safe -Wl,-Wl,,--no-as-needed  -openmp -L/scratch/mpotts/nag_7.0_mpiuni_O_develop/DEFAULTINSTALLDIR/lib/libO/Linux.nag.64.mpiuni.default -L/usr/local/netcdf-c-4.6.1-f-4.4.4-gcc-g++-8.1.0-nag-6.2/lib -L/usr/local/netcdf-c-4.6.1-f-4.4.4-gcc-g++-8.1.0-nag-6.2/lib -L/usr/local/gcc-g++-gfortran-8.1.0/lib -L/usr/local/nag-6.2/lib -L/usr/local/netcdf-c-4.6.1-f-4.4.4-gcc-g++-gfortran-8.1.0/lib -L/usr/local/hdf5-1.8.7-gcc-g++-gfortran-8.1.0/lib -L/usr/local/gcc-g++-gfortran-8.1.0/lib/gcc/x86_64-pc-linux-gnu/8.1.0/../../../../lib64/ -Wl,-Wl,,-rpath,,/scratch/mpotts/nag_7.0_mpiuni_O_develop/DEFAULTINSTALLDIR/lib/libO/Linux.nag.64.mpiuni.default -Wl,-Wl,,-rpath,,/usr/local/netcdf-c-4.6.1-f-4.4.4-gcc-g++-8.1.0-nag-6.2/lib -Wl,-Wl,,-rpath,,/usr/local/netcdf-c-4.6.1-f-4.4.4-gcc-g++-8.1.0-nag-6.2/lib -Wl,-Wl,,-rpath,,/usr/local/gcc-g++-gfortran-8.1.0/lib -Wl,-Wl,,-rpath,,/usr/local/nag-6.2/lib -Wl,-Wl,,-rpath,,/usr/local/netcdf-c-4.6.1-f-4.4.4-gcc-g++-gfortran-8.1.0/lib -Wl,-Wl,,-rpath,,/usr/local/hdf5-1.8.7-gcc-g++-gfortran-8.1.0/lib -Wl,-Wl,,-rpath,,/usr/local/gcc-g++-gfortran-8.1.0/lib/gcc/x86_64-pc-linux-gnu/8.1.0/../../../../lib64/ -o /scratch/mpotts/nag_7.0_mpiuni_O_develop/DEFAULTINSTALLDIR/bin/binO/Linux.nag.64.mpiuni.default/ESMF_Regrid /scratch/mpotts/nag_7.0_mpiuni_O_develop/obj/objO/Linux.nag.64.mpiuni.default/src/apps/ESMF_Regrid/ESMF_Regrid.o -lesmf  -lrt -lstdc++ -ldl -lnetcdf -lnetcdff -lnetcdf -lnetcdf
NAG Fortran Compiler Release 7.0(Yurakucho) Build 7005
make[4]: Leaving directory `/scratch/mpotts/nag_7.0_mpiuni_O_develop/src/apps/ESMF_Regrid'
make[3]: Leaving directory `/scratch/mpotts/nag_7.0_mpiuni_O_develop/src/apps'
ESMF apps built successfully.
make[2]: Leaving directory `/scratch/mpotts/nag_7.0_mpiuni_O_develop'
make[1]: Leaving directory `/scratch/mpotts/nag_7.0_mpiuni_O_develop'
mkdir -p /scratch/mpotts/nag_7.0_mpiuni_O_develop/DEFAULTINSTALLDIR/doc
make install_info_mk
make[1]: Entering directory `/scratch/mpotts/nag_7.0_mpiuni_O_develop'
make info_mk ESMF_APPSDIR=/scratch/mpotts/nag_7.0_mpiuni_O_develop/DEFAULTINSTALLDIR/bin/binO/Linux.nag.64.mpiuni.default ESMF_LDIR=/scratch/mpotts/nag_7.0_mpiuni_O_develop/DEFAULTINSTALLDIR/lib/libO/Linux.nag.64.mpiuni.default ESMF_LIBDIR=/scratch/mpotts/nag_7.0_mpiuni_O_develop/DEFAULTINSTALLDIR/lib/libO/Linux.nag.64.mpiuni.default ESMF_MODDIR=/scratch/mpotts/nag_7.0_mpiuni_O_develop/DEFAULTINSTALLDIR/mod/modO/Linux.nag.64.mpiuni.default ESMF_INCDIR=/scratch/mpotts/nag_7.0_mpiuni_O_develop/DEFAULTINSTALLDIR/include
make[2]: Entering directory `/scratch/mpotts/nag_7.0_mpiuni_O_develop'
make[2]: Leaving directory `/scratch/mpotts/nag_7.0_mpiuni_O_develop'
make[1]: Leaving directory `/scratch/mpotts/nag_7.0_mpiuni_O_develop'
 
ESMF installation complete.
 
