build time -- 2021-04-24 14:03:14
[1619274655.260252] [h13c05:85282:0]         mxm.c:196  MXM  WARN  The 'ulimit -s' on the system is set to 'unlimited'. This may have negative performance implications. Please set the stack size to the default value (10240) 
[1619274655.264652] [h13c05:85282:0]         mxm.c:196  MXM  WARN  The 'ulimit -s' on the system is set to 'unlimited'. This may have negative performance implications. Please set the stack size to the default value (10240) 
[1619274655.245581] [h13c05:85283:0]         mxm.c:196  MXM  WARN  The 'ulimit -s' on the system is set to 'unlimited'. This may have negative performance implications. Please set the stack size to the default value (10240) 
[1619274655.250042] [h13c05:85283:0]         mxm.c:196  MXM  WARN  The 'ulimit -s' on the system is set to 'unlimited'. This may have negative performance implications. Please set the stack size to the default value (10240) 
[1619274655.260253] [h13c05:85284:0]         mxm.c:196  MXM  WARN  The 'ulimit -s' on the system is set to 'unlimited'. This may have negative performance implications. Please set the stack size to the default value (10240) 
[1619274655.264630] [h13c05:85284:0]         mxm.c:196  MXM  WARN  The 'ulimit -s' on the system is set to 'unlimited'. This may have negative performance implications. Please set the stack size to the default value (10240) 
[1619274655.245582] [h13c05:85285:0]         mxm.c:196  MXM  WARN  The 'ulimit -s' on the system is set to 'unlimited'. This may have negative performance implications. Please set the stack size to the default value (10240) 
[1619274655.249988] [h13c05:85285:0]         mxm.c:196  MXM  WARN  The 'ulimit -s' on the system is set to 'unlimited'. This may have negative performance implications. Please set the stack size to the default value (10240) 
 NUOPC DRIVER + ATM Model example run
 NUOPC DRIVER + ATM Model example run
 NUOPC DRIVER + ATM Model example run
 NUOPC DRIVER + ATM Model example run
------>Advancing ATM from:    0  1  1  0  0  0   0
--------------------------------> to:    0  1  1  0  0 30   0
------>Advancing ATM from:    0  1  1  0  0  0   0
--------------------------------> to:    0  1  1  0  0 30   0
------>Advancing ATM from:    0  1  1  0  0  0   0
--------------------------------> to:    0  1  1  0  0 30   0
------>Advancing ATM from:    0  1  1  0  0  0   0
--------------------------------> to:    0  1  1  0  0 30   0
------>Advancing ATM from:    0  1  1  0  0 30   0
------>Advancing ATM from:    0  1  1  0  0 30   0
--------------------------------> to:    0  1  1  0  1  0   0
--------------------------------> to:    0  1  1  0  1  0   0
------>Advancing ATM from:    0  1  1  0  0 30   0
--------------------------------> to:    0  1  1  0  1  0   0
------>Advancing ATM from:    0  1  1  0  0 30   0
--------------------------------> to:    0  1  1  0  1  0   0
------>Advancing ATM from:    0  1  1  0  1  0   0
--------------------------------> to:    0  1  1  0  1 30   0
------>Advancing ATM from:    0  1  1  0  1  0   0
--------------------------------> to:    0  1  1  0  1 30   0
------>Advancing ATM from:    0  1  1  0  1  0   0
--------------------------------> to:    0  1  1  0  1 30   0
------>Advancing ATM from:    0  1  1  0  1  0   0
--------------------------------> to:    0  1  1  0  1 30   0
------>Advancing ATM from:    0  1  1  0  1 30   0
--------------------------------> to:    0  1  1  0  2  0   0
------>Advancing ATM from:    0  1  1  0  1 30   0
--------------------------------> to:    0  1  1  0  2  0   0
------>Advancing ATM from:    0  1  1  0  1 30   0
--------------------------------> to:    0  1  1  0  2  0   0
------>Advancing ATM from:    0  1  1  0  1 30   0
--------------------------------> to:    0  1  1  0  2  0   0
------>Advancing ATM from:    0  1  1  0  2  0   0
--------------------------------> to:    0  1  1  0  2 30   0
------>Advancing ATM from:    0  1  1  0  2  0   0
--------------------------------> to:    0  1  1  0  2 30   0
------>Advancing ATM from:    0  1  1  0  2  0   0
--------------------------------> to:    0  1  1  0  2 30   0
------>Advancing ATM from:    0  1  1  0  2  0   0
--------------------------------> to:    0  1  1  0  2 30   0
  PASS  Example ESMF_NUOPCAtmModelEx, ESMF_NUOPCAtmModelEx.F90, line 806
  PASS  Example ESMF_NUOPCAtmModelEx, ESMF_NUOPCAtmModelEx.F90, line 806
  PASS  Example ESMF_NUOPCAtmModelEx, ESMF_NUOPCAtmModelEx.F90, line 806
  PASS  Example ESMF_NUOPCAtmModelEx, ESMF_NUOPCAtmModelEx.F90, line 806
 PASS: ESMF_NUOPCAtmModelEx.F90
 PASS: ESMF_NUOPCAtmModelEx.F90
 PASS: ESMF_NUOPCAtmModelEx.F90
 PASS: ESMF_NUOPCAtmModelEx.F90
