build time -- 2021-04-23 16:40:22
[1619197438.771820] [h25c41:60888:0]         mxm.c:196  MXM  WARN  The 'ulimit -s' on the system is set to 'unlimited'. This may have negative performance implications. Please set the stack size to the default value (10240) 
[1619197438.776217] [h25c41:60888:0]         mxm.c:196  MXM  WARN  The 'ulimit -s' on the system is set to 'unlimited'. This may have negative performance implications. Please set the stack size to the default value (10240) 
[1619197438.766164] [h25c41:60889:0]         mxm.c:196  MXM  WARN  The 'ulimit -s' on the system is set to 'unlimited'. This may have negative performance implications. Please set the stack size to the default value (10240) 
[1619197438.770556] [h25c41:60889:0]         mxm.c:196  MXM  WARN  The 'ulimit -s' on the system is set to 'unlimited'. This may have negative performance implications. Please set the stack size to the default value (10240) 
[1619197438.766163] [h25c41:60887:0]         mxm.c:196  MXM  WARN  The 'ulimit -s' on the system is set to 'unlimited'. This may have negative performance implications. Please set the stack size to the default value (10240) 
[1619197438.770579] [h25c41:60887:0]         mxm.c:196  MXM  WARN  The 'ulimit -s' on the system is set to 'unlimited'. This may have negative performance implications. Please set the stack size to the default value (10240) 
[1619197438.771799] [h25c41:60890:0]         mxm.c:196  MXM  WARN  The 'ulimit -s' on the system is set to 'unlimited'. This may have negative performance implications. Please set the stack size to the default value (10240) 
[1619197438.776206] [h25c41:60890:0]         mxm.c:196  MXM  WARN  The 'ulimit -s' on the system is set to 'unlimited'. This may have negative performance implications. Please set the stack size to the default value (10240) 
 data array1:
           0  array1:            1
 data array1:
           1  array1:          101
           1  array1:          102
 data array1:
           2  array1:          201
           2  array1:          202
 data array1:
           3  array1:          301
           3  array1:          302
           0  array1:            2
 Global sum:
           0  result:         1212
 Global sum:
           1  result:         1212
 Global sum:
           2  result:         1212
 Global sum:
           3  result:         1212
  PASS  Example ESMF_VMAllFullReduceEx, ESMF_VMAllFullReduceEx.F90, line 113
  PASS  Example ESMF_VMAllFullReduceEx, ESMF_VMAllFullReduceEx.F90, line 113
  PASS  Example ESMF_VMAllFullReduceEx, ESMF_VMAllFullReduceEx.F90, line 113
  PASS  Example ESMF_VMAllFullReduceEx, ESMF_VMAllFullReduceEx.F90, line 113
 PASS: ESMF_VMAllFullReduceEx.F90
 PASS: ESMF_VMAllFullReduceEx.F90
 PASS: ESMF_VMAllFullReduceEx.F90
 PASS: ESMF_VMAllFullReduceEx.F90
