build time -- 2021-04-23 16:40:22
20210423 170415.033 INFO             PET0 !!!!!!!!!!!!!!!!!!!!!!!!!!!!!!!!!!!!!!!!!!!!!!!!!!!!!!
20210423 170415.033 INFO             PET0 !!! THE ESMF_LOG IS SET TO OUTPUT ALL LOG MESSAGES !!!
20210423 170415.033 INFO             PET0 !!!     THIS MAY CAUSE SLOWDOWN IN PERFORMANCE     !!!
20210423 170415.033 INFO             PET0 !!! FOR PRODUCTION RUNS, USE:                      !!!
20210423 170415.033 INFO             PET0 !!!                   ESMF_LOGKIND_Multi_On_Error  !!!
20210423 170415.033 INFO             PET0 !!!!!!!!!!!!!!!!!!!!!!!!!!!!!!!!!!!!!!!!!!!!!!!!!!!!!!
20210423 170415.033 INFO             PET0 Running with ESMF Version   : ESMF_8_2_0_beta_snapshot_05-2-g3f3d15a0c7
20210423 170415.033 INFO             PET0 ESMF library build date/time: "Apr 23 2021" "16:39:08"
20210423 170415.033 INFO             PET0 ESMF library build location : /scratch1/NCEPDEV/stmp2/Mark.Potts/gfortran_9.2.0_openmpi_O_develop
20210423 170415.033 INFO             PET0 ESMF_COMM                   : openmpi
20210423 170415.033 INFO             PET0 ESMF_MOAB                   : enabled
20210423 170415.033 INFO             PET0 ESMF_LAPACK                 : enabled
20210423 170415.033 INFO             PET0 ESMF_NETCDF                 : enabled
20210423 170415.033 INFO             PET0 ESMF_PNETCDF                : disabled
20210423 170415.033 INFO             PET0 ESMF_PIO                    : enabled
20210423 170415.033 INFO             PET0 ESMF_YAMLCPP                : enabled
20210423 170415.034 INFO             PET0  NUMBER_OF_PROCESSORS           1
20210423 170415.034 INFO             PET0  PASS  Example ESMF_ClockEx, ESMF_ClockEx.F90, line 220
20210423 170415.034 INFO             PET0 Finalizing ESMF
