build time -- 2021-04-23 06:41:31.481505
20210423 072543.429 INFO             PET0 !!!!!!!!!!!!!!!!!!!!!!!!!!!!!!!!!!!!!!!!!!!!!!!!!!!!!!
20210423 072543.429 INFO             PET0 !!! THE ESMF_LOG IS SET TO OUTPUT ALL LOG MESSAGES !!!
20210423 072543.429 INFO             PET0 !!!     THIS MAY CAUSE SLOWDOWN IN PERFORMANCE     !!!
20210423 072543.429 INFO             PET0 !!! FOR PRODUCTION RUNS, USE:                      !!!
20210423 072543.429 INFO             PET0 !!!                   ESMF_LOGKIND_Multi_On_Error  !!!
20210423 072543.429 INFO             PET0 !!!!!!!!!!!!!!!!!!!!!!!!!!!!!!!!!!!!!!!!!!!!!!!!!!!!!!
20210423 072543.429 INFO             PET0 Running with ESMF Version   : ESMF_8_2_0_beta_snapshot_05-2-g3f3d15a0c7
20210423 072543.429 INFO             PET0 ESMF library build date/time: "Apr 23 2021" "06:36:42"
20210423 072543.429 INFO             PET0 ESMF library build location : /glade/scratch/mpotts/intel_18.0.5_mpt_g_develop
20210423 072543.429 INFO             PET0 ESMF_COMM                   : mpt
20210423 072543.430 INFO             PET0 ESMF_MOAB                   : enabled
20210423 072543.430 INFO             PET0 ESMF_LAPACK                 : enabled
20210423 072543.430 INFO             PET0 ESMF_NETCDF                 : enabled
20210423 072543.430 INFO             PET0 ESMF_PNETCDF                : disabled
20210423 072543.430 INFO             PET0 ESMF_PIO                    : enabled
20210423 072543.430 INFO             PET0 ESMF_YAMLCPP                : enabled
20210423 072543.430 INFO             PET0  NUMBER_OF_PROCESSORS           1
20210423 072543.430 INFO             PET0  PASS  Example CalendarEx, ESMF_CalendarEx.F90, line 217
20210423 072543.430 INFO             PET0 Finalizing ESMF
