build time -- 2021-04-24 06:02:33
20210424 063256.239 INFO             PET0 !!!!!!!!!!!!!!!!!!!!!!!!!!!!!!!!!!!!!!!!!!!!!!!!!!!!!!
20210424 063256.239 INFO             PET0 !!! THE ESMF_LOG IS SET TO OUTPUT ALL LOG MESSAGES !!!
20210424 063256.239 INFO             PET0 !!!     THIS MAY CAUSE SLOWDOWN IN PERFORMANCE     !!!
20210424 063256.239 INFO             PET0 !!! FOR PRODUCTION RUNS, USE:                      !!!
20210424 063256.239 INFO             PET0 !!!                   ESMF_LOGKIND_Multi_On_Error  !!!
20210424 063256.239 INFO             PET0 !!!!!!!!!!!!!!!!!!!!!!!!!!!!!!!!!!!!!!!!!!!!!!!!!!!!!!
20210424 063256.239 INFO             PET0 Running with ESMF Version   : ESMF_8_2_0_beta_snapshot_05-4-g394ef51
20210424 063256.239 INFO             PET0 ESMF library build date/time: "Apr 24 2021" "06:00:51"
20210424 063256.239 INFO             PET0 ESMF library build location : /p/work1/mpotts/intel_2018.1_intelmpi_g_develop
20210424 063256.239 INFO             PET0 ESMF_COMM                   : intelmpi
20210424 063256.240 INFO             PET0 ESMF_MOAB                   : enabled
20210424 063256.240 INFO             PET0 ESMF_LAPACK                 : enabled
20210424 063256.240 INFO             PET0 ESMF_NETCDF                 : enabled
20210424 063256.240 INFO             PET0 ESMF_PNETCDF                : disabled
20210424 063256.240 INFO             PET0 ESMF_PIO                    : enabled
20210424 063256.240 INFO             PET0 ESMF_YAMLCPP                : enabled
20210424 063256.257 INFO             PET0 ESMF_FieldRedistStoreNF(): Just entered routine.
20210424 063256.650 INFO             PET0 ESMF_FieldRedistStoreNF(): Leaving routine.
20210424 063256.656 INFO             PET0  NUMBER_OF_PROCESSORS           4
20210424 063256.656 INFO             PET0  PASS  Example ESMF_RHandleFromRHandleEx, ESMF_RHandleFromRHandleEx.F90, line 660
20210424 063256.656 INFO             PET0 Finalizing ESMF
20210424 063256.239 INFO             PET1 !!!!!!!!!!!!!!!!!!!!!!!!!!!!!!!!!!!!!!!!!!!!!!!!!!!!!!
20210424 063256.239 INFO             PET1 !!! THE ESMF_LOG IS SET TO OUTPUT ALL LOG MESSAGES !!!
20210424 063256.239 INFO             PET1 !!!     THIS MAY CAUSE SLOWDOWN IN PERFORMANCE     !!!
20210424 063256.239 INFO             PET1 !!! FOR PRODUCTION RUNS, USE:                      !!!
20210424 063256.239 INFO             PET1 !!!                   ESMF_LOGKIND_Multi_On_Error  !!!
20210424 063256.239 INFO             PET1 !!!!!!!!!!!!!!!!!!!!!!!!!!!!!!!!!!!!!!!!!!!!!!!!!!!!!!
20210424 063256.239 INFO             PET1 Running with ESMF Version   : ESMF_8_2_0_beta_snapshot_05-4-g394ef51
20210424 063256.239 INFO             PET1 ESMF library build date/time: "Apr 24 2021" "06:00:51"
20210424 063256.239 INFO             PET1 ESMF library build location : /p/work1/mpotts/intel_2018.1_intelmpi_g_develop
20210424 063256.239 INFO             PET1 ESMF_COMM                   : intelmpi
20210424 063256.240 INFO             PET1 ESMF_MOAB                   : enabled
20210424 063256.240 INFO             PET1 ESMF_LAPACK                 : enabled
20210424 063256.240 INFO             PET1 ESMF_NETCDF                 : enabled
20210424 063256.240 INFO             PET1 ESMF_PNETCDF                : disabled
20210424 063256.240 INFO             PET1 ESMF_PIO                    : enabled
20210424 063256.240 INFO             PET1 ESMF_YAMLCPP                : enabled
20210424 063256.257 INFO             PET1 ESMF_FieldRedistStoreNF(): Just entered routine.
20210424 063256.650 INFO             PET1 ESMF_FieldRedistStoreNF(): Leaving routine.
20210424 063256.656 INFO             PET1  NUMBER_OF_PROCESSORS           4
20210424 063256.656 INFO             PET1  PASS  Example ESMF_RHandleFromRHandleEx, ESMF_RHandleFromRHandleEx.F90, line 660
20210424 063256.656 INFO             PET1 Finalizing ESMF
20210424 063256.239 INFO             PET2 !!!!!!!!!!!!!!!!!!!!!!!!!!!!!!!!!!!!!!!!!!!!!!!!!!!!!!
20210424 063256.239 INFO             PET2 !!! THE ESMF_LOG IS SET TO OUTPUT ALL LOG MESSAGES !!!
20210424 063256.239 INFO             PET2 !!!     THIS MAY CAUSE SLOWDOWN IN PERFORMANCE     !!!
20210424 063256.239 INFO             PET2 !!! FOR PRODUCTION RUNS, USE:                      !!!
20210424 063256.239 INFO             PET2 !!!                   ESMF_LOGKIND_Multi_On_Error  !!!
20210424 063256.239 INFO             PET2 !!!!!!!!!!!!!!!!!!!!!!!!!!!!!!!!!!!!!!!!!!!!!!!!!!!!!!
20210424 063256.239 INFO             PET2 Running with ESMF Version   : ESMF_8_2_0_beta_snapshot_05-4-g394ef51
20210424 063256.239 INFO             PET2 ESMF library build date/time: "Apr 24 2021" "06:00:51"
20210424 063256.239 INFO             PET2 ESMF library build location : /p/work1/mpotts/intel_2018.1_intelmpi_g_develop
20210424 063256.239 INFO             PET2 ESMF_COMM                   : intelmpi
20210424 063256.240 INFO             PET2 ESMF_MOAB                   : enabled
20210424 063256.240 INFO             PET2 ESMF_LAPACK                 : enabled
20210424 063256.240 INFO             PET2 ESMF_NETCDF                 : enabled
20210424 063256.240 INFO             PET2 ESMF_PNETCDF                : disabled
20210424 063256.240 INFO             PET2 ESMF_PIO                    : enabled
20210424 063256.240 INFO             PET2 ESMF_YAMLCPP                : enabled
20210424 063256.257 INFO             PET2 ESMF_FieldRedistStoreNF(): Just entered routine.
20210424 063256.650 INFO             PET2 ESMF_FieldRedistStoreNF(): Leaving routine.
20210424 063256.653 INFO             PET2  NUMBER_OF_PROCESSORS           4
20210424 063256.653 INFO             PET2  PASS  Example ESMF_RHandleFromRHandleEx, ESMF_RHandleFromRHandleEx.F90, line 660
20210424 063256.653 INFO             PET2 Finalizing ESMF
20210424 063256.239 INFO             PET3 !!!!!!!!!!!!!!!!!!!!!!!!!!!!!!!!!!!!!!!!!!!!!!!!!!!!!!
20210424 063256.239 INFO             PET3 !!! THE ESMF_LOG IS SET TO OUTPUT ALL LOG MESSAGES !!!
20210424 063256.239 INFO             PET3 !!!     THIS MAY CAUSE SLOWDOWN IN PERFORMANCE     !!!
20210424 063256.239 INFO             PET3 !!! FOR PRODUCTION RUNS, USE:                      !!!
20210424 063256.239 INFO             PET3 !!!                   ESMF_LOGKIND_Multi_On_Error  !!!
20210424 063256.239 INFO             PET3 !!!!!!!!!!!!!!!!!!!!!!!!!!!!!!!!!!!!!!!!!!!!!!!!!!!!!!
20210424 063256.239 INFO             PET3 Running with ESMF Version   : ESMF_8_2_0_beta_snapshot_05-4-g394ef51
20210424 063256.239 INFO             PET3 ESMF library build date/time: "Apr 24 2021" "06:00:51"
20210424 063256.239 INFO             PET3 ESMF library build location : /p/work1/mpotts/intel_2018.1_intelmpi_g_develop
20210424 063256.239 INFO             PET3 ESMF_COMM                   : intelmpi
20210424 063256.240 INFO             PET3 ESMF_MOAB                   : enabled
20210424 063256.240 INFO             PET3 ESMF_LAPACK                 : enabled
20210424 063256.240 INFO             PET3 ESMF_NETCDF                 : enabled
20210424 063256.240 INFO             PET3 ESMF_PNETCDF                : disabled
20210424 063256.240 INFO             PET3 ESMF_PIO                    : enabled
20210424 063256.240 INFO             PET3 ESMF_YAMLCPP                : enabled
20210424 063256.257 INFO             PET3 ESMF_FieldRedistStoreNF(): Just entered routine.
20210424 063256.650 INFO             PET3 ESMF_FieldRedistStoreNF(): Leaving routine.
20210424 063256.656 INFO             PET3  NUMBER_OF_PROCESSORS           4
20210424 063256.656 INFO             PET3  PASS  Example ESMF_RHandleFromRHandleEx, ESMF_RHandleFromRHandleEx.F90, line 660
20210424 063256.656 INFO             PET3 Finalizing ESMF
