build time -- 2021-04-23 16:54:19
[1619199825.873906] [h21c13:4915 :0]         mxm.c:196  MXM  WARN  The 'ulimit -s' on the system is set to 'unlimited'. This may have negative performance implications. Please set the stack size to the default value (10240) 
[1619199825.878350] [h21c13:4915 :0]         mxm.c:196  MXM  WARN  The 'ulimit -s' on the system is set to 'unlimited'. This may have negative performance implications. Please set the stack size to the default value (10240) 
[1619199825.873325] [h21c13:4917 :0]         mxm.c:196  MXM  WARN  The 'ulimit -s' on the system is set to 'unlimited'. This may have negative performance implications. Please set the stack size to the default value (10240) 
[1619199825.877748] [h21c13:4917 :0]         mxm.c:196  MXM  WARN  The 'ulimit -s' on the system is set to 'unlimited'. This may have negative performance implications. Please set the stack size to the default value (10240) 
[1619199825.878747] [h21c13:4918 :0]         mxm.c:196  MXM  WARN  The 'ulimit -s' on the system is set to 'unlimited'. This may have negative performance implications. Please set the stack size to the default value (10240) 
[1619199825.883116] [h21c13:4918 :0]         mxm.c:196  MXM  WARN  The 'ulimit -s' on the system is set to 'unlimited'. This may have negative performance implications. Please set the stack size to the default value (10240) 
[1619199825.878733] [h21c13:4916 :0]         mxm.c:196  MXM  WARN  The 'ulimit -s' on the system is set to 'unlimited'. This may have negative performance implications. Please set the stack size to the default value (10240) 
[1619199825.883111] [h21c13:4916 :0]         mxm.c:196  MXM  WARN  The 'ulimit -s' on the system is set to 'unlimited'. This may have negative performance implications. Please set the stack size to the default value (10240) 
 sumA =   0.700000048    
 sumB =   0.699999988    
 sumC =   0.900000036    
 sumD =   0.900000036    
 sumE =   0.899999976    
 result SRCSEQ#1 =   0.700000048      expect:   0.700000048    
 result SRCSEQ#2 =   0.700000048      expect:   0.700000048    
 result SRCPET#1 =   0.700000048      expect:   0.700000048    
 result SRCPET#2 =   0.699999988      expect:   0.699999988    
 result SRCPET#3 =   0.700000048      expect:   0.700000048    
 result SRCPET#4 =   0.699999988      expect:   0.699999988    
 result SRCPET#5 =   0.700000048      expect:   0.700000048    
 result SRCPET#6 =   0.700000048      expect:   0.700000048    
 result SRCPET#7 =   0.699999988      expect:   0.699999988    
 result SRCPET#8 =   0.900000036      expect:   0.900000036    
 result SRCPET#9 =   0.900000036      expect:   0.900000036    
 result SRCPET#10 =   0.899999976      expect:   0.899999976    
 SMM parameters determined via auto-tuning -> dump to file
 result SRCPET#11 =   0.899999976    
 SMM parameters successfully read from file
  srcTermProcessing=          20  pipelineDepth=           2  ==>> sumCompare=  0.899999976    
 result SRCPET#11 =   0.899999976      expect:   0.899999976    
 SMM parameters successfully read from file
  srcTermProcessing=          20  pipelineDepth=           2  ==>> sumCompare=  0.899999976    
 result SRCPET#11 =   0.899999976      expect:   0.899999976    
 SMM parameters successfully read from file
  srcTermProcessing=          20  pipelineDepth=           2  ==>> sumCompare=  0.899999976    
 result SRCPET#11 =   0.899999976      expect:   0.899999976    
 SMM parameters successfully read from file
  srcTermProcessing=          20  pipelineDepth=           2  ==>> sumCompare=  0.899999976    
 result SRCPET#11 =   0.899999976      expect:   0.899999976    
 result SRCSEQ#3 =   0.900000036      expect:   0.900000036    
  PASS  Example ESMF_RHandleBitForBitEx, ESMF_RHandleBitForBitEx.F90, line 1557
  PASS  Example ESMF_RHandleBitForBitEx, ESMF_RHandleBitForBitEx.F90, line 1557
  PASS  Example ESMF_RHandleBitForBitEx, ESMF_RHandleBitForBitEx.F90, line 1557
  PASS  Example ESMF_RHandleBitForBitEx, ESMF_RHandleBitForBitEx.F90, line 1557
 PASS: ESMF_RHandleBitForBitEx.F90
 PASS: ESMF_RHandleBitForBitEx.F90
 PASS: ESMF_RHandleBitForBitEx.F90
 PASS: ESMF_RHandleBitForBitEx.F90
