build time -- 2021-04-27 18:27:51
[1619550228.869019] [h32m24:81014:0]         mxm.c:196  MXM  WARN  The 'ulimit -s' on the system is set to 'unlimited'. This may have negative performance implications. Please set the stack size to the default value (10240) 
[1619550228.873324] [h32m24:81014:0]         mxm.c:196  MXM  WARN  The 'ulimit -s' on the system is set to 'unlimited'. This may have negative performance implications. Please set the stack size to the default value (10240) 
[1619550228.869113] [h32m24:81016:0]         mxm.c:196  MXM  WARN  The 'ulimit -s' on the system is set to 'unlimited'. This may have negative performance implications. Please set the stack size to the default value (10240) 
[1619550228.873402] [h32m24:81016:0]         mxm.c:196  MXM  WARN  The 'ulimit -s' on the system is set to 'unlimited'. This may have negative performance implications. Please set the stack size to the default value (10240) 
[1619550228.863535] [h32m24:81015:0]         mxm.c:196  MXM  WARN  The 'ulimit -s' on the system is set to 'unlimited'. This may have negative performance implications. Please set the stack size to the default value (10240) 
[1619550228.867840] [h32m24:81015:0]         mxm.c:196  MXM  WARN  The 'ulimit -s' on the system is set to 'unlimited'. This may have negative performance implications. Please set the stack size to the default value (10240) 
[1619550228.863499] [h32m24:81017:0]         mxm.c:196  MXM  WARN  The 'ulimit -s' on the system is set to 'unlimited'. This may have negative performance implications. Please set the stack size to the default value (10240) 
[1619550228.867817] [h32m24:81017:0]         mxm.c:196  MXM  WARN  The 'ulimit -s' on the system is set to 'unlimited'. This may have negative performance implications. Please set the stack size to the default value (10240) 
--- ESMCI::Array::print start ---
 Base name    = Array002
 Status: Base = Ready,  object = Ready
 Proxy        = no
 Root Info (Attributes):
--- ESMCI::Array::print start ---
 Base name    = Array002
 Status: Base = Ready,  object = Ready
 Proxy        = no
 Root Info (Attributes):
--- ESMCI::Array::print start ---
 Base name    = Array002
 Status: Base = Ready,  object = Ready
 Proxy        = no
 Root Info (Attributes):
--- ESMCI::Array::print start ---
 Base name    = Array002
 Status: Base = Ready,  object = Ready
 Proxy        = no
 Root Info (Attributes):
{}Array typekind/rank: Real*8 / 2 
~ lower class' values ~
DistGrid dimCount = 2
deCount = 4
localDeCount = 1
~ local data in LocalArray for DE 3 ~
LocalArrayPrint: Array at address 0x2658370:
            rank = 2, typekind = 6, base_addr = 0x2657a10
            dim[0] = 14  dim[1] = 14  
  Real, *8, Dim 2, Data values:
(-1,-1) =  36.71
( 0,-1) =  36.71
( 1,-1) =  36.71
( 2,-1) =  36.71
( 3,-1) =  36.71
( 4,-1) =  36.71
( 5,-1) =  36.71
( 6,-1) =  36.71
( 7,-1) =  36.71
( 8,-1) =  36.71
  skipping to end ...
( 3,12) =  36.71
( 4,12) =  36.71
( 5,12) =  36.71
( 6,12) =  36.71
( 7,12) =  36.71
( 8,12) =  36.71
( 9,12) =  36.71
(10,12) =  36.71
(11,12) =  36.71
(12,12) =  36.71
dim 1: [0]: [-1 [1 [1, 10] 10] 12]
dim 2: [1]: [-1 [1 [1, 10] 10] 12]
--- ESMCI::Array::print end ---
{}Array typekind/rank: Real*8 / 2 
~ lower class' values ~
DistGrid dimCount = 2
deCount = 4
localDeCount = 1
~ local data in LocalArray for DE 1 ~
LocalArrayPrint: Array at address 0x157ff90:
            rank = 2, typekind = 6, base_addr = 0x157f630
            dim[0] = 14  dim[1] = 14  
  Real, *8, Dim 2, Data values:
(-1,-1) =  36.71
( 0,-1) =  36.71
( 1,-1) =  36.71
( 2,-1) =  36.71
( 3,-1) =  36.71
( 4,-1) =  36.71
( 5,-1) =  36.71
( 6,-1) =  36.71
( 7,-1) =  36.71
( 8,-1) =  36.71
  skipping to end ...
( 3,12) =  36.71
( 4,12) =  36.71
( 5,12) =  36.71
( 6,12) =  36.71
( 7,12) =  36.71
( 8,12) =  36.71
( 9,12) =  36.71
(10,12) =  36.71
(11,12) =  36.71
(12,12) =  36.71
dim 1: [0]: [-1 [1 [1, 10] 10] 12]
dim 2: [1]: [-1 [1 [1, 10] 10] 12]
--- ESMCI::Array::print end ---
{}Array typekind/rank: Real*8 / 2 
~ lower class' values ~
DistGrid dimCount = 2
deCount = 4
localDeCount = 1
~ local data in LocalArray for DE 0 ~
LocalArrayPrint: Array at address 0x181b1d0:
            rank = 2, typekind = 6, base_addr = 0x181a870
            dim[0] = 14  dim[1] = 14  
  Real, *8, Dim 2, Data values:
(-1,-1) =  36.71
( 0,-1) =  36.71
( 1,-1) =  36.71
( 2,-1) =  36.71
( 3,-1) =  36.71
( 4,-1) =  36.71
( 5,-1) =  36.71
( 6,-1) =  36.71
( 7,-1) =  36.71
( 8,-1) =  36.71
  skipping to end ...
( 3,12) =  36.71
( 4,12) =  36.71
( 5,12) =  36.71
( 6,12) =  36.71
( 7,12) =  36.71
( 8,12) =  36.71
( 9,12) =  36.71
(10,12) =  36.71
(11,12) =  36.71
(12,12) =  36.71
dim 1: [0]: [-1 [1 [1, 10] 10] 12]
dim 2: [1]: [-1 [1 [1, 10] 10] 12]
--- ESMCI::Array::print end ---
{}Array typekind/rank: Real*8 / 2 
~ lower class' values ~
DistGrid dimCount = 2
deCount = 4
localDeCount = 1
~ local data in LocalArray for DE 2 ~
LocalArrayPrint: Array at address 0x1198ec0:
            rank = 2, typekind = 6, base_addr = 0x1198560
            dim[0] = 14  dim[1] = 14  
  Real, *8, Dim 2, Data values:
(-1,-1) =  36.71
( 0,-1) =  36.71
( 1,-1) =  36.71
( 2,-1) =  36.71
( 3,-1) =  36.71
( 4,-1) =  36.71
( 5,-1) =  36.71
( 6,-1) =  36.71
( 7,-1) =  36.71
( 8,-1) =  36.71
  skipping to end ...
( 3,12) =  36.71
( 4,12) =  36.71
( 5,12) =  36.71
( 6,12) =  36.71
( 7,12) =  36.71
( 8,12) =  36.71
( 9,12) =  36.71
(10,12) =  36.71
(11,12) =  36.71
(12,12) =  36.71
dim 1: [0]: [-1 [1 [1, 10] 10] 12]
dim 2: [1]: [-1 [1 [1, 10] 10] 12]
--- ESMCI::Array::print end ---
 localSum=   3671.0000000000027     
 localSum=   3671.0000000000027     
 localSum=   3671.0000000000027     
 localSum=   3671.0000000000027     
  PASS  Example ESMF_ArrayFarrayHaloEx, ESMF_ArrayFarrayHaloEx.F90, line 177
  PASS  Example ESMF_ArrayFarrayHaloEx, ESMF_ArrayFarrayHaloEx.F90, line 177
  PASS  Example ESMF_ArrayFarrayHaloEx, ESMF_ArrayFarrayHaloEx.F90, line 177
  PASS  Example ESMF_ArrayFarrayHaloEx, ESMF_ArrayFarrayHaloEx.F90, line 177
 PASS: ESMF_ArrayFarrayHaloEx.F90
 PASS: ESMF_ArrayFarrayHaloEx.F90
 PASS: ESMF_ArrayFarrayHaloEx.F90
 PASS: ESMF_ArrayFarrayHaloEx.F90
