build time -- 2021-04-24 14:29:54
[1619276560.357056] [h11c48:33963:0]         mxm.c:196  MXM  WARN  The 'ulimit -s' on the system is set to 'unlimited'. This may have negative performance implications. Please set the stack size to the default value (10240) 
[1619276560.361437] [h11c48:33963:0]         mxm.c:196  MXM  WARN  The 'ulimit -s' on the system is set to 'unlimited'. This may have negative performance implications. Please set the stack size to the default value (10240) 
[1619276560.351096] [h11c48:33964:0]         mxm.c:196  MXM  WARN  The 'ulimit -s' on the system is set to 'unlimited'. This may have negative performance implications. Please set the stack size to the default value (10240) 
[1619276560.355472] [h11c48:33964:0]         mxm.c:196  MXM  WARN  The 'ulimit -s' on the system is set to 'unlimited'. This may have negative performance implications. Please set the stack size to the default value (10240) 
[1619276560.356986] [h11c48:33965:0]         mxm.c:196  MXM  WARN  The 'ulimit -s' on the system is set to 'unlimited'. This may have negative performance implications. Please set the stack size to the default value (10240) 
[1619276560.361357] [h11c48:33965:0]         mxm.c:196  MXM  WARN  The 'ulimit -s' on the system is set to 'unlimited'. This may have negative performance implications. Please set the stack size to the default value (10240) 
[1619276560.351096] [h11c48:33966:0]         mxm.c:196  MXM  WARN  The 'ulimit -s' on the system is set to 'unlimited'. This may have negative performance implications. Please set the stack size to the default value (10240) 
[1619276560.355470] [h11c48:33966:0]         mxm.c:196  MXM  WARN  The 'ulimit -s' on the system is set to 'unlimited'. This may have negative performance implications. Please set the stack size to the default value (10240) 
 got same values back from GetInternalState as original
 got same values back from GetInternalState as original
 got same values back from GetInternalState as original
 got same values back from GetInternalState as original
  PASS  Example ESMF_InternalStateEx, ESMF_InternalStateEx.F90, line 132
  PASS  Example ESMF_InternalStateEx, ESMF_InternalStateEx.F90, line 132
  PASS  Example ESMF_InternalStateEx, ESMF_InternalStateEx.F90, line 132
  PASS  Example ESMF_InternalStateEx, ESMF_InternalStateEx.F90, line 132
 PASS: ESMF_InternalStateEx.F90
 PASS: ESMF_InternalStateEx.F90
 PASS: ESMF_InternalStateEx.F90
 PASS: ESMF_InternalStateEx.F90
