build time -- 2021-04-23 16:54:19
[1619199842.866225] [h21c13:7675 :0]         mxm.c:196  MXM  WARN  The 'ulimit -s' on the system is set to 'unlimited'. This may have negative performance implications. Please set the stack size to the default value (10240) 
[1619199842.870682] [h21c13:7675 :0]         mxm.c:196  MXM  WARN  The 'ulimit -s' on the system is set to 'unlimited'. This may have negative performance implications. Please set the stack size to the default value (10240) 
[1619199842.867482] [h21c13:7673 :0]         mxm.c:196  MXM  WARN  The 'ulimit -s' on the system is set to 'unlimited'. This may have negative performance implications. Please set the stack size to the default value (10240) 
[1619199842.871834] [h21c13:7673 :0]         mxm.c:196  MXM  WARN  The 'ulimit -s' on the system is set to 'unlimited'. This may have negative performance implications. Please set the stack size to the default value (10240) 
[1619199842.870947] [h21c13:7676 :0]         mxm.c:196  MXM  WARN  The 'ulimit -s' on the system is set to 'unlimited'. This may have negative performance implications. Please set the stack size to the default value (10240) 
[1619199842.875324] [h21c13:7676 :0]         mxm.c:196  MXM  WARN  The 'ulimit -s' on the system is set to 'unlimited'. This may have negative performance implications. Please set the stack size to the default value (10240) 
[1619199842.870968] [h21c13:7674 :0]         mxm.c:196  MXM  WARN  The 'ulimit -s' on the system is set to 'unlimited'. This may have negative performance implications. Please set the stack size to the default value (10240) 
[1619199842.875346] [h21c13:7674 :0]         mxm.c:196  MXM  WARN  The 'ulimit -s' on the system is set to 'unlimited'. This may have negative performance implications. Please set the stack size to the default value (10240) 
 localSum=   12345.600000000009     
 localSum=   12345.600000000009     
 localSum=   12345.600000000009     
 localSum=   987.64800000000002     
 localSum=   3654.3119999999990     
 localSum=   987.64800000000002     
 localSum=   3654.3119999999990     
  PASS  Example ESMF_ArrayLarrayEx, ESMF_ArrayLarrayEx.F90, line 325
  PASS  Example ESMF_ArrayLarrayEx, ESMF_ArrayLarrayEx.F90, line 325
 localSum=   987.64800000000002     
 localSum=   3654.3119999999990     
  PASS  Example ESMF_ArrayLarrayEx, ESMF_ArrayLarrayEx.F90, line 325
 localSum=   12345.600000000009     
 localSum=   987.64800000000002     
 localSum=   3654.3119999999990     
  PASS  Example ESMF_ArrayLarrayEx, ESMF_ArrayLarrayEx.F90, line 325
 PASS: ESMF_ArrayLarrayEx.F90
 PASS: ESMF_ArrayLarrayEx.F90
 PASS: ESMF_ArrayLarrayEx.F90
 PASS: ESMF_ArrayLarrayEx.F90
