build time -- 2021-04-23 17:24:57
 localPET=           0  localDE=           0 : array(           1 ,           1 )=   0.0000000000000000     
 localPET=           0  localDE=           0 : array(           1 ,           2 )=   0.0000000000000000     
 localPET=           0  localDE=           0 : array(           2 ,           1 )=   0.0000000000000000     
 localPET=           0  localDE=           0 : array(           2 ,           2 )=   0.0000000000000000     
 localPET=           0  localDE=           0 : array(           3 ,           1 )=   0.0000000000000000     
 localPET=           0  localDE=           0 : array(           3 ,           2 )=   1.3980432860952889E-076
 localPET=           0  localDE=           1 : array(           1 ,           1 )=   8.6811365549977082E-317
 localPET=           0  localDE=           1 : array(           2 ,           1 )=   8.8957586715511457E-317
 localPET=           0  localDE=           1 : array(           3 ,           1 )=   8.6932787123099027E-317
 localPET=           1  localDE=           0 : array(           1 ,           1 )=   1.7542524067698970E-316
 localPET=           1  localDE=           0 : array(           1 ,           2 )=   1.0609978956308559E-313
 localPET=           1  localDE=           0 : array(           2 ,           1 )=   2.1219957914593380E-314
 localPET=           1  localDE=           0 : array(           2 ,           2 )=   1.0609978957296690E-313
 localPET=           1  localDE=           1 : array(           1 ,           1 )=   1.7762489998277827E-316
 localPET=           1  localDE=           1 : array(           2 ,           1 )=   2.3257910490910381E-310
 localPET=           2  localDE=           0 : array(           1 ,           1 )=   0.0000000000000000     
 localPET=           2  localDE=           0 : array(           1 ,           2 )=   8.4879831663314175E-314
 localPET=           2  localDE=           0 : array(           2 ,           1 )=   4.2439915844008729E-314
 localPET=           2  localDE=           0 : array(           2 ,           2 )=   1.0609978956308559E-313
 localPET=           2  localDE=           0 : array(           3 ,           1 )=   8.4879831653432862E-314
 localPET=           2  localDE=           0 : array(           3 ,           2 )=   1.0609978957296690E-313
 localPET=           3  localDE=           0 : array(           1 ,           1 )=   1.2676317373327030E-316
 localPET=           3  localDE=           0 : array(           1 ,           2 )=   1.2688878498306898E-316
 localPET=           3  localDE=           0 : array(           2 ,           1 )=   2.3418417872821166E-310
 localPET=           3  localDE=           0 : array(           2 ,           2 )=   1.2675503153142684E-316
 localPet:            2 DE            2  [           1           3 ]
 localPet:            0 DE            0  [           1           3 ]
 localPet:            0 DE            4  [           1           3 ]
 localPet:            3 DE            3  [           1           2 ]
 localPet:            1 DE            1  [           1           2 ]
 localPet:            1 DE            5  [           1           2 ]
  PASS  Example ESMF_ArrayEx, ESMF_ArrayEx.F90, line 1899
 PASS: ESMF_ArrayEx.F90
  PASS  Example ESMF_ArrayEx, ESMF_ArrayEx.F90, line 1899
 PASS: ESMF_ArrayEx.F90
  PASS  Example ESMF_ArrayEx, ESMF_ArrayEx.F90, line 1899
 PASS: ESMF_ArrayEx.F90
  PASS  Example ESMF_ArrayEx, ESMF_ArrayEx.F90, line 1899
 PASS: ESMF_ArrayEx.F90
