build time -- 2021-04-23 02:31:19.034868
20210423 032144.120 INFO             PET0 !!!!!!!!!!!!!!!!!!!!!!!!!!!!!!!!!!!!!!!!!!!!!!!!!!!!!!
20210423 032144.120 INFO             PET0 !!! THE ESMF_LOG IS SET TO OUTPUT ALL LOG MESSAGES !!!
20210423 032144.120 INFO             PET0 !!!     THIS MAY CAUSE SLOWDOWN IN PERFORMANCE     !!!
20210423 032144.120 INFO             PET0 !!! FOR PRODUCTION RUNS, USE:                      !!!
20210423 032144.120 INFO             PET0 !!!                   ESMF_LOGKIND_Multi_On_Error  !!!
20210423 032144.120 INFO             PET0 !!!!!!!!!!!!!!!!!!!!!!!!!!!!!!!!!!!!!!!!!!!!!!!!!!!!!!
20210423 032144.120 INFO             PET0 Running with ESMF Version   : ESMF_8_2_0_beta_snapshot_05-2-g3f3d15a0c7
20210423 032144.120 INFO             PET0 ESMF library build date/time: "Apr 23 2021" "02:30:04"
20210423 032144.120 INFO             PET0 ESMF library build location : /gpfsm/dnb04/projects/p98/mpotts/esmf/gfortran_8.3.0_mpiuni_g_develop
20210423 032144.120 INFO             PET0 ESMF_COMM                   : mpiuni
20210423 032144.120 INFO             PET0 ESMF_MOAB                   : enabled
20210423 032144.120 INFO             PET0 ESMF_LAPACK                 : enabled
20210423 032144.120 INFO             PET0 ESMF_NETCDF                 : disabled
20210423 032144.120 INFO             PET0 ESMF_PNETCDF                : disabled
20210423 032144.120 INFO             PET0 ESMF_PIO                    : disabled
20210423 032144.120 INFO             PET0 ESMF_YAMLCPP                : enabled
20210423 032144.120 INFO             PET0  NUMBER_OF_PROCESSORS           1
20210423 032144.120 INFO             PET0  PASS  Example ESMF_VMNonBlockingEx, ESMF_VMNonBlockingEx.F90, line 280
20210423 032144.120 INFO             PET0 Finalizing ESMF
