build time -- 2021-04-28 13:22:27.509221
20210428 135329.188 INFO             PET0 !!!!!!!!!!!!!!!!!!!!!!!!!!!!!!!!!!!!!!!!!!!!!!!!!!!!!!
20210428 135329.188 INFO             PET0 !!! THE ESMF_LOG IS SET TO OUTPUT ALL LOG MESSAGES !!!
20210428 135329.188 INFO             PET0 !!!     THIS MAY CAUSE SLOWDOWN IN PERFORMANCE     !!!
20210428 135329.188 INFO             PET0 !!! FOR PRODUCTION RUNS, USE:                      !!!
20210428 135329.188 INFO             PET0 !!!                   ESMF_LOGKIND_Multi_On_Error  !!!
20210428 135329.188 INFO             PET0 !!!!!!!!!!!!!!!!!!!!!!!!!!!!!!!!!!!!!!!!!!!!!!!!!!!!!!
20210428 135329.188 INFO             PET0 Running with ESMF Version   : ESMF_8_2_0_beta_snapshot_05-6-gb8c1a7077f
20210428 135329.189 INFO             PET0 ESMF library build date/time: "Apr 28 2021" "13:20:01"
20210428 135329.189 INFO             PET0 ESMF library build location : /scratch/mpotts/intel_20.0.1_mpiuni_O_develop
20210428 135329.189 INFO             PET0 ESMF_COMM                   : mpiuni
20210428 135329.189 INFO             PET0 ESMF_MOAB                   : enabled
20210428 135329.189 INFO             PET0 ESMF_LAPACK                 : enabled
20210428 135329.189 INFO             PET0 ESMF_NETCDF                 : enabled
20210428 135329.189 INFO             PET0 ESMF_PNETCDF                : disabled
20210428 135329.189 INFO             PET0 ESMF_PIO                    : disabled
20210428 135329.189 INFO             PET0 ESMF_YAMLCPP                : enabled
20210428 135329.189 INFO             PET0  NUMBER_OF_PROCESSORS           1
20210428 135329.189 INFO             PET0  PASS  Example ESMF_VMScatterVMGatherEx, ESMF_VMScatterVMGatherEx.F90, line 120
20210428 135329.189 INFO             PET0 Finalizing ESMF
