build time -- 2021-04-25 05:44:36.205446
20210425 060732.253 INFO             PET0 !!!!!!!!!!!!!!!!!!!!!!!!!!!!!!!!!!!!!!!!!!!!!!!!!!!!!!
20210425 060732.253 INFO             PET0 !!! THE ESMF_LOG IS SET TO OUTPUT ALL LOG MESSAGES !!!
20210425 060732.253 INFO             PET0 !!!     THIS MAY CAUSE SLOWDOWN IN PERFORMANCE     !!!
20210425 060732.253 INFO             PET0 !!! FOR PRODUCTION RUNS, USE:                      !!!
20210425 060732.253 INFO             PET0 !!!                   ESMF_LOGKIND_Multi_On_Error  !!!
20210425 060732.253 INFO             PET0 !!!!!!!!!!!!!!!!!!!!!!!!!!!!!!!!!!!!!!!!!!!!!!!!!!!!!!
20210425 060732.253 INFO             PET0 Running with ESMF Version   : ESMF_8_2_0_beta_snapshot_05-4-g394ef51454
20210425 060732.253 INFO             PET0 ESMF library build date/time: "Apr 25 2021" "05:43:04"
20210425 060732.253 INFO             PET0 ESMF library build location : /glade/scratch/mpotts/gfortran_10.1.0_openmpi_O_develop
20210425 060732.253 INFO             PET0 ESMF_COMM                   : openmpi
20210425 060732.253 INFO             PET0 ESMF_MOAB                   : enabled
20210425 060732.253 INFO             PET0 ESMF_LAPACK                 : enabled
20210425 060732.253 INFO             PET0 ESMF_NETCDF                 : enabled
20210425 060732.253 INFO             PET0 ESMF_PNETCDF                : disabled
20210425 060732.253 INFO             PET0 ESMF_PIO                    : enabled
20210425 060732.253 INFO             PET0 ESMF_YAMLCPP                : enabled
20210425 060732.255 INFO             PET0  NUMBER_OF_PROCESSORS           1
20210425 060732.255 INFO             PET0  PASS  Example ESMF_XGridSparseMatEx, ESMF_XGridSparseMatEx.F90, line 642
20210425 060732.255 INFO             PET0 Finalizing ESMF
