build time -- 2021-04-28 12:16:50.214429
--- ESMCI::ArrayBundle::print start ---
ArrayBundle: MyArrayBundle
arrayCount = 3
--- ESMCI::ArrayBundle::print start ---
ArrayBundle: MyArrayBundle
arrayCount = 3
Container::print() multipmap:item=0 key=AonFly value=0x24bdf00
Container::print() multipmap:item=1 key=Array002 value=0x24b9d40
--- ESMCI::ArrayBundle::print start ---
ArrayBundle: MyArrayBundle
arrayCount = 3
Container::print() multipmap:item=0 key=AonFly value=0x1ea3c60
Container::print() multipmap:item=1 key=Array002 value=0x1ea0850
Container::print() multipmap:item=2 key=Array003 value=0x1ea1380
Container::print()      list:item=0 key=Array002 value=0x1ea0850
Container::print()      list:item=1 key=Array003 value=0x1ea1380
--- ESMCI::ArrayBundle::print start ---
ArrayBundle: MyArrayBundle
arrayCount = 3
Container::print() multipmap:item=0 key=AonFly value=0x10a7c30
Container::print() multipmap:item=1 key=Array002 value=0x10a4870
Container::print() multipmap:item=2 key=Array003 value=0x10a5370
Container::print()      list:item=0 key=Array002 value=0x10a4870
Container::print()      list:item=1 key=Array003 value=0x10a5370
Container::print()      list:item=2 key=AonFly value=0x10a7c30
--- ESMCI::ArrayBundle::print end ---
Container::print() multipmap:item=0 key=AonFly value=0x16def50
Container::print() multipmap:item=1 key=Array002 value=0x16dad40
Container::print() multipmap:item=2 key=Array003 value=0x16dbbc0
Container::print()      list:item=0 key=Array002 value=0x16dad40
Container::print()      list:item=1 key=Array003 value=0x16dbbc0
Container::print()      list:item=2 key=AonFly value=0x16def50
--- ESMCI::ArrayBundle::print end ---
Container::print() multipmap:item=2 key=Array003 value=0x24bab90
Container::print()      list:item=0 key=Array002 value=0x24b9d40
Container::print()      list:item=1 key=Array003 value=0x24bab90
Container::print()      list:item=2 key=AonFly value=0x24bdf00
--- ESMCI::ArrayBundle::print end ---
Container::print()      list:item=2 key=AonFly value=0x1ea3c60
--- ESMCI::ArrayBundle::print end ---
--- ESMCI::Array::print start ---
 Base name    = AonFly
 Status: Base = Ready,  object = Ready
 Proxy        = no
 Root Info (Attributes):
--- ESMCI::Array::print start ---
 Base name    = AonFly
 Status: Base = Ready,  object = Ready
 Proxy        = no
 Root Info (Attributes):
--- ESMCI::Array::print start ---
 Base name    = AonFly
 Status: Base = Ready,  object = Ready
 Proxy        = no
 Root Info (Attributes):
--- ESMCI::Array::print start ---
 Base name    = AonFly
 Status: Base = Ready,  object = Ready
 Proxy        = no
 Root Info (Attributes):
{}{}{}{}Array typekind/rank: Real*4 / 2 
Array typekind/rank: Real*4 / 2 
~ lower class' values ~
Array typekind/rank: Real*4 / 2 
~ lower class' values ~
DistGrid dimCount = 2
deCount = 6
Array typekind/rank: Real*4 / 2 
~ lower class' values ~
DistGrid dimCount = 2
deCount = 6
localDeCount = 1
~ local data in LocalArray for DE 3 ~
~ lower class' values ~
DistGrid dimCount = 2
deCount = 6
localDeCount = 1
~ local data in LocalArray for DE 2 ~
LocalArrayPrint: Array at address 0x10a7900:
            rank = 2, typekind = 5, base_addr = 0x10a78e0
            dim[0] = 2  dim[1] = 2  
  Real, *4, Dim 2, Data values:
DistGrid dimCount = 2
deCount = 6
localDeCount = 2
~ local data in LocalArray for DE 0 ~
LocalArrayPrint: Array at address 0x16de8f0:
            rank = 2, typekind = 5, base_addr = 0x16de870
            dim[0] = 3  dim[1] = 2  
  Real, *4, Dim 2, Data values:
localDeCount = 2
~ local data in LocalArray for DE 1 ~
LocalArrayPrint: Array at address 0x24bd8a0:
            rank = 2, typekind = 5, base_addr = 0x24bd820
            dim[0] = 2  dim[1] = 2  
  Real, *4, Dim 2, Data values:
LocalArrayPrint: Array at address 0x1ea3930:
            rank = 2, typekind = 5, base_addr = 0x1ea3910
            dim[0] = 3  dim[1] = 2  
  Real, *4, Dim 2, Data values:
( 1, 1) =  1.49761e-37
( 2, 1) =  0
( 1, 2) =  0
( 1, 1) =  2.54331e-38
( 2, 1) =  0
( 1, 2) =  0
( 2, 2) =  0
( 1, 1) =  4.36968e-38
( 2, 1) =  0
( 3, 1) =  0
( 1, 2) =  0
( 1, 1) =  8.60395e-38
( 2, 1) =  0
( 3, 1) =  0
( 1, 2) =  0
( 2, 2) =  0
( 2, 2) =  0
( 3, 2) =  0
dim 1: [0]: [1 [1 [1, 3] 3] 3]
dim 2: [1]: [1 [1 [1, 2] 2] 2]
~ local data in LocalArray for DE 4 ~
LocalArrayPrint: Array at address 0x16dec20:
            rank = 2, typekind = 5, base_addr = 0x16de890
( 2, 2) =  0
dim 1: [0]: [1 [1 [1, 2] 2] 2]
dim 2: [1]: [1 [1 [1, 2] 2] 2]
~ local data in LocalArray for DE 5 ~
LocalArrayPrint: Array at address 0x24bdbd0:
            rank = 2, typekind = 5, base_addr = 0x24bd840
            dim[0] = 2  dim[1] = 1  
  Real, *4, Dim 2, Data values:
( 1, 1) =  1.49762e-37
( 2, 1) =  0
dim 1: [0]: [1 [1 [1, 2] 2] 2]
dim 2: [1]: [1 [1 [1, 2] 2] 2]
--- ESMCI::Array::print end ---
--- ESMCI::Array::print start ---
 Base name    = Array002
 Status: Base = Ready,  object = Ready
 Proxy        = no
 Root Info (Attributes):
{}Array typekind/rank: Real*8 / 2 
( 3, 2) =  0
dim 1: [0]: [1 [1 [1, 3] 3] 3]
dim 2: [1]: [1 [1 [1, 2] 2] 2]
--- ESMCI::Array::print end ---
--- ESMCI::Array::print start ---
 Base name    = Array002
 Status: Base = Ready,  object = Ready
 Proxy        = no
 Root Info (Attributes):
{}~ lower class' values ~
DistGrid dimCount = 2
deCount = 6
localDeCount = 1
~ local data in LocalArray for DE 3 ~
LocalArrayPrint: Array at address 0x10a4540:
            dim[0] = 3  dim[1] = 1  
  Real, *4, Dim 2, Data values:
( 1, 1) =  4.36969e-38
( 2, 1) =  0
( 3, 1) =  0
dim 1: [0]: [1 [1 [1, 3] 3] 3]
dim 2: [1]: [1 [1 [1, 1] 1] 1]
--- ESMCI::Array::print end ---
dim 1: [0]: [1 [1 [1, 2] 2] 2]
dim 2: [1]: [1 [1 [1, 1] 1] 1]
--- ESMCI::Array::print end ---
--- ESMCI::Array::print start ---
 Base name    = Array002
 Status: Base = Ready,  object = Ready
 Proxy        = no
 Root Info (Attributes):
Array typekind/rank: Real*8 / 2 
~ lower class' values ~
DistGrid dimCount = 2
deCount = 6
localDeCount = 1
~ local data in LocalArray for DE 2 ~
{}Array typekind/rank: Real*8 / 2 
~ lower class' values ~
DistGrid dimCount = 2
            rank = 2, typekind = 6, base_addr = 0x10a12d0
            dim[0] = 2  dim[1] = 2  
  Real, *8, Dim 2, Data values:
( 1, 1) =  8.61517e-317
( 2, 1) =  4.24399e-314
--- ESMCI::Array::print start ---
 Base name    = Array002
 Status: Base = Ready,  object = Ready
 Proxy        = no
 Root Info (Attributes):
{}LocalArrayPrint: Array at address 0x1ea0520:
            rank = 2, typekind = 6, base_addr = 0x1e9d330
            dim[0] = 3  dim[1] = 2  
  Real, *8, Dim 2, Data values:
( 1, 1) =  1.58658e-316
( 2, 1) =  4.24399e-314
( 3, 1) =  4.24399e-314
Array typekind/rank: Real*8 / 2 
~ lower class' values ~
DistGrid dimCount = 2
deCount = 6
localDeCount = 2
~ local data in LocalArray for DE 0 ~
LocalArrayPrint: Array at address 0x16da6c0:
            rank = 2, typekind = 6, base_addr = 0x16da0c0
deCount = 6
localDeCount = 2
~ local data in LocalArray for DE 1 ~
LocalArrayPrint: Array at address 0x24b96c0:
            rank = 2, typekind = 6, base_addr = 0x24b63d0
            dim[0] = 2  dim[1] = 2  
  Real, *8, Dim 2, Data values:
( 1, 1) =  1.90191e-316
( 2, 1) =  4.24399e-314
( 1, 2) =  0
( 1, 2) =  0
( 2, 2) =  0
dim 1: [0]: [1 [1 [1, 2] 2] 2]
dim 2: [1]: [1 [1 [1, 2] 2] 2]
--- ESMCI::Array::print end ---
--- ESMCI::Array::print start ---
 Base name    = Array003
 Status: Base = Ready,  object = Ready
 Proxy        = no
 Root Info (Attributes):
{}( 1, 2) =  4.24399e-314
( 2, 2) =  2.122e-314
( 3, 2) =  2.122e-314
dim 1: [0]: [1 [1 [1, 3] 3] 3]
dim 2: [1]: [1 [1 [1, 2] 2] 2]
Array typekind/rank: Real*8 / 2 
~ lower class' values ~
DistGrid dimCount = 2
deCount = 6
localDeCount = 1
~ local data in LocalArray for DE 3 ~
LocalArrayPrint: Array at address 0x10a5010:
            dim[0] = 3  dim[1] = 2  
  Real, *8, Dim 2, Data values:
( 1, 1) =  1.18388e-316
( 2, 1) =  4.24399e-314
( 3, 1) =  4.24399e-314
( 1, 2) =  4.24399e-314
( 2, 2) =  2.122e-314
( 2, 2) =  0
dim 1: [0]: [1 [1 [1, 2] 2] 2]
dim 2: [1]: [1 [1 [1, 2] 2] 2]
~ local data in LocalArray for DE 5 ~
LocalArrayPrint: Array at address 0x24b99f0:
            rank = 2, typekind = 6, base_addr = 0x24b9d20
            dim[0] = 2  dim[1] = 1  
  Real, *8, Dim 2, Data values:
( 1, 1) =  0
( 2, 1) =  0
--- ESMCI::Array::print end ---
--- ESMCI::Array::print start ---
 Base name    = Array003
 Status: Base = Ready,  object = Ready
 Proxy        = no
 Root Info (Attributes):
{}Array typekind/rank: Real*8 / 2 
~ lower class' values ~
DistGrid dimCount = 2
dim 1: [0]: [1 [1 [1, 2] 2] 2]
dim 2: [1]: [1 [1 [1, 1] 1] 1]
--- ESMCI::Array::print end ---
--- ESMCI::Array::print start ---
 Base name    = Array003
 Status: Base = Ready,  object = Ready
 Proxy        = no
 Root Info (Attributes):
{}Array typekind/rank: Real*8 / 2 
~ lower class' values ~
            rank = 2, typekind = 6, base_addr = 0x10a5340
            dim[0] = 2  dim[1] = 2  
  Real, *8, Dim 2, Data values:
( 1, 1) =  0
( 2, 1) =  0
( 1, 2) =  0
( 2, 2) =  0
dim 1: [0]: [1 [1 [1, 2] 2] 2]
dim 2: [1]: [1 [1 [1, 2] 2] 2]
--- ESMCI::Array::print end ---
( 3, 2) =  2.122e-314
dim 1: [0]: [1 [1 [1, 3] 3] 3]
dim 2: [1]: [1 [1 [1, 2] 2] 2]
~ local data in LocalArray for DE 4 ~
LocalArrayPrint: Array at address 0x16da9f0:
            rank = 2, typekind = 6, base_addr = 0x16dad20
            dim[0] = 3  dim[1] = 1  
  Real, *8, Dim 2, Data values:
( 1, 1) =  0
( 2, 1) =  0
( 3, 1) =  0
dim 1: [0]: [1 [1 [1, 3] 3] 3]
deCount = 6
localDeCount = 1
~ local data in LocalArray for DE 2 ~
LocalArrayPrint: Array at address 0x1ea1010:
            rank = 2, typekind = 6, base_addr = 0x1ea1340
            dim[0] = 3  dim[1] = 2  
  Real, *8, Dim 2, Data values:
( 1, 1) =  0
( 2, 1) =  0
( 3, 1) =  0
( 1, 2) =  0
( 2, 2) =  0
( 3, 2) =  0
dim 2: [1]: [1 [1 [1, 1] 1] 1]
--- ESMCI::Array::print end ---
--- ESMCI::Array::print start ---
 Base name    = Array003
 Status: Base = Ready,  object = Ready
 Proxy        = no
 Root Info (Attributes):
DistGrid dimCount = 2
deCount = 6
localDeCount = 2
~ local data in LocalArray for DE 1 ~
LocalArrayPrint: Array at address 0x24ba500:
            rank = 2, typekind = 6, base_addr = 0x24ba830
            dim[0] = 2  dim[1] = 2  
  Real, *8, Dim 2, Data values:
( 1, 1) =  0
( 2, 1) =  0
dim 1: [0]: [1 [1 [1, 3] 3] 3]
dim 2: [1]: [1 [1 [1, 2] 2] 2]
--- ESMCI::Array::print end ---
( 1, 2) =  0
( 2, 2) =  0
dim 1: [0]: [1 [1 [1, 2] 2] 2]
dim 2: [1]: [1 [1 [1, 2] 2] 2]
{}Array typekind/rank: Real*8 / 2 
~ lower class' values ~
DistGrid dimCount = 2
  PASS  Example ESMF_ArrayBundleEx, ESMF_ArrayBundleEx.F90, line 267
~ local data in LocalArray for DE 5 ~
LocalArrayPrint: Array at address 0x24ba860:
deCount = 6
localDeCount = 2
            rank = 2, typekind = 6, base_addr = 0x24ba480
            dim[0] = 2  dim[1] = 1  
  Real, *8, Dim 2, Data values:
( 1, 1) =  1.90273e-316
( 2, 1) =  0
~ local data in LocalArray for DE 0 ~
LocalArrayPrint: Array at address 0x16db520:
            rank = 2, typekind = 6, base_addr = 0x16db850
            dim[0] = 3  dim[1] = 2  
  Real, *8, Dim 2, Data values:
  PASS  Example ESMF_ArrayBundleEx, ESMF_ArrayBundleEx.F90, line 267
dim 1: [0]: [1 [1 [1, 2] 2] 2]
dim 2: [1]: [1 [1 [1, 1] 1] 1]
--- ESMCI::Array::print end ---
( 1, 1) =  0
( 2, 1) =  0
( 3, 1) =  0
( 1, 2) =  0
( 2, 2) =  0
( 3, 2) =  0
dim 1: [0]: [1 [1 [1, 3] 3] 3]
dim 2: [1]: [1 [1 [1, 2] 2] 2]
~ local data in LocalArray for DE 4 ~
LocalArrayPrint: Array at address 0x16db890:
  PASS  Example ESMF_ArrayBundleEx, ESMF_ArrayBundleEx.F90, line 267
            rank = 2, typekind = 6, base_addr = 0x16db4a0
            dim[0] = 3  dim[1] = 1  
  Real, *8, Dim 2, Data values:
( 1, 1) =  1.18412e-316
( 2, 1) =  0
( 3, 1) =  0
dim 1: [0]: [1 [1 [1, 3] 3] 3]
dim 2: [1]: [1 [1 [1, 1] 1] 1]
--- ESMCI::Array::print end ---
  PASS  Example ESMF_ArrayBundleEx, ESMF_ArrayBundleEx.F90, line 267
 PASS: ESMF_ArrayBundleEx.F90
 PASS: ESMF_ArrayBundleEx.F90
 PASS: ESMF_ArrayBundleEx.F90
 PASS: ESMF_ArrayBundleEx.F90
