build time -- 2021-04-25 06:54:51
20210425 071506.184 INFO             PET0 !!!!!!!!!!!!!!!!!!!!!!!!!!!!!!!!!!!!!!!!!!!!!!!!!!!!!!
20210425 071506.184 INFO             PET0 !!! THE ESMF_LOG IS SET TO OUTPUT ALL LOG MESSAGES !!!
20210425 071506.184 INFO             PET0 !!!     THIS MAY CAUSE SLOWDOWN IN PERFORMANCE     !!!
20210425 071506.184 INFO             PET0 !!! FOR PRODUCTION RUNS, USE:                      !!!
20210425 071506.184 INFO             PET0 !!!                   ESMF_LOGKIND_Multi_On_Error  !!!
20210425 071506.184 INFO             PET0 !!!!!!!!!!!!!!!!!!!!!!!!!!!!!!!!!!!!!!!!!!!!!!!!!!!!!!
20210425 071506.184 INFO             PET0 Running with ESMF Version   : ESMF_8_2_0_beta_snapshot_05-4-g394ef51
20210425 071506.184 INFO             PET0 ESMF library build date/time: "Apr 25 2021" "06:53:26"
20210425 071506.184 INFO             PET0 ESMF library build location : /p/work1/mpotts/intel_2019.4_mpt_O_develop
20210425 071506.184 INFO             PET0 ESMF_COMM                   : mpt
20210425 071506.185 INFO             PET0 ESMF_MOAB                   : enabled
20210425 071506.185 INFO             PET0 ESMF_LAPACK                 : enabled
20210425 071506.185 INFO             PET0 ESMF_NETCDF                 : enabled
20210425 071506.185 INFO             PET0 ESMF_PNETCDF                : disabled
20210425 071506.185 INFO             PET0 ESMF_PIO                    : enabled
20210425 071506.185 INFO             PET0 ESMF_YAMLCPP                : enabled
20210425 071506.186 INFO             PET0  NUMBER_OF_PROCESSORS           1
20210425 071506.186 INFO             PET0  PASS  Example ESMF_TimeEx, ESMF_TimeEx.F90, line 141
20210425 071506.186 INFO             PET0 Finalizing ESMF
20210425 071506.184 INFO             PET0 !!!!!!!!!!!!!!!!!!!!!!!!!!!!!!!!!!!!!!!!!!!!!!!!!!!!!!
20210425 071506.184 INFO             PET0 !!! THE ESMF_LOG IS SET TO OUTPUT ALL LOG MESSAGES !!!
20210425 071506.184 INFO             PET0 !!!     THIS MAY CAUSE SLOWDOWN IN PERFORMANCE     !!!
20210425 071506.184 INFO             PET0 !!! FOR PRODUCTION RUNS, USE:                      !!!
20210425 071506.184 INFO             PET0 !!!                   ESMF_LOGKIND_Multi_On_Error  !!!
20210425 071506.184 INFO             PET0 !!!!!!!!!!!!!!!!!!!!!!!!!!!!!!!!!!!!!!!!!!!!!!!!!!!!!!
20210425 071506.184 INFO             PET0 Running with ESMF Version   : ESMF_8_2_0_beta_snapshot_05-4-g394ef51
20210425 071506.184 INFO             PET0 ESMF library build date/time: "Apr 25 2021" "06:53:26"
20210425 071506.184 INFO             PET0 ESMF library build location : /p/work1/mpotts/intel_2019.4_mpt_O_develop
20210425 071506.184 INFO             PET0 ESMF_COMM                   : mpt
20210425 071506.185 INFO             PET0 ESMF_MOAB                   : enabled
20210425 071506.185 INFO             PET0 ESMF_LAPACK                 : enabled
20210425 071506.185 INFO             PET0 ESMF_NETCDF                 : enabled
20210425 071506.185 INFO             PET0 ESMF_PNETCDF                : disabled
20210425 071506.185 INFO             PET0 ESMF_PIO                    : enabled
20210425 071506.185 INFO             PET0 ESMF_YAMLCPP                : enabled
20210425 071506.186 INFO             PET0  NUMBER_OF_PROCESSORS           1
20210425 071506.186 INFO             PET0  PASS  Example ESMF_TimeEx, ESMF_TimeEx.F90, line 141
20210425 071506.186 INFO             PET0 Finalizing ESMF
