build time -- 2021-04-25 02:55:15
20210425 031927.564 INFO             PET0 !!!!!!!!!!!!!!!!!!!!!!!!!!!!!!!!!!!!!!!!!!!!!!!!!!!!!!
20210425 031927.564 INFO             PET0 !!! THE ESMF_LOG IS SET TO OUTPUT ALL LOG MESSAGES !!!
20210425 031927.564 INFO             PET0 !!!     THIS MAY CAUSE SLOWDOWN IN PERFORMANCE     !!!
20210425 031927.564 INFO             PET0 !!! FOR PRODUCTION RUNS, USE:                      !!!
20210425 031927.564 INFO             PET0 !!!                   ESMF_LOGKIND_Multi_On_Error  !!!
20210425 031927.564 INFO             PET0 !!!!!!!!!!!!!!!!!!!!!!!!!!!!!!!!!!!!!!!!!!!!!!!!!!!!!!
20210425 031927.564 INFO             PET0 Running with ESMF Version   : ESMF_8_2_0_beta_snapshot_05-4-g394ef51
20210425 031927.564 INFO             PET0 ESMF library build date/time: "Apr 25 2021" "02:53:54"
20210425 031927.564 INFO             PET0 ESMF library build location : /work/noaa/da/mpotts/sandbox/gfortran_8.3.0_mpiuni_g_develop
20210425 031927.564 INFO             PET0 ESMF_COMM                   : mpiuni
20210425 031927.564 INFO             PET0 ESMF_MOAB                   : enabled
20210425 031927.564 INFO             PET0 ESMF_LAPACK                 : enabled
20210425 031927.564 INFO             PET0 ESMF_NETCDF                 : enabled
20210425 031927.564 INFO             PET0 ESMF_PNETCDF                : disabled
20210425 031927.564 INFO             PET0 ESMF_PIO                    : disabled
20210425 031927.564 INFO             PET0 ESMF_YAMLCPP                : enabled
20210425 031927.565 INFO             PET0  NUMBER_OF_PROCESSORS           1
20210425 031927.565 INFO             PET0  PASS  Example ESMF_InternalStateModEx, ESMF_InternalStateModEx.F90, line 239
20210425 031927.565 INFO             PET0 Finalizing ESMF
